!SESSION 2022-10-08 17:54:46.572 -----------------------------------------------
eclipse.buildId=4.5.0.I20150603-2000
java.version=1.8.0_241
java.vendor=Oracle Corporation
BootLoader constants: OS=win32, ARCH=x86_64, WS=win32, NL=en_ID
Framework arguments:  -product org.eclipse.epp.package.jee.product -product org.eclipse.epp.package.jee.product
Command-line arguments:  -os win32 -ws win32 -arch x86_64 -product org.eclipse.epp.package.jee.product -data E:\selenium-webdriver -product org.eclipse.epp.package.jee.product

!ENTRY org.eclipse.egit.ui 2 0 2022-10-08 17:55:16.683
!MESSAGE Warning: The environment variable HOME is not set. The following directory will be used to store the Git
user global configuration and to define the default location to store repositories: 'C:\Users\Intro'. If this is
not correct please set the HOME environment variable and restart Eclipse. Otherwise Git for Windows and
EGit might behave differently since they see different configuration options.
This warning can be switched off on the Team > Git > Confirmations and Warnings preference page.

!ENTRY org.eclipse.epp.logging.aeri.ui 2 18 2022-10-08 17:56:21.390
!MESSAGE Updating the index from remote failed. Version: 1.0.0.v20150617-0732
!STACK 0
org.apache.lucene.index.IndexNotFoundException: no segments* file found in org.apache.lucene.store.MMapDirectory@C:\Users\Intro\AppData\Local\Temp\1665226581329-0 lockFactory=org.apache.lucene.store.NativeFSLockFactory@4553116b: files: []
	at org.apache.lucene.index.SegmentInfos$FindSegmentsFile.run(SegmentInfos.java:712)
	at org.apache.lucene.index.SegmentInfos$FindSegmentsFile.run(SegmentInfos.java:593)
	at org.apache.lucene.index.SegmentInfos.read(SegmentInfos.java:359)
	at org.apache.lucene.index.IndexWriter.addIndexes(IndexWriter.java:3132)
	at org.eclipse.epp.internal.logging.aeri.ui.log.ProblemsDatabaseService.replaceContent(ProblemsDatabaseService.java:175)
	at org.eclipse.epp.internal.logging.aeri.ui.log.ProblemsDatabaseUpdateJob.run(ProblemsDatabaseUpdateJob.java:71)
	at org.eclipse.core.internal.jobs.Worker.run(Worker.java:55)

!ENTRY org.eclipse.ui 4 4 2022-10-09 07:59:17.079
!MESSAGE The proxied handler for 'org.agileware.natural.cucumber.ui.CucumberExecutableExtensionFactory:org.eclipse.xtext.ui.refactoring.ui.IRenameElementHandler' could not be loaded

!ENTRY org.eclipse.ui 4 0 2022-10-09 07:59:19.745
!MESSAGE The proxied handler for 'org.agileware.natural.cucumber.ui.CucumberExecutableExtensionFactory:org.eclipse.xtext.ui.refactoring.ui.IRenameElementHandler' could not be loaded
!STACK 1
org.eclipse.core.runtime.CoreException: Guice configuration errors:

1) No implementation for org.eclipse.xtext.ui.refactoring.IReferenceUpdater was bound.
  while locating org.eclipse.xtext.ui.refactoring.IReferenceUpdater
    for field at org.eclipse.xtext.ui.refactoring.ui.DefaultLinkedPositionGroupCalculator.referenceUpdater(Unknown Source)
  while locating org.eclipse.xtext.ui.refactoring.ILinkedPositionGroupCalculator
    for field at org.eclipse.xtext.ui.refactoring.ui.RenameRefactoringController.linkedPositionGroupCalculator(Unknown Source)
  while locating org.eclipse.xtext.ui.refactoring.ui.RenameRefactoringController
    for field at org.eclipse.xtext.ui.refactoring.ui.DefaultRenameElementHandler.renameRefactoringController(Unknown Source)
  while locating org.eclipse.xtext.ui.refactoring.ui.IRenameElementHandler

2) No implementation for org.eclipse.xtext.ui.refactoring.ui.IRenameSupport$Factory was bound.
  while locating org.eclipse.xtext.ui.refactoring.ui.IRenameSupport$Factory
    for field at org.eclipse.xtext.ui.refactoring.ui.RenameRefactoringController.renameSupportFactory(Unknown Source)
  while locating org.eclipse.xtext.ui.refactoring.ui.RenameRefactoringController
    for field at org.eclipse.xtext.ui.refactoring.ui.DefaultRenameElementHandler.renameRefactoringController(Unknown Source)
  while locating org.eclipse.xtext.ui.refactoring.ui.IRenameElementHandler

2 errors ExtensionFactory: org.agileware.natural.cucumber.ui.CucumberExecutableExtensionFactory
	at org.eclipse.xtext.ui.guice.AbstractGuiceAwareExecutableExtensionFactory.create(AbstractGuiceAwareExecutableExtensionFactory.java:59)
	at org.eclipse.core.internal.registry.ConfigurationElement.createExecutableExtension(ConfigurationElement.java:262)
	at org.eclipse.core.internal.registry.ConfigurationElementHandle.createExecutableExtension(ConfigurationElementHandle.java:55)
	at org.eclipse.ui.internal.handlers.HandlerProxy.loadHandler(HandlerProxy.java:354)
	at org.eclipse.ui.internal.handlers.HandlerProxy.setEnabled(HandlerProxy.java:232)
	at org.eclipse.ui.internal.handlers.E4HandlerProxy.setEnabled(E4HandlerProxy.java:132)
	at sun.reflect.GeneratedMethodAccessor9.invoke(Unknown Source)
	at sun.reflect.DelegatingMethodAccessorImpl.invoke(Unknown Source)
	at java.lang.reflect.Method.invoke(Unknown Source)
	at org.eclipse.e4.core.internal.di.MethodRequestor.execute(MethodRequestor.java:56)
	at org.eclipse.e4.core.internal.di.InjectorImpl.invokeUsingClass(InjectorImpl.java:252)
	at org.eclipse.e4.core.internal.di.InjectorImpl.invoke(InjectorImpl.java:234)
	at org.eclipse.e4.core.contexts.ContextInjectionFactory.invoke(ContextInjectionFactory.java:132)
	at org.eclipse.e4.core.commands.internal.HandlerServiceHandler.setEnabled(HandlerServiceHandler.java:80)
	at org.eclipse.core.commands.Command.setEnabled(Command.java:875)
	at org.eclipse.e4.core.commands.internal.HandlerServiceImpl.canExecute(HandlerServiceImpl.java:179)
	at org.eclipse.e4.ui.workbench.renderers.swt.MenuManagerRendererFilter.updateElementVisibility(MenuManagerRendererFilter.java:217)
	at org.eclipse.e4.ui.workbench.renderers.swt.MenuManagerShowProcessor.showMenu(MenuManagerShowProcessor.java:230)
	at org.eclipse.e4.ui.workbench.renderers.swt.MenuManagerShowProcessor.menuAboutToHide(MenuManagerShowProcessor.java:110)
	at org.eclipse.jface.internal.MenuManagerEventHelper.showEventPostHelper(MenuManagerEventHelper.java:92)
	at org.eclipse.jface.action.MenuManager.handleAboutToShow(MenuManager.java:467)
	at org.eclipse.jface.action.MenuManager.access$1(MenuManager.java:461)
	at org.eclipse.jface.action.MenuManager$2.menuShown(MenuManager.java:493)
	at org.eclipse.swt.widgets.TypedListener.handleEvent(TypedListener.java:255)
	at org.eclipse.swt.widgets.EventTable.sendEvent(EventTable.java:84)
	at org.eclipse.swt.widgets.Display.sendEvent(Display.java:4362)
	at org.eclipse.swt.widgets.Widget.sendEvent(Widget.java:1113)
	at org.eclipse.swt.widgets.Widget.sendEvent(Widget.java:1137)
	at org.eclipse.swt.widgets.Widget.sendEvent(Widget.java:1118)
	at org.eclipse.swt.widgets.Control.WM_INITMENUPOPUP(Control.java:5023)
	at org.eclipse.swt.widgets.Control.windowProc(Control.java:4691)
	at org.eclipse.swt.widgets.Canvas.windowProc(Canvas.java:339)
	at org.eclipse.swt.widgets.Decorations.windowProc(Decorations.java:1633)
	at org.eclipse.swt.widgets.Shell.windowProc(Shell.java:2117)
	at org.eclipse.swt.widgets.Display.windowProc(Display.java:5050)
	at org.eclipse.swt.internal.win32.OS.TrackPopupMenu(Native Method)
	at org.eclipse.swt.widgets.Menu._setVisible(Menu.java:262)
	at org.eclipse.swt.widgets.Display.runPopups(Display.java:4221)
	at org.eclipse.swt.widgets.Display.readAndDispatch(Display.java:3763)
	at org.eclipse.e4.ui.internal.workbench.swt.PartRenderingEngine$4.run(PartRenderingEngine.java:1127)
	at org.eclipse.core.databinding.observable.Realm.runWithDefault(Realm.java:337)
	at org.eclipse.e4.ui.internal.workbench.swt.PartRenderingEngine.run(PartRenderingEngine.java:1018)
	at org.eclipse.e4.ui.internal.workbench.E4Workbench.createAndRunUI(E4Workbench.java:156)
	at org.eclipse.ui.internal.Workbench$5.run(Workbench.java:654)
	at org.eclipse.core.databinding.observable.Realm.runWithDefault(Realm.java:337)
	at org.eclipse.ui.internal.Workbench.createAndRunWorkbench(Workbench.java:598)
	at org.eclipse.ui.PlatformUI.createAndRunWorkbench(PlatformUI.java:150)
	at org.eclipse.ui.internal.ide.application.IDEApplication.start(IDEApplication.java:139)
	at org.eclipse.equinox.internal.app.EclipseAppHandle.run(EclipseAppHandle.java:196)
	at org.eclipse.core.runtime.internal.adaptor.EclipseAppLauncher.runApplication(EclipseAppLauncher.java:134)
	at org.eclipse.core.runtime.internal.adaptor.EclipseAppLauncher.start(EclipseAppLauncher.java:104)
	at org.eclipse.core.runtime.adaptor.EclipseStarter.run(EclipseStarter.java:380)
	at org.eclipse.core.runtime.adaptor.EclipseStarter.run(EclipseStarter.java:235)
	at sun.reflect.NativeMethodAccessorImpl.invoke0(Native Method)
	at sun.reflect.NativeMethodAccessorImpl.invoke(Unknown Source)
	at sun.reflect.DelegatingMethodAccessorImpl.invoke(Unknown Source)
	at java.lang.reflect.Method.invoke(Unknown Source)
	at org.eclipse.equinox.launcher.Main.invokeFramework(Main.java:669)
	at org.eclipse.equinox.launcher.Main.basicRun(Main.java:608)
	at org.eclipse.equinox.launcher.Main.run(Main.java:1515)
Caused by: com.google.inject.ConfigurationException: Guice configuration errors:

1) No implementation for org.eclipse.xtext.ui.refactoring.IReferenceUpdater was bound.
  while locating org.eclipse.xtext.ui.refactoring.IReferenceUpdater
    for field at org.eclipse.xtext.ui.refactoring.ui.DefaultLinkedPositionGroupCalculator.referenceUpdater(Unknown Source)
  while locating org.eclipse.xtext.ui.refactoring.ILinkedPositionGroupCalculator
    for field at org.eclipse.xtext.ui.refactoring.ui.RenameRefactoringController.linkedPositionGroupCalculator(Unknown Source)
  while locating org.eclipse.xtext.ui.refactoring.ui.RenameRefactoringController
    for field at org.eclipse.xtext.ui.refactoring.ui.DefaultRenameElementHandler.renameRefactoringController(Unknown Source)
  while locating org.eclipse.xtext.ui.refactoring.ui.IRenameElementHandler

2) No implementation for org.eclipse.xtext.ui.refactoring.ui.IRenameSupport$Factory was bound.
  while locating org.eclipse.xtext.ui.refactoring.ui.IRenameSupport$Factory
    for field at org.eclipse.xtext.ui.refactoring.ui.RenameRefactoringController.renameSupportFactory(Unknown Source)
  while locating org.eclipse.xtext.ui.refactoring.ui.RenameRefactoringController
    for field at org.eclipse.xtext.ui.refactoring.ui.DefaultRenameElementHandler.renameRefactoringController(Unknown Source)
  while locating org.eclipse.xtext.ui.refactoring.ui.IRenameElementHandler

2 errors
	at com.google.inject.internal.InjectorImpl.getProvider(InjectorImpl.java:1004)
	at com.google.inject.internal.InjectorImpl.getProvider(InjectorImpl.java:961)
	at com.google.inject.internal.InjectorImpl.getInstance(InjectorImpl.java:1013)
	at org.eclipse.xtext.ui.guice.AbstractGuiceAwareExecutableExtensionFactory.create(AbstractGuiceAwareExecutableExtensionFactory.java:52)
	... 59 more
!SUBENTRY 1 org.agileware.natural.cucumber.ui 4 0 2022-10-09 07:59:19.773
!MESSAGE Guice configuration errors:

1) No implementation for org.eclipse.xtext.ui.refactoring.IReferenceUpdater was bound.
  while locating org.eclipse.xtext.ui.refactoring.IReferenceUpdater
    for field at org.eclipse.xtext.ui.refactoring.ui.DefaultLinkedPositionGroupCalculator.referenceUpdater(Unknown Source)
  while locating org.eclipse.xtext.ui.refactoring.ILinkedPositionGroupCalculator
    for field at org.eclipse.xtext.ui.refactoring.ui.RenameRefactoringController.linkedPositionGroupCalculator(Unknown Source)
  while locating org.eclipse.xtext.ui.refactoring.ui.RenameRefactoringController
    for field at org.eclipse.xtext.ui.refactoring.ui.DefaultRenameElementHandler.renameRefactoringController(Unknown Source)
  while locating org.eclipse.xtext.ui.refactoring.ui.IRenameElementHandler

2) No implementation for org.eclipse.xtext.ui.refactoring.ui.IRenameSupport$Factory was bound.
  while locating org.eclipse.xtext.ui.refactoring.ui.IRenameSupport$Factory
    for field at org.eclipse.xtext.ui.refactoring.ui.RenameRefactoringController.renameSupportFactory(Unknown Source)
  while locating org.eclipse.xtext.ui.refactoring.ui.RenameRefactoringController
    for field at org.eclipse.xtext.ui.refactoring.ui.DefaultRenameElementHandler.renameRefactoringController(Unknown Source)
  while locating org.eclipse.xtext.ui.refactoring.ui.IRenameElementHandler

2 errors ExtensionFactory: org.agileware.natural.cucumber.ui.CucumberExecutableExtensionFactory
!STACK 0
com.google.inject.ConfigurationException: Guice configuration errors:

1) No implementation for org.eclipse.xtext.ui.refactoring.IReferenceUpdater was bound.
  while locating org.eclipse.xtext.ui.refactoring.IReferenceUpdater
    for field at org.eclipse.xtext.ui.refactoring.ui.DefaultLinkedPositionGroupCalculator.referenceUpdater(Unknown Source)
  while locating org.eclipse.xtext.ui.refactoring.ILinkedPositionGroupCalculator
    for field at org.eclipse.xtext.ui.refactoring.ui.RenameRefactoringController.linkedPositionGroupCalculator(Unknown Source)
  while locating org.eclipse.xtext.ui.refactoring.ui.RenameRefactoringController
    for field at org.eclipse.xtext.ui.refactoring.ui.DefaultRenameElementHandler.renameRefactoringController(Unknown Source)
  while locating org.eclipse.xtext.ui.refactoring.ui.IRenameElementHandler

2) No implementation for org.eclipse.xtext.ui.refactoring.ui.IRenameSupport$Factory was bound.
  while locating org.eclipse.xtext.ui.refactoring.ui.IRenameSupport$Factory
    for field at org.eclipse.xtext.ui.refactoring.ui.RenameRefactoringController.renameSupportFactory(Unknown Source)
  while locating org.eclipse.xtext.ui.refactoring.ui.RenameRefactoringController
    for field at org.eclipse.xtext.ui.refactoring.ui.DefaultRenameElementHandler.renameRefactoringController(Unknown Source)
  while locating org.eclipse.xtext.ui.refactoring.ui.IRenameElementHandler

2 errors
	at com.google.inject.internal.InjectorImpl.getProvider(InjectorImpl.java:1004)
	at com.google.inject.internal.InjectorImpl.getProvider(InjectorImpl.java:961)
	at com.google.inject.internal.InjectorImpl.getInstance(InjectorImpl.java:1013)
	at org.eclipse.xtext.ui.guice.AbstractGuiceAwareExecutableExtensionFactory.create(AbstractGuiceAwareExecutableExtensionFactory.java:52)
	at org.eclipse.core.internal.registry.ConfigurationElement.createExecutableExtension(ConfigurationElement.java:262)
	at org.eclipse.core.internal.registry.ConfigurationElementHandle.createExecutableExtension(ConfigurationElementHandle.java:55)
	at org.eclipse.ui.internal.handlers.HandlerProxy.loadHandler(HandlerProxy.java:354)
	at org.eclipse.ui.internal.handlers.HandlerProxy.setEnabled(HandlerProxy.java:232)
	at org.eclipse.ui.internal.handlers.E4HandlerProxy.setEnabled(E4HandlerProxy.java:132)
	at sun.reflect.GeneratedMethodAccessor9.invoke(Unknown Source)
	at sun.reflect.DelegatingMethodAccessorImpl.invoke(Unknown Source)
	at java.lang.reflect.Method.invoke(Unknown Source)
	at org.eclipse.e4.core.internal.di.MethodRequestor.execute(MethodRequestor.java:56)
	at org.eclipse.e4.core.internal.di.InjectorImpl.invokeUsingClass(InjectorImpl.java:252)
	at org.eclipse.e4.core.internal.di.InjectorImpl.invoke(InjectorImpl.java:234)
	at org.eclipse.e4.core.contexts.ContextInjectionFactory.invoke(ContextInjectionFactory.java:132)
	at org.eclipse.e4.core.commands.internal.HandlerServiceHandler.setEnabled(HandlerServiceHandler.java:80)
	at org.eclipse.core.commands.Command.setEnabled(Command.java:875)
	at org.eclipse.e4.core.commands.internal.HandlerServiceImpl.canExecute(HandlerServiceImpl.java:179)
	at org.eclipse.e4.ui.workbench.renderers.swt.MenuManagerRendererFilter.updateElementVisibility(MenuManagerRendererFilter.java:217)
	at org.eclipse.e4.ui.workbench.renderers.swt.MenuManagerShowProcessor.showMenu(MenuManagerShowProcessor.java:230)
	at org.eclipse.e4.ui.workbench.renderers.swt.MenuManagerShowProcessor.menuAboutToHide(MenuManagerShowProcessor.java:110)
	at org.eclipse.jface.internal.MenuManagerEventHelper.showEventPostHelper(MenuManagerEventHelper.java:92)
	at org.eclipse.jface.action.MenuManager.handleAboutToShow(MenuManager.java:467)
	at org.eclipse.jface.action.MenuManager.access$1(MenuManager.java:461)
	at org.eclipse.jface.action.MenuManager$2.menuShown(MenuManager.java:493)
	at org.eclipse.swt.widgets.TypedListener.handleEvent(TypedListener.java:255)
	at org.eclipse.swt.widgets.EventTable.sendEvent(EventTable.java:84)
	at org.eclipse.swt.widgets.Display.sendEvent(Display.java:4362)
	at org.eclipse.swt.widgets.Widget.sendEvent(Widget.java:1113)
	at org.eclipse.swt.widgets.Widget.sendEvent(Widget.java:1137)
	at org.eclipse.swt.widgets.Widget.sendEvent(Widget.java:1118)
	at org.eclipse.swt.widgets.Control.WM_INITMENUPOPUP(Control.java:5023)
	at org.eclipse.swt.widgets.Control.windowProc(Control.java:4691)
	at org.eclipse.swt.widgets.Canvas.windowProc(Canvas.java:339)
	at org.eclipse.swt.widgets.Decorations.windowProc(Decorations.java:1633)
	at org.eclipse.swt.widgets.Shell.windowProc(Shell.java:2117)
	at org.eclipse.swt.widgets.Display.windowProc(Display.java:5050)
	at org.eclipse.swt.internal.win32.OS.TrackPopupMenu(Native Method)
	at org.eclipse.swt.widgets.Menu._setVisible(Menu.java:262)
	at org.eclipse.swt.widgets.Display.runPopups(Display.java:4221)
	at org.eclipse.swt.widgets.Display.readAndDispatch(Display.java:3763)
	at org.eclipse.e4.ui.internal.workbench.swt.PartRenderingEngine$4.run(PartRenderingEngine.java:1127)
	at org.eclipse.core.databinding.observable.Realm.runWithDefault(Realm.java:337)
	at org.eclipse.e4.ui.internal.workbench.swt.PartRenderingEngine.run(PartRenderingEngine.java:1018)
	at org.eclipse.e4.ui.internal.workbench.E4Workbench.createAndRunUI(E4Workbench.java:156)
	at org.eclipse.ui.internal.Workbench$5.run(Workbench.java:654)
	at org.eclipse.core.databinding.observable.Realm.runWithDefault(Realm.java:337)
	at org.eclipse.ui.internal.Workbench.createAndRunWorkbench(Workbench.java:598)
	at org.eclipse.ui.PlatformUI.createAndRunWorkbench(PlatformUI.java:150)
	at org.eclipse.ui.internal.ide.application.IDEApplication.start(IDEApplication.java:139)
	at org.eclipse.equinox.internal.app.EclipseAppHandle.run(EclipseAppHandle.java:196)
	at org.eclipse.core.runtime.internal.adaptor.EclipseAppLauncher.runApplication(EclipseAppLauncher.java:134)
	at org.eclipse.core.runtime.internal.adaptor.EclipseAppLauncher.start(EclipseAppLauncher.java:104)
	at org.eclipse.core.runtime.adaptor.EclipseStarter.run(EclipseStarter.java:380)
	at org.eclipse.core.runtime.adaptor.EclipseStarter.run(EclipseStarter.java:235)
	at sun.reflect.NativeMethodAccessorImpl.invoke0(Native Method)
	at sun.reflect.NativeMethodAccessorImpl.invoke(Unknown Source)
	at sun.reflect.DelegatingMethodAccessorImpl.invoke(Unknown Source)
	at java.lang.reflect.Method.invoke(Unknown Source)
	at org.eclipse.equinox.launcher.Main.invokeFramework(Main.java:669)
	at org.eclipse.equinox.launcher.Main.basicRun(Main.java:608)
	at org.eclipse.equinox.launcher.Main.run(Main.java:1515)

!ENTRY org.eclipse.m2e.logback.appender 4 0 2022-10-09 08:01:35.592
!MESSAGE Could not read pom.xml
!STACK 1
org.eclipse.core.runtime.CoreException: Could not read pom.xml
	at org.eclipse.m2e.core.internal.embedder.MavenImpl.readModel(MavenImpl.java:565)
	at org.eclipse.m2e.core.internal.embedder.MavenImpl.readModel(MavenImpl.java:574)
	at org.eclipse.m2e.core.internal.project.registry.ProjectRegistryManager.refreshPhase2(ProjectRegistryManager.java:541)
	at org.eclipse.m2e.core.internal.project.registry.ProjectRegistryManager.refresh(ProjectRegistryManager.java:497)
	at org.eclipse.m2e.core.internal.project.registry.ProjectRegistryManager.refresh(ProjectRegistryManager.java:350)
	at org.eclipse.m2e.core.internal.project.registry.ProjectRegistryManager.refresh(ProjectRegistryManager.java:297)
	at org.eclipse.m2e.core.internal.builder.MavenBuilder$BuildMethod.getProjectFacade(MavenBuilder.java:154)
	at org.eclipse.m2e.core.internal.builder.MavenBuilder$BuildMethod$1.call(MavenBuilder.java:89)
	at org.eclipse.m2e.core.internal.embedder.MavenExecutionContext.executeBare(MavenExecutionContext.java:176)
	at org.eclipse.m2e.core.internal.embedder.MavenExecutionContext.execute(MavenExecutionContext.java:151)
	at org.eclipse.m2e.core.internal.embedder.MavenExecutionContext.execute(MavenExecutionContext.java:99)
	at org.eclipse.m2e.core.internal.builder.MavenBuilder$BuildMethod.execute(MavenBuilder.java:86)
	at org.eclipse.m2e.core.internal.builder.MavenBuilder.build(MavenBuilder.java:200)
	at org.eclipse.core.internal.events.BuildManager$2.run(BuildManager.java:734)
	at org.eclipse.core.runtime.SafeRunner.run(SafeRunner.java:42)
	at org.eclipse.core.internal.events.BuildManager.basicBuild(BuildManager.java:205)
	at org.eclipse.core.internal.events.BuildManager.basicBuild(BuildManager.java:245)
	at org.eclipse.core.internal.events.BuildManager$1.run(BuildManager.java:300)
	at org.eclipse.core.runtime.SafeRunner.run(SafeRunner.java:42)
	at org.eclipse.core.internal.events.BuildManager.basicBuild(BuildManager.java:303)
	at org.eclipse.core.internal.events.BuildManager.basicBuildLoop(BuildManager.java:359)
	at org.eclipse.core.internal.events.BuildManager.build(BuildManager.java:382)
	at org.eclipse.core.internal.events.AutoBuildJob.doBuild(AutoBuildJob.java:144)
	at org.eclipse.core.internal.events.AutoBuildJob.run(AutoBuildJob.java:235)
	at org.eclipse.core.internal.jobs.Worker.run(Worker.java:55)
Caused by: org.apache.maven.model.io.ModelParseException: end tag name </project> must match start tag name <dependencies> from line 17 (position: TEXT seen ...</dependency>\r\n</project>... @108:11) 
	at org.apache.maven.model.io.DefaultModelReader.read(DefaultModelReader.java:130)
	at org.apache.maven.model.io.DefaultModelReader.read(DefaultModelReader.java:94)
	at org.eclipse.m2e.core.internal.embedder.MavenImpl.readModel(MavenImpl.java:563)
	... 24 more
Caused by: org.codehaus.plexus.util.xml.pull.XmlPullParserException: end tag name </project> must match start tag name <dependencies> from line 17 (position: TEXT seen ...</dependency>\r\n</project>... @108:11) 
	at org.codehaus.plexus.util.xml.pull.MXParser.parseEndTag(MXParser.java:1727)
	at org.codehaus.plexus.util.xml.pull.MXParser.nextImpl(MXParser.java:1169)
	at org.codehaus.plexus.util.xml.pull.MXParser.next(MXParser.java:1131)
	at org.codehaus.plexus.util.xml.pull.MXParser.nextTag(MXParser.java:1118)
	at org.apache.maven.model.io.xpp3.MavenXpp3Reader.parseModel(MavenXpp3Reader.java:2193)
	at org.apache.maven.model.io.xpp3.MavenXpp3Reader.read(MavenXpp3Reader.java:3807)
	at org.apache.maven.model.io.xpp3.MavenXpp3Reader.read(MavenXpp3Reader.java:557)
	at org.apache.maven.model.io.DefaultModelReader.read(DefaultModelReader.java:125)
	... 26 more
!SUBENTRY 1 org.eclipse.m2e.core 4 -1 2022-10-09 08:01:35.592
!MESSAGE Could not read pom.xml
!STACK 0
org.apache.maven.model.io.ModelParseException: end tag name </project> must match start tag name <dependencies> from line 17 (position: TEXT seen ...</dependency>\r\n</project>... @108:11) 
	at org.apache.maven.model.io.DefaultModelReader.read(DefaultModelReader.java:130)
	at org.apache.maven.model.io.DefaultModelReader.read(DefaultModelReader.java:94)
	at org.eclipse.m2e.core.internal.embedder.MavenImpl.readModel(MavenImpl.java:563)
	at org.eclipse.m2e.core.internal.embedder.MavenImpl.readModel(MavenImpl.java:574)
	at org.eclipse.m2e.core.internal.project.registry.ProjectRegistryManager.refreshPhase2(ProjectRegistryManager.java:541)
	at org.eclipse.m2e.core.internal.project.registry.ProjectRegistryManager.refresh(ProjectRegistryManager.java:497)
	at org.eclipse.m2e.core.internal.project.registry.ProjectRegistryManager.refresh(ProjectRegistryManager.java:350)
	at org.eclipse.m2e.core.internal.project.registry.ProjectRegistryManager.refresh(ProjectRegistryManager.java:297)
	at org.eclipse.m2e.core.internal.builder.MavenBuilder$BuildMethod.getProjectFacade(MavenBuilder.java:154)
	at org.eclipse.m2e.core.internal.builder.MavenBuilder$BuildMethod$1.call(MavenBuilder.java:89)
	at org.eclipse.m2e.core.internal.embedder.MavenExecutionContext.executeBare(MavenExecutionContext.java:176)
	at org.eclipse.m2e.core.internal.embedder.MavenExecutionContext.execute(MavenExecutionContext.java:151)
	at org.eclipse.m2e.core.internal.embedder.MavenExecutionContext.execute(MavenExecutionContext.java:99)
	at org.eclipse.m2e.core.internal.builder.MavenBuilder$BuildMethod.execute(MavenBuilder.java:86)
	at org.eclipse.m2e.core.internal.builder.MavenBuilder.build(MavenBuilder.java:200)
	at org.eclipse.core.internal.events.BuildManager$2.run(BuildManager.java:734)
	at org.eclipse.core.runtime.SafeRunner.run(SafeRunner.java:42)
	at org.eclipse.core.internal.events.BuildManager.basicBuild(BuildManager.java:205)
	at org.eclipse.core.internal.events.BuildManager.basicBuild(BuildManager.java:245)
	at org.eclipse.core.internal.events.BuildManager$1.run(BuildManager.java:300)
	at org.eclipse.core.runtime.SafeRunner.run(SafeRunner.java:42)
	at org.eclipse.core.internal.events.BuildManager.basicBuild(BuildManager.java:303)
	at org.eclipse.core.internal.events.BuildManager.basicBuildLoop(BuildManager.java:359)
	at org.eclipse.core.internal.events.BuildManager.build(BuildManager.java:382)
	at org.eclipse.core.internal.events.AutoBuildJob.doBuild(AutoBuildJob.java:144)
	at org.eclipse.core.internal.events.AutoBuildJob.run(AutoBuildJob.java:235)
	at org.eclipse.core.internal.jobs.Worker.run(Worker.java:55)
Caused by: org.codehaus.plexus.util.xml.pull.XmlPullParserException: end tag name </project> must match start tag name <dependencies> from line 17 (position: TEXT seen ...</dependency>\r\n</project>... @108:11) 
	at org.codehaus.plexus.util.xml.pull.MXParser.parseEndTag(MXParser.java:1727)
	at org.codehaus.plexus.util.xml.pull.MXParser.nextImpl(MXParser.java:1169)
	at org.codehaus.plexus.util.xml.pull.MXParser.next(MXParser.java:1131)
	at org.codehaus.plexus.util.xml.pull.MXParser.nextTag(MXParser.java:1118)
	at org.apache.maven.model.io.xpp3.MavenXpp3Reader.parseModel(MavenXpp3Reader.java:2193)
	at org.apache.maven.model.io.xpp3.MavenXpp3Reader.read(MavenXpp3Reader.java:3807)
	at org.apache.maven.model.io.xpp3.MavenXpp3Reader.read(MavenXpp3Reader.java:557)
	at org.apache.maven.model.io.DefaultModelReader.read(DefaultModelReader.java:125)
	... 26 more

!ENTRY org.eclipse.m2e.logback.appender 4 0 2022-10-09 08:01:39.103
!MESSAGE Could not read pom.xml
!STACK 1
org.eclipse.core.runtime.CoreException: Could not read pom.xml
	at org.eclipse.m2e.core.internal.embedder.MavenImpl.readModel(MavenImpl.java:565)
	at org.eclipse.m2e.core.internal.embedder.MavenImpl.readModel(MavenImpl.java:574)
	at org.eclipse.m2e.core.internal.project.registry.ProjectRegistryManager.refreshPhase2(ProjectRegistryManager.java:541)
	at org.eclipse.m2e.core.internal.project.registry.ProjectRegistryManager.refresh(ProjectRegistryManager.java:497)
	at org.eclipse.m2e.core.internal.project.registry.ProjectRegistryManager.refresh(ProjectRegistryManager.java:350)
	at org.eclipse.m2e.core.internal.project.registry.ProjectRegistryManager.refresh(ProjectRegistryManager.java:297)
	at org.eclipse.m2e.core.internal.builder.MavenBuilder$BuildMethod.getProjectFacade(MavenBuilder.java:154)
	at org.eclipse.m2e.core.internal.builder.MavenBuilder$BuildMethod$1.call(MavenBuilder.java:89)
	at org.eclipse.m2e.core.internal.embedder.MavenExecutionContext.executeBare(MavenExecutionContext.java:176)
	at org.eclipse.m2e.core.internal.embedder.MavenExecutionContext.execute(MavenExecutionContext.java:151)
	at org.eclipse.m2e.core.internal.embedder.MavenExecutionContext.execute(MavenExecutionContext.java:99)
	at org.eclipse.m2e.core.internal.builder.MavenBuilder$BuildMethod.execute(MavenBuilder.java:86)
	at org.eclipse.m2e.core.internal.builder.MavenBuilder.build(MavenBuilder.java:200)
	at org.eclipse.core.internal.events.BuildManager$2.run(BuildManager.java:734)
	at org.eclipse.core.runtime.SafeRunner.run(SafeRunner.java:42)
	at org.eclipse.core.internal.events.BuildManager.basicBuild(BuildManager.java:205)
	at org.eclipse.core.internal.events.BuildManager.basicBuild(BuildManager.java:245)
	at org.eclipse.core.internal.events.BuildManager$1.run(BuildManager.java:300)
	at org.eclipse.core.runtime.SafeRunner.run(SafeRunner.java:42)
	at org.eclipse.core.internal.events.BuildManager.basicBuild(BuildManager.java:303)
	at org.eclipse.core.internal.events.BuildManager.basicBuildLoop(BuildManager.java:359)
	at org.eclipse.core.internal.events.BuildManager.build(BuildManager.java:382)
	at org.eclipse.core.internal.events.AutoBuildJob.doBuild(AutoBuildJob.java:144)
	at org.eclipse.core.internal.events.AutoBuildJob.run(AutoBuildJob.java:235)
	at org.eclipse.core.internal.jobs.Worker.run(Worker.java:55)
Caused by: org.apache.maven.model.io.ModelParseException: end tag name </project> must match start tag name <dependencies> from line 17 (position: TEXT seen ...</dependency>\r\n</project>... @108:11) 
	at org.apache.maven.model.io.DefaultModelReader.read(DefaultModelReader.java:130)
	at org.apache.maven.model.io.DefaultModelReader.read(DefaultModelReader.java:94)
	at org.eclipse.m2e.core.internal.embedder.MavenImpl.readModel(MavenImpl.java:563)
	... 24 more
Caused by: org.codehaus.plexus.util.xml.pull.XmlPullParserException: end tag name </project> must match start tag name <dependencies> from line 17 (position: TEXT seen ...</dependency>\r\n</project>... @108:11) 
	at org.codehaus.plexus.util.xml.pull.MXParser.parseEndTag(MXParser.java:1727)
	at org.codehaus.plexus.util.xml.pull.MXParser.nextImpl(MXParser.java:1169)
	at org.codehaus.plexus.util.xml.pull.MXParser.next(MXParser.java:1131)
	at org.codehaus.plexus.util.xml.pull.MXParser.nextTag(MXParser.java:1118)
	at org.apache.maven.model.io.xpp3.MavenXpp3Reader.parseModel(MavenXpp3Reader.java:2193)
	at org.apache.maven.model.io.xpp3.MavenXpp3Reader.read(MavenXpp3Reader.java:3807)
	at org.apache.maven.model.io.xpp3.MavenXpp3Reader.read(MavenXpp3Reader.java:557)
	at org.apache.maven.model.io.DefaultModelReader.read(DefaultModelReader.java:125)
	... 26 more
!SUBENTRY 1 org.eclipse.m2e.core 4 -1 2022-10-09 08:01:39.103
!MESSAGE Could not read pom.xml
!STACK 0
org.apache.maven.model.io.ModelParseException: end tag name </project> must match start tag name <dependencies> from line 17 (position: TEXT seen ...</dependency>\r\n</project>... @108:11) 
	at org.apache.maven.model.io.DefaultModelReader.read(DefaultModelReader.java:130)
	at org.apache.maven.model.io.DefaultModelReader.read(DefaultModelReader.java:94)
	at org.eclipse.m2e.core.internal.embedder.MavenImpl.readModel(MavenImpl.java:563)
	at org.eclipse.m2e.core.internal.embedder.MavenImpl.readModel(MavenImpl.java:574)
	at org.eclipse.m2e.core.internal.project.registry.ProjectRegistryManager.refreshPhase2(ProjectRegistryManager.java:541)
	at org.eclipse.m2e.core.internal.project.registry.ProjectRegistryManager.refresh(ProjectRegistryManager.java:497)
	at org.eclipse.m2e.core.internal.project.registry.ProjectRegistryManager.refresh(ProjectRegistryManager.java:350)
	at org.eclipse.m2e.core.internal.project.registry.ProjectRegistryManager.refresh(ProjectRegistryManager.java:297)
	at org.eclipse.m2e.core.internal.builder.MavenBuilder$BuildMethod.getProjectFacade(MavenBuilder.java:154)
	at org.eclipse.m2e.core.internal.builder.MavenBuilder$BuildMethod$1.call(MavenBuilder.java:89)
	at org.eclipse.m2e.core.internal.embedder.MavenExecutionContext.executeBare(MavenExecutionContext.java:176)
	at org.eclipse.m2e.core.internal.embedder.MavenExecutionContext.execute(MavenExecutionContext.java:151)
	at org.eclipse.m2e.core.internal.embedder.MavenExecutionContext.execute(MavenExecutionContext.java:99)
	at org.eclipse.m2e.core.internal.builder.MavenBuilder$BuildMethod.execute(MavenBuilder.java:86)
	at org.eclipse.m2e.core.internal.builder.MavenBuilder.build(MavenBuilder.java:200)
	at org.eclipse.core.internal.events.BuildManager$2.run(BuildManager.java:734)
	at org.eclipse.core.runtime.SafeRunner.run(SafeRunner.java:42)
	at org.eclipse.core.internal.events.BuildManager.basicBuild(BuildManager.java:205)
	at org.eclipse.core.internal.events.BuildManager.basicBuild(BuildManager.java:245)
	at org.eclipse.core.internal.events.BuildManager$1.run(BuildManager.java:300)
	at org.eclipse.core.runtime.SafeRunner.run(SafeRunner.java:42)
	at org.eclipse.core.internal.events.BuildManager.basicBuild(BuildManager.java:303)
	at org.eclipse.core.internal.events.BuildManager.basicBuildLoop(BuildManager.java:359)
	at org.eclipse.core.internal.events.BuildManager.build(BuildManager.java:382)
	at org.eclipse.core.internal.events.AutoBuildJob.doBuild(AutoBuildJob.java:144)
	at org.eclipse.core.internal.events.AutoBuildJob.run(AutoBuildJob.java:235)
	at org.eclipse.core.internal.jobs.Worker.run(Worker.java:55)
Caused by: org.codehaus.plexus.util.xml.pull.XmlPullParserException: end tag name </project> must match start tag name <dependencies> from line 17 (position: TEXT seen ...</dependency>\r\n</project>... @108:11) 
	at org.codehaus.plexus.util.xml.pull.MXParser.parseEndTag(MXParser.java:1727)
	at org.codehaus.plexus.util.xml.pull.MXParser.nextImpl(MXParser.java:1169)
	at org.codehaus.plexus.util.xml.pull.MXParser.next(MXParser.java:1131)
	at org.codehaus.plexus.util.xml.pull.MXParser.nextTag(MXParser.java:1118)
	at org.apache.maven.model.io.xpp3.MavenXpp3Reader.parseModel(MavenXpp3Reader.java:2193)
	at org.apache.maven.model.io.xpp3.MavenXpp3Reader.read(MavenXpp3Reader.java:3807)
	at org.apache.maven.model.io.xpp3.MavenXpp3Reader.read(MavenXpp3Reader.java:557)
	at org.apache.maven.model.io.DefaultModelReader.read(DefaultModelReader.java:125)
	... 26 more

!ENTRY org.eclipse.m2e.logback.appender 4 0 2022-10-09 08:01:52.309
!MESSAGE Failed to read Maven project: 1 problem was encountered while building the effective model
[FATAL] Non-parseable POM E:\selenium-webdriver\cermat.com\pom.xml: end tag name </project> must match start tag name <dependencies> from line 17 (position: TEXT seen ...</dependency>\r\n</project>... @108:11)  @ line 108, column 11
 for project  at E:\selenium-webdriver\cermat.com\pom.xml
!STACK 0
org.apache.maven.project.ProjectBuildingException: 1 problem was encountered while building the effective model
[FATAL] Non-parseable POM E:\selenium-webdriver\cermat.com\pom.xml: end tag name </project> must match start tag name <dependencies> from line 17 (position: TEXT seen ...</dependency>\r\n</project>... @108:11)  @ line 108, column 11
 for project  at E:\selenium-webdriver\cermat.com\pom.xml
	at org.apache.maven.project.DefaultProjectBuilder.build(DefaultProjectBuilder.java:168)
	at org.apache.maven.project.DefaultProjectBuilder.build(DefaultProjectBuilder.java:119)
	at org.eclipse.m2e.core.internal.embedder.MavenImpl.readMavenProject(MavenImpl.java:636)
	at org.eclipse.m2e.core.internal.project.registry.ProjectRegistryManager$5.call(ProjectRegistryManager.java:815)
	at org.eclipse.m2e.core.internal.project.registry.ProjectRegistryManager$5.call(ProjectRegistryManager.java:1)
	at org.eclipse.m2e.core.internal.embedder.MavenExecutionContext.executeBare(MavenExecutionContext.java:176)
	at org.eclipse.m2e.core.internal.embedder.MavenExecutionContext.execute(MavenExecutionContext.java:151)
	at org.eclipse.m2e.core.internal.embedder.MavenExecutionContext.execute(MavenExecutionContext.java:99)
	at org.eclipse.m2e.core.internal.project.registry.ProjectRegistryManager.execute(ProjectRegistryManager.java:956)
	at org.eclipse.m2e.core.internal.project.registry.ProjectRegistryManager.readProjectWithDependencies(ProjectRegistryManager.java:811)
	at org.eclipse.m2e.core.internal.project.registry.ProjectRegistryManager.create(ProjectRegistryManager.java:191)
	at org.eclipse.m2e.core.internal.project.registry.MavenProjectManager.create(MavenProjectManager.java:80)
	at org.eclipse.m2e.core.ui.internal.actions.SelectionUtil.getMavenProject(SelectionUtil.java:259)
	at org.eclipse.m2e.editor.pom.MavenPomEditor.readMavenProject(MavenPomEditor.java:729)
	at org.eclipse.m2e.editor.pom.MavenPomEditor$5.run(MavenPomEditor.java:1050)
	at org.eclipse.core.internal.jobs.Worker.run(Worker.java:55)
Caused by: org.apache.maven.model.building.ModelBuildingException: 1 problem was encountered while building the effective model
[FATAL] Non-parseable POM E:\selenium-webdriver\cermat.com\pom.xml: end tag name </project> must match start tag name <dependencies> from line 17 (position: TEXT seen ...</dependency>\r\n</project>... @108:11)  @ line 108, column 11

	at org.apache.maven.model.building.DefaultModelProblemCollector.newModelBuildingException(DefaultModelProblemCollector.java:197)
	at org.apache.maven.model.building.DefaultModelBuilder.readModel(DefaultModelBuilder.java:575)
	at org.apache.maven.model.building.DefaultModelBuilder.build(DefaultModelBuilder.java:269)
	at org.apache.maven.project.DefaultProjectBuilder.build(DefaultProjectBuilder.java:161)
	... 15 more

!ENTRY org.eclipse.m2e.logback.appender 2 0 2022-10-09 08:25:56.698
!MESSAGE Failed to download org.eclipse.recommenders:index::zip:0.0.0
!STACK 0
org.eclipse.aether.resolution.ArtifactResolutionException: Could not find artifact org.eclipse.recommenders:index:zip:0.0.0-SNAPSHOT in models (http://download.eclipse.org/recommenders/models/mars/)
	at org.eclipse.aether.internal.impl.DefaultArtifactResolver.resolve(DefaultArtifactResolver.java:444)
	at org.eclipse.aether.internal.impl.DefaultArtifactResolver.resolveArtifacts(DefaultArtifactResolver.java:246)
	at org.eclipse.aether.internal.impl.DefaultArtifactResolver.resolveArtifact(DefaultArtifactResolver.java:223)
	at org.eclipse.aether.internal.impl.DefaultRepositorySystem.resolveArtifact(DefaultRepositorySystem.java:294)
	at org.eclipse.recommenders.models.ModelRepository.resolveInternal(ModelRepository.java:190)
	at org.eclipse.recommenders.models.ModelRepository.resolve(ModelRepository.java:172)
	at org.eclipse.recommenders.internal.models.rcp.EclipseModelRepository.resolve(EclipseModelRepository.java:167)
	at org.eclipse.recommenders.internal.models.rcp.DownloadModelArchiveJob.run(DownloadModelArchiveJob.java:76)
	at org.eclipse.core.internal.jobs.Worker.run(Worker.java:55)
Caused by: org.eclipse.aether.transfer.ArtifactNotFoundException: Could not find artifact org.eclipse.recommenders:index:zip:0.0.0-SNAPSHOT in models (http://download.eclipse.org/recommenders/models/mars/)
	at org.eclipse.aether.connector.basic.ArtifactTransportListener.transferFailed(ArtifactTransportListener.java:39)
	at org.eclipse.aether.connector.basic.BasicRepositoryConnector$TaskRunner.run(BasicRepositoryConnector.java:355)
	at org.eclipse.aether.util.concurrency.RunnableErrorForwarder$1.run(RunnableErrorForwarder.java:67)
	at org.eclipse.aether.connector.basic.BasicRepositoryConnector$DirectExecutor.execute(BasicRepositoryConnector.java:581)
	at org.eclipse.aether.connector.basic.BasicRepositoryConnector.get(BasicRepositoryConnector.java:249)
	at org.eclipse.aether.internal.impl.DefaultArtifactResolver.performDownloads(DefaultArtifactResolver.java:520)
	at org.eclipse.aether.internal.impl.DefaultArtifactResolver.resolve(DefaultArtifactResolver.java:421)
	... 8 more

!ENTRY org.eclipse.recommenders.models.rcp 1 0 2022-10-09 08:25:56.700
!MESSAGE org.eclipse.recommenders:index::zip:0.0.0 could not be resolved from the model repositories. Are you offline?

!ENTRY org.eclipse.jdt.junit.core 4 4 2022-10-09 09:27:33.002
!MESSAGE Error
!STACK 0
java.lang.Exception: Unexpected TestElement type for testId '3': TestSuite: Scenario: Adding new member : Not Started - Undefined (5)
	at org.eclipse.jdt.internal.junit.model.TestRunSession$TestSessionNotifier.logUnexpectedTest(TestRunSession.java:737)
	at org.eclipse.jdt.internal.junit.model.TestRunSession$TestSessionNotifier.testStarted(TestRunSession.java:641)
	at org.eclipse.jdt.internal.junit.model.RemoteTestRunnerClient$5.run(RemoteTestRunnerClient.java:535)
	at org.eclipse.core.runtime.SafeRunner.run(SafeRunner.java:42)
	at org.eclipse.jdt.internal.junit.model.RemoteTestRunnerClient.notifyTestStarted(RemoteTestRunnerClient.java:532)
	at org.eclipse.jdt.internal.junit.model.RemoteTestRunnerClient.access$6(RemoteTestRunnerClient.java:527)
	at org.eclipse.jdt.internal.junit.model.RemoteTestRunnerClient$DefaultProcessingState.readMessage(RemoteTestRunnerClient.java:87)
	at org.eclipse.jdt.internal.junit.model.RemoteTestRunnerClient.receiveMessage(RemoteTestRunnerClient.java:375)
	at org.eclipse.jdt.internal.junit.model.RemoteTestRunnerClient.access$27(RemoteTestRunnerClient.java:374)
	at org.eclipse.jdt.internal.junit.model.RemoteTestRunnerClient$ServerConnection.run(RemoteTestRunnerClient.java:272)

!ENTRY org.eclipse.jdt.junit.core 4 4 2022-10-09 09:27:33.093
!MESSAGE Error
!STACK 0
java.lang.Exception: Unexpected TestElement type for testId '3': TestSuite: Scenario: Adding new member : Completed - OK (5)
	at org.eclipse.jdt.internal.junit.model.TestRunSession$TestSessionNotifier.logUnexpectedTest(TestRunSession.java:737)
	at org.eclipse.jdt.internal.junit.model.TestRunSession$TestSessionNotifier.testStarted(TestRunSession.java:641)
	at org.eclipse.jdt.internal.junit.model.RemoteTestRunnerClient$5.run(RemoteTestRunnerClient.java:535)
	at org.eclipse.core.runtime.SafeRunner.run(SafeRunner.java:42)
	at org.eclipse.jdt.internal.junit.model.RemoteTestRunnerClient.notifyTestStarted(RemoteTestRunnerClient.java:532)
	at org.eclipse.jdt.internal.junit.model.RemoteTestRunnerClient.access$6(RemoteTestRunnerClient.java:527)
	at org.eclipse.jdt.internal.junit.model.RemoteTestRunnerClient$DefaultProcessingState.readMessage(RemoteTestRunnerClient.java:87)
	at org.eclipse.jdt.internal.junit.model.RemoteTestRunnerClient.receiveMessage(RemoteTestRunnerClient.java:375)
	at org.eclipse.jdt.internal.junit.model.RemoteTestRunnerClient.access$27(RemoteTestRunnerClient.java:374)
	at org.eclipse.jdt.internal.junit.model.RemoteTestRunnerClient$ServerConnection.run(RemoteTestRunnerClient.java:272)

!ENTRY org.eclipse.jdt.junit.core 4 4 2022-10-09 09:27:33.169
!MESSAGE Error
!STACK 0
java.lang.Exception: Unexpected TestElement type for testId '3': TestSuite: Scenario: Adding new member : Completed - OK (5)
	at org.eclipse.jdt.internal.junit.model.TestRunSession$TestSessionNotifier.logUnexpectedTest(TestRunSession.java:737)
	at org.eclipse.jdt.internal.junit.model.TestRunSession$TestSessionNotifier.testEnded(TestRunSession.java:667)
	at org.eclipse.jdt.internal.junit.model.RemoteTestRunnerClient$4.run(RemoteTestRunnerClient.java:521)
	at org.eclipse.core.runtime.SafeRunner.run(SafeRunner.java:42)
	at org.eclipse.jdt.internal.junit.model.RemoteTestRunnerClient.notifyTestEnded(RemoteTestRunnerClient.java:518)
	at org.eclipse.jdt.internal.junit.model.RemoteTestRunnerClient.access$7(RemoteTestRunnerClient.java:513)
	at org.eclipse.jdt.internal.junit.model.RemoteTestRunnerClient$DefaultProcessingState.readMessage(RemoteTestRunnerClient.java:91)
	at org.eclipse.jdt.internal.junit.model.RemoteTestRunnerClient.receiveMessage(RemoteTestRunnerClient.java:375)
	at org.eclipse.jdt.internal.junit.model.RemoteTestRunnerClient.access$27(RemoteTestRunnerClient.java:374)
	at org.eclipse.jdt.internal.junit.model.RemoteTestRunnerClient$ServerConnection.run(RemoteTestRunnerClient.java:272)

!ENTRY org.eclipse.jdt.junit.core 4 4 2022-10-09 09:27:58.836
!MESSAGE Error
!STACK 0
java.lang.Exception: Unexpected TestElement type for testId '3': TestSuite: Scenario: Adding new member : Not Started - Undefined (5)
	at org.eclipse.jdt.internal.junit.model.TestRunSession$TestSessionNotifier.logUnexpectedTest(TestRunSession.java:737)
	at org.eclipse.jdt.internal.junit.model.TestRunSession$TestSessionNotifier.testStarted(TestRunSession.java:641)
	at org.eclipse.jdt.internal.junit.model.RemoteTestRunnerClient$5.run(RemoteTestRunnerClient.java:535)
	at org.eclipse.core.runtime.SafeRunner.run(SafeRunner.java:42)
	at org.eclipse.jdt.internal.junit.model.RemoteTestRunnerClient.notifyTestStarted(RemoteTestRunnerClient.java:532)
	at org.eclipse.jdt.internal.junit.model.RemoteTestRunnerClient.access$6(RemoteTestRunnerClient.java:527)
	at org.eclipse.jdt.internal.junit.model.RemoteTestRunnerClient$DefaultProcessingState.readMessage(RemoteTestRunnerClient.java:87)
	at org.eclipse.jdt.internal.junit.model.RemoteTestRunnerClient.receiveMessage(RemoteTestRunnerClient.java:375)
	at org.eclipse.jdt.internal.junit.model.RemoteTestRunnerClient.access$27(RemoteTestRunnerClient.java:374)
	at org.eclipse.jdt.internal.junit.model.RemoteTestRunnerClient$ServerConnection.run(RemoteTestRunnerClient.java:272)

!ENTRY org.eclipse.jdt.junit.core 4 4 2022-10-09 09:27:58.841
!MESSAGE Error
!STACK 0
java.lang.Exception: Unexpected TestElement type for testId '3': TestSuite: Scenario: Adding new member : Completed - OK (5)
	at org.eclipse.jdt.internal.junit.model.TestRunSession$TestSessionNotifier.logUnexpectedTest(TestRunSession.java:737)
	at org.eclipse.jdt.internal.junit.model.TestRunSession$TestSessionNotifier.testStarted(TestRunSession.java:641)
	at org.eclipse.jdt.internal.junit.model.RemoteTestRunnerClient$5.run(RemoteTestRunnerClient.java:535)
	at org.eclipse.core.runtime.SafeRunner.run(SafeRunner.java:42)
	at org.eclipse.jdt.internal.junit.model.RemoteTestRunnerClient.notifyTestStarted(RemoteTestRunnerClient.java:532)
	at org.eclipse.jdt.internal.junit.model.RemoteTestRunnerClient.access$6(RemoteTestRunnerClient.java:527)
	at org.eclipse.jdt.internal.junit.model.RemoteTestRunnerClient$DefaultProcessingState.readMessage(RemoteTestRunnerClient.java:87)
	at org.eclipse.jdt.internal.junit.model.RemoteTestRunnerClient.receiveMessage(RemoteTestRunnerClient.java:375)
	at org.eclipse.jdt.internal.junit.model.RemoteTestRunnerClient.access$27(RemoteTestRunnerClient.java:374)
	at org.eclipse.jdt.internal.junit.model.RemoteTestRunnerClient$ServerConnection.run(RemoteTestRunnerClient.java:272)

!ENTRY org.eclipse.jdt.junit.core 4 4 2022-10-09 09:27:58.854
!MESSAGE Error
!STACK 0
java.lang.Exception: Unexpected TestElement type for testId '3': TestSuite: Scenario: Adding new member : Completed - OK (5)
	at org.eclipse.jdt.internal.junit.model.TestRunSession$TestSessionNotifier.logUnexpectedTest(TestRunSession.java:737)
	at org.eclipse.jdt.internal.junit.model.TestRunSession$TestSessionNotifier.testEnded(TestRunSession.java:667)
	at org.eclipse.jdt.internal.junit.model.RemoteTestRunnerClient$4.run(RemoteTestRunnerClient.java:521)
	at org.eclipse.core.runtime.SafeRunner.run(SafeRunner.java:42)
	at org.eclipse.jdt.internal.junit.model.RemoteTestRunnerClient.notifyTestEnded(RemoteTestRunnerClient.java:518)
	at org.eclipse.jdt.internal.junit.model.RemoteTestRunnerClient.access$7(RemoteTestRunnerClient.java:513)
	at org.eclipse.jdt.internal.junit.model.RemoteTestRunnerClient$DefaultProcessingState.readMessage(RemoteTestRunnerClient.java:91)
	at org.eclipse.jdt.internal.junit.model.RemoteTestRunnerClient.receiveMessage(RemoteTestRunnerClient.java:375)
	at org.eclipse.jdt.internal.junit.model.RemoteTestRunnerClient.access$27(RemoteTestRunnerClient.java:374)
	at org.eclipse.jdt.internal.junit.model.RemoteTestRunnerClient$ServerConnection.run(RemoteTestRunnerClient.java:272)

!ENTRY org.eclipse.jdt.junit.core 4 4 2022-10-09 09:35:38.461
!MESSAGE Error
!STACK 0
java.lang.Exception: Unexpected TestElement type for testId '3': TestSuite: Scenario: Adding new member : Not Started - Undefined (5)
	at org.eclipse.jdt.internal.junit.model.TestRunSession$TestSessionNotifier.logUnexpectedTest(TestRunSession.java:737)
	at org.eclipse.jdt.internal.junit.model.TestRunSession$TestSessionNotifier.testStarted(TestRunSession.java:641)
	at org.eclipse.jdt.internal.junit.model.RemoteTestRunnerClient$5.run(RemoteTestRunnerClient.java:535)
	at org.eclipse.core.runtime.SafeRunner.run(SafeRunner.java:42)
	at org.eclipse.jdt.internal.junit.model.RemoteTestRunnerClient.notifyTestStarted(RemoteTestRunnerClient.java:532)
	at org.eclipse.jdt.internal.junit.model.RemoteTestRunnerClient.access$6(RemoteTestRunnerClient.java:527)
	at org.eclipse.jdt.internal.junit.model.RemoteTestRunnerClient$DefaultProcessingState.readMessage(RemoteTestRunnerClient.java:87)
	at org.eclipse.jdt.internal.junit.model.RemoteTestRunnerClient.receiveMessage(RemoteTestRunnerClient.java:375)
	at org.eclipse.jdt.internal.junit.model.RemoteTestRunnerClient.access$27(RemoteTestRunnerClient.java:374)
	at org.eclipse.jdt.internal.junit.model.RemoteTestRunnerClient$ServerConnection.run(RemoteTestRunnerClient.java:272)

!ENTRY org.eclipse.jdt.junit.core 4 4 2022-10-09 09:35:38.558
!MESSAGE Error
!STACK 0
java.lang.Exception: Unexpected TestElement type for testId '3': TestSuite: Scenario: Adding new member : Completed - OK (5)
	at org.eclipse.jdt.internal.junit.model.TestRunSession$TestSessionNotifier.logUnexpectedTest(TestRunSession.java:737)
	at org.eclipse.jdt.internal.junit.model.TestRunSession$TestSessionNotifier.testStarted(TestRunSession.java:641)
	at org.eclipse.jdt.internal.junit.model.RemoteTestRunnerClient$5.run(RemoteTestRunnerClient.java:535)
	at org.eclipse.core.runtime.SafeRunner.run(SafeRunner.java:42)
	at org.eclipse.jdt.internal.junit.model.RemoteTestRunnerClient.notifyTestStarted(RemoteTestRunnerClient.java:532)
	at org.eclipse.jdt.internal.junit.model.RemoteTestRunnerClient.access$6(RemoteTestRunnerClient.java:527)
	at org.eclipse.jdt.internal.junit.model.RemoteTestRunnerClient$DefaultProcessingState.readMessage(RemoteTestRunnerClient.java:87)
	at org.eclipse.jdt.internal.junit.model.RemoteTestRunnerClient.receiveMessage(RemoteTestRunnerClient.java:375)
	at org.eclipse.jdt.internal.junit.model.RemoteTestRunnerClient.access$27(RemoteTestRunnerClient.java:374)
	at org.eclipse.jdt.internal.junit.model.RemoteTestRunnerClient$ServerConnection.run(RemoteTestRunnerClient.java:272)

!ENTRY org.eclipse.jdt.junit.core 4 4 2022-10-09 09:35:38.560
!MESSAGE Error
!STACK 0
java.lang.Exception: Unexpected TestElement type for testId '3': TestSuite: Scenario: Adding new member : Completed - OK (5)
	at org.eclipse.jdt.internal.junit.model.TestRunSession$TestSessionNotifier.logUnexpectedTest(TestRunSession.java:737)
	at org.eclipse.jdt.internal.junit.model.TestRunSession$TestSessionNotifier.testEnded(TestRunSession.java:667)
	at org.eclipse.jdt.internal.junit.model.RemoteTestRunnerClient$4.run(RemoteTestRunnerClient.java:521)
	at org.eclipse.core.runtime.SafeRunner.run(SafeRunner.java:42)
	at org.eclipse.jdt.internal.junit.model.RemoteTestRunnerClient.notifyTestEnded(RemoteTestRunnerClient.java:518)
	at org.eclipse.jdt.internal.junit.model.RemoteTestRunnerClient.access$7(RemoteTestRunnerClient.java:513)
	at org.eclipse.jdt.internal.junit.model.RemoteTestRunnerClient$DefaultProcessingState.readMessage(RemoteTestRunnerClient.java:91)
	at org.eclipse.jdt.internal.junit.model.RemoteTestRunnerClient.receiveMessage(RemoteTestRunnerClient.java:375)
	at org.eclipse.jdt.internal.junit.model.RemoteTestRunnerClient.access$27(RemoteTestRunnerClient.java:374)
	at org.eclipse.jdt.internal.junit.model.RemoteTestRunnerClient$ServerConnection.run(RemoteTestRunnerClient.java:272)

!ENTRY org.eclipse.jdt.junit.core 4 4 2022-10-09 09:36:20.708
!MESSAGE Error
!STACK 0
java.lang.Exception: Unexpected TestElement type for testId '3': TestSuite: Scenario: Adding new member : Not Started - Undefined (5)
	at org.eclipse.jdt.internal.junit.model.TestRunSession$TestSessionNotifier.logUnexpectedTest(TestRunSession.java:737)
	at org.eclipse.jdt.internal.junit.model.TestRunSession$TestSessionNotifier.testStarted(TestRunSession.java:641)
	at org.eclipse.jdt.internal.junit.model.RemoteTestRunnerClient$5.run(RemoteTestRunnerClient.java:535)
	at org.eclipse.core.runtime.SafeRunner.run(SafeRunner.java:42)
	at org.eclipse.jdt.internal.junit.model.RemoteTestRunnerClient.notifyTestStarted(RemoteTestRunnerClient.java:532)
	at org.eclipse.jdt.internal.junit.model.RemoteTestRunnerClient.access$6(RemoteTestRunnerClient.java:527)
	at org.eclipse.jdt.internal.junit.model.RemoteTestRunnerClient$DefaultProcessingState.readMessage(RemoteTestRunnerClient.java:87)
	at org.eclipse.jdt.internal.junit.model.RemoteTestRunnerClient.receiveMessage(RemoteTestRunnerClient.java:375)
	at org.eclipse.jdt.internal.junit.model.RemoteTestRunnerClient.access$27(RemoteTestRunnerClient.java:374)
	at org.eclipse.jdt.internal.junit.model.RemoteTestRunnerClient$ServerConnection.run(RemoteTestRunnerClient.java:272)

!ENTRY org.eclipse.jdt.junit.core 4 4 2022-10-09 09:36:27.693
!MESSAGE Error
!STACK 0
java.lang.Exception: Unexpected TestElement type for testId '3': TestSuite: Scenario: Adding new member : Completed - Error (5)
	at org.eclipse.jdt.internal.junit.model.TestRunSession$TestSessionNotifier.logUnexpectedTest(TestRunSession.java:737)
	at org.eclipse.jdt.internal.junit.model.TestRunSession$TestSessionNotifier.testEnded(TestRunSession.java:667)
	at org.eclipse.jdt.internal.junit.model.RemoteTestRunnerClient$4.run(RemoteTestRunnerClient.java:521)
	at org.eclipse.core.runtime.SafeRunner.run(SafeRunner.java:42)
	at org.eclipse.jdt.internal.junit.model.RemoteTestRunnerClient.notifyTestEnded(RemoteTestRunnerClient.java:518)
	at org.eclipse.jdt.internal.junit.model.RemoteTestRunnerClient.access$7(RemoteTestRunnerClient.java:513)
	at org.eclipse.jdt.internal.junit.model.RemoteTestRunnerClient$DefaultProcessingState.readMessage(RemoteTestRunnerClient.java:91)
	at org.eclipse.jdt.internal.junit.model.RemoteTestRunnerClient.receiveMessage(RemoteTestRunnerClient.java:375)
	at org.eclipse.jdt.internal.junit.model.RemoteTestRunnerClient.access$27(RemoteTestRunnerClient.java:374)
	at org.eclipse.jdt.internal.junit.model.RemoteTestRunnerClient$ServerConnection.run(RemoteTestRunnerClient.java:272)

!ENTRY org.eclipse.jdt.junit.core 4 4 2022-10-09 12:24:12.591
!MESSAGE Error
!STACK 0
java.lang.Exception: Unexpected TestElement type for testId '3': TestSuite: Scenario: Adding new member : Not Started - Undefined (5)
	at org.eclipse.jdt.internal.junit.model.TestRunSession$TestSessionNotifier.logUnexpectedTest(TestRunSession.java:737)
	at org.eclipse.jdt.internal.junit.model.TestRunSession$TestSessionNotifier.testStarted(TestRunSession.java:641)
	at org.eclipse.jdt.internal.junit.model.RemoteTestRunnerClient$5.run(RemoteTestRunnerClient.java:535)
	at org.eclipse.core.runtime.SafeRunner.run(SafeRunner.java:42)
	at org.eclipse.jdt.internal.junit.model.RemoteTestRunnerClient.notifyTestStarted(RemoteTestRunnerClient.java:532)
	at org.eclipse.jdt.internal.junit.model.RemoteTestRunnerClient.access$6(RemoteTestRunnerClient.java:527)
	at org.eclipse.jdt.internal.junit.model.RemoteTestRunnerClient$DefaultProcessingState.readMessage(RemoteTestRunnerClient.java:87)
	at org.eclipse.jdt.internal.junit.model.RemoteTestRunnerClient.receiveMessage(RemoteTestRunnerClient.java:375)
	at org.eclipse.jdt.internal.junit.model.RemoteTestRunnerClient.access$27(RemoteTestRunnerClient.java:374)
	at org.eclipse.jdt.internal.junit.model.RemoteTestRunnerClient$ServerConnection.run(RemoteTestRunnerClient.java:272)

!ENTRY org.eclipse.jdt.junit.core 4 4 2022-10-09 12:25:12.127
!MESSAGE Error
!STACK 0
java.lang.Exception: Unexpected TestElement type for testId '3': TestSuite: Scenario: Adding new member : Completed - Error (5)
	at org.eclipse.jdt.internal.junit.model.TestRunSession$TestSessionNotifier.logUnexpectedTest(TestRunSession.java:737)
	at org.eclipse.jdt.internal.junit.model.TestRunSession$TestSessionNotifier.testEnded(TestRunSession.java:667)
	at org.eclipse.jdt.internal.junit.model.RemoteTestRunnerClient$4.run(RemoteTestRunnerClient.java:521)
	at org.eclipse.core.runtime.SafeRunner.run(SafeRunner.java:42)
	at org.eclipse.jdt.internal.junit.model.RemoteTestRunnerClient.notifyTestEnded(RemoteTestRunnerClient.java:518)
	at org.eclipse.jdt.internal.junit.model.RemoteTestRunnerClient.access$7(RemoteTestRunnerClient.java:513)
	at org.eclipse.jdt.internal.junit.model.RemoteTestRunnerClient$DefaultProcessingState.readMessage(RemoteTestRunnerClient.java:91)
	at org.eclipse.jdt.internal.junit.model.RemoteTestRunnerClient.receiveMessage(RemoteTestRunnerClient.java:375)
	at org.eclipse.jdt.internal.junit.model.RemoteTestRunnerClient.access$27(RemoteTestRunnerClient.java:374)
	at org.eclipse.jdt.internal.junit.model.RemoteTestRunnerClient$ServerConnection.run(RemoteTestRunnerClient.java:272)

!ENTRY org.eclipse.ltk.ui.refactoring 4 10000 2022-10-09 12:40:25.171
!MESSAGE Internal Error
!STACK 1
Java Model Exception: Core Exception [code 273] Problems encountered while deleting resources.
	at org.eclipse.jdt.internal.core.BatchOperation.executeOperation(BatchOperation.java:50)
	at org.eclipse.jdt.internal.core.JavaModelOperation.run(JavaModelOperation.java:729)
	at org.eclipse.core.internal.resources.Workspace.run(Workspace.java:2241)
	at org.eclipse.jdt.core.JavaCore.run(JavaCore.java:5409)
	at org.eclipse.jdt.internal.corext.refactoring.changes.DynamicValidationStateChange.perform(DynamicValidationStateChange.java:116)
	at org.eclipse.ltk.core.refactoring.CompositeChange.perform(CompositeChange.java:278)
	at org.eclipse.jdt.internal.corext.refactoring.changes.DynamicValidationStateChange.access$0(DynamicValidationStateChange.java:1)
	at org.eclipse.jdt.internal.corext.refactoring.changes.DynamicValidationStateChange$1.run(DynamicValidationStateChange.java:113)
	at org.eclipse.jdt.internal.core.BatchOperation.executeOperation(BatchOperation.java:39)
	at org.eclipse.jdt.internal.core.JavaModelOperation.run(JavaModelOperation.java:729)
	at org.eclipse.core.internal.resources.Workspace.run(Workspace.java:2241)
	at org.eclipse.jdt.core.JavaCore.run(JavaCore.java:5409)
	at org.eclipse.jdt.internal.corext.refactoring.changes.DynamicValidationStateChange.perform(DynamicValidationStateChange.java:116)
	at org.eclipse.ltk.core.refactoring.CompositeChange.perform(CompositeChange.java:278)
	at org.eclipse.ltk.core.refactoring.PerformChangeOperation$1.run(PerformChangeOperation.java:258)
	at org.eclipse.core.internal.resources.Workspace.run(Workspace.java:2241)
	at org.eclipse.ltk.core.refactoring.PerformChangeOperation.executeChange(PerformChangeOperation.java:306)
	at org.eclipse.ltk.internal.ui.refactoring.UIPerformChangeOperation.executeChange(UIPerformChangeOperation.java:92)
	at org.eclipse.ltk.core.refactoring.PerformChangeOperation.run(PerformChangeOperation.java:218)
	at org.eclipse.core.internal.resources.Workspace.run(Workspace.java:2241)
	at org.eclipse.ltk.internal.ui.refactoring.WorkbenchRunnableAdapter.run(WorkbenchRunnableAdapter.java:87)
	at org.eclipse.jface.operation.ModalContext$ModalContextThread.run(ModalContext.java:119)
Contains: Could not delete 'E:\selenium-webdriver\cermat.com\driver\chromedriver.exe'.
org.eclipse.core.runtime.CoreException: Problems encountered while deleting files.
	at org.eclipse.core.internal.filesystem.local.LocalFile.delete(LocalFile.java:135)
	at org.eclipse.core.internal.resources.ResourceTree.internalDeleteFile(ResourceTree.java:310)
	at org.eclipse.core.internal.resources.ResourceTree.standardDeleteFile(ResourceTree.java:796)
	at org.eclipse.core.internal.resources.Resource.unprotectedDelete(Resource.java:1827)
	at org.eclipse.core.internal.resources.Resource.delete(Resource.java:781)
	at org.eclipse.ltk.core.refactoring.resource.DeleteResourceChange.perform(DeleteResourceChange.java:168)
	at org.eclipse.ltk.core.refactoring.CompositeChange.perform(CompositeChange.java:278)
	at org.eclipse.jdt.internal.corext.refactoring.changes.DynamicValidationStateChange.access$0(DynamicValidationStateChange.java:1)
	at org.eclipse.jdt.internal.corext.refactoring.changes.DynamicValidationStateChange$1.run(DynamicValidationStateChange.java:113)
	at org.eclipse.jdt.internal.core.BatchOperation.executeOperation(BatchOperation.java:39)
	at org.eclipse.jdt.internal.core.JavaModelOperation.run(JavaModelOperation.java:729)
	at org.eclipse.core.internal.resources.Workspace.run(Workspace.java:2241)
	at org.eclipse.jdt.core.JavaCore.run(JavaCore.java:5409)
	at org.eclipse.jdt.internal.corext.refactoring.changes.DynamicValidationStateChange.perform(DynamicValidationStateChange.java:116)
	at org.eclipse.ltk.core.refactoring.CompositeChange.perform(CompositeChange.java:278)
	at org.eclipse.jdt.internal.corext.refactoring.changes.DynamicValidationStateChange.access$0(DynamicValidationStateChange.java:1)
	at org.eclipse.jdt.internal.corext.refactoring.changes.DynamicValidationStateChange$1.run(DynamicValidationStateChange.java:113)
	at org.eclipse.jdt.internal.core.BatchOperation.executeOperation(BatchOperation.java:39)
	at org.eclipse.jdt.internal.core.JavaModelOperation.run(JavaModelOperation.java:729)
	at org.eclipse.core.internal.resources.Workspace.run(Workspace.java:2241)
	at org.eclipse.jdt.core.JavaCore.run(JavaCore.java:5409)
	at org.eclipse.jdt.internal.corext.refactoring.changes.DynamicValidationStateChange.perform(DynamicValidationStateChange.java:116)
	at org.eclipse.ltk.core.refactoring.CompositeChange.perform(CompositeChange.java:278)
	at org.eclipse.ltk.core.refactoring.PerformChangeOperation$1.run(PerformChangeOperation.java:258)
	at org.eclipse.core.internal.resources.Workspace.run(Workspace.java:2241)
	at org.eclipse.ltk.core.refactoring.PerformChangeOperation.executeChange(PerformChangeOperation.java:306)
	at org.eclipse.ltk.internal.ui.refactoring.UIPerformChangeOperation.executeChange(UIPerformChangeOperation.java:92)
	at org.eclipse.ltk.core.refactoring.PerformChangeOperation.run(PerformChangeOperation.java:218)
	at org.eclipse.core.internal.resources.Workspace.run(Workspace.java:2241)
	at org.eclipse.ltk.internal.ui.refactoring.WorkbenchRunnableAdapter.run(WorkbenchRunnableAdapter.java:87)
	at org.eclipse.jface.operation.ModalContext$ModalContextThread.run(ModalContext.java:119)
Contains: Could not delete: E:\selenium-webdriver\cermat.com\driver\chromedriver.exe.
Caused by: org.eclipse.core.internal.resources.ResourceException: Problems encountered while deleting resources.
	at org.eclipse.core.internal.resources.Resource.delete(Resource.java:794)
	at org.eclipse.ltk.core.refactoring.resource.DeleteResourceChange.perform(DeleteResourceChange.java:168)
	at org.eclipse.ltk.core.refactoring.CompositeChange.perform(CompositeChange.java:278)
	at org.eclipse.jdt.internal.corext.refactoring.changes.DynamicValidationStateChange.access$0(DynamicValidationStateChange.java:1)
	at org.eclipse.jdt.internal.corext.refactoring.changes.DynamicValidationStateChange$1.run(DynamicValidationStateChange.java:113)
	at org.eclipse.jdt.internal.core.BatchOperation.executeOperation(BatchOperation.java:39)
	at org.eclipse.jdt.internal.core.JavaModelOperation.run(JavaModelOperation.java:729)
	at org.eclipse.core.internal.resources.Workspace.run(Workspace.java:2241)
	at org.eclipse.jdt.core.JavaCore.run(JavaCore.java:5409)
	at org.eclipse.jdt.internal.corext.refactoring.changes.DynamicValidationStateChange.perform(DynamicValidationStateChange.java:116)
	at org.eclipse.ltk.core.refactoring.CompositeChange.perform(CompositeChange.java:278)
	at org.eclipse.jdt.internal.corext.refactoring.changes.DynamicValidationStateChange.access$0(DynamicValidationStateChange.java:1)
	at org.eclipse.jdt.internal.corext.refactoring.changes.DynamicValidationStateChange$1.run(DynamicValidationStateChange.java:113)
	at org.eclipse.jdt.internal.core.BatchOperation.executeOperation(BatchOperation.java:39)
	at org.eclipse.jdt.internal.core.JavaModelOperation.run(JavaModelOperation.java:729)
	at org.eclipse.core.internal.resources.Workspace.run(Workspace.java:2241)
	at org.eclipse.jdt.core.JavaCore.run(JavaCore.java:5409)
	at org.eclipse.jdt.internal.corext.refactoring.changes.DynamicValidationStateChange.perform(DynamicValidationStateChange.java:116)
	at org.eclipse.ltk.core.refactoring.CompositeChange.perform(CompositeChange.java:278)
	at org.eclipse.ltk.core.refactoring.PerformChangeOperation$1.run(PerformChangeOperation.java:258)
	at org.eclipse.core.internal.resources.Workspace.run(Workspace.java:2241)
	at org.eclipse.ltk.core.refactoring.PerformChangeOperation.executeChange(PerformChangeOperation.java:306)
	at org.eclipse.ltk.internal.ui.refactoring.UIPerformChangeOperation.executeChange(UIPerformChangeOperation.java:92)
	at org.eclipse.ltk.core.refactoring.PerformChangeOperation.run(PerformChangeOperation.java:218)
	at org.eclipse.core.internal.resources.Workspace.run(Workspace.java:2241)
	at org.eclipse.ltk.internal.ui.refactoring.WorkbenchRunnableAdapter.run(WorkbenchRunnableAdapter.java:87)
	at org.eclipse.jface.operation.ModalContext$ModalContextThread.run(ModalContext.java:119)
Contains: Could not delete 'E:\selenium-webdriver\cermat.com\driver\chromedriver.exe'.
org.eclipse.core.runtime.CoreException: Problems encountered while deleting files.
	at org.eclipse.core.internal.filesystem.local.LocalFile.delete(LocalFile.java:135)
	at org.eclipse.core.internal.resources.ResourceTree.internalDeleteFile(ResourceTree.java:310)
	at org.eclipse.core.internal.resources.ResourceTree.standardDeleteFile(ResourceTree.java:796)
	at org.eclipse.core.internal.resources.Resource.unprotectedDelete(Resource.java:1827)
	at org.eclipse.core.internal.resources.Resource.delete(Resource.java:781)
	at org.eclipse.ltk.core.refactoring.resource.DeleteResourceChange.perform(DeleteResourceChange.java:168)
	at org.eclipse.ltk.core.refactoring.CompositeChange.perform(CompositeChange.java:278)
	at org.eclipse.jdt.internal.corext.refactoring.changes.DynamicValidationStateChange.access$0(DynamicValidationStateChange.java:1)
	at org.eclipse.jdt.internal.corext.refactoring.changes.DynamicValidationStateChange$1.run(DynamicValidationStateChange.java:113)
	at org.eclipse.jdt.internal.core.BatchOperation.executeOperation(BatchOperation.java:39)
	at org.eclipse.jdt.internal.core.JavaModelOperation.run(JavaModelOperation.java:729)
	at org.eclipse.core.internal.resources.Workspace.run(Workspace.java:2241)
	at org.eclipse.jdt.core.JavaCore.run(JavaCore.java:5409)
	at org.eclipse.jdt.internal.corext.refactoring.changes.DynamicValidationStateChange.perform(DynamicValidationStateChange.java:116)
	at org.eclipse.ltk.core.refactoring.CompositeChange.perform(CompositeChange.java:278)
	at org.eclipse.jdt.internal.corext.refactoring.changes.DynamicValidationStateChange.access$0(DynamicValidationStateChange.java:1)
	at org.eclipse.jdt.internal.corext.refactoring.changes.DynamicValidationStateChange$1.run(DynamicValidationStateChange.java:113)
	at org.eclipse.jdt.internal.core.BatchOperation.executeOperation(BatchOperation.java:39)
	at org.eclipse.jdt.internal.core.JavaModelOperation.run(JavaModelOperation.java:729)
	at org.eclipse.core.internal.resources.Workspace.run(Workspace.java:2241)
	at org.eclipse.jdt.core.JavaCore.run(JavaCore.java:5409)
	at org.eclipse.jdt.internal.corext.refactoring.changes.DynamicValidationStateChange.perform(DynamicValidationStateChange.java:116)
	at org.eclipse.ltk.core.refactoring.CompositeChange.perform(CompositeChange.java:278)
	at org.eclipse.ltk.core.refactoring.PerformChangeOperation$1.run(PerformChangeOperation.java:258)
	at org.eclipse.core.internal.resources.Workspace.run(Workspace.java:2241)
	at org.eclipse.ltk.core.refactoring.PerformChangeOperation.executeChange(PerformChangeOperation.java:306)
	at org.eclipse.ltk.internal.ui.refactoring.UIPerformChangeOperation.executeChange(UIPerformChangeOperation.java:92)
	at org.eclipse.ltk.core.refactoring.PerformChangeOperation.run(PerformChangeOperation.java:218)
	at org.eclipse.core.internal.resources.Workspace.run(Workspace.java:2241)
	at org.eclipse.ltk.internal.ui.refactoring.WorkbenchRunnableAdapter.run(WorkbenchRunnableAdapter.java:87)
	at org.eclipse.jface.operation.ModalContext$ModalContextThread.run(ModalContext.java:119)
Contains: Could not delete: E:\selenium-webdriver\cermat.com\driver\chromedriver.exe.
!SUBENTRY 1 org.eclipse.core.resources 4 273 2022-10-09 12:40:25.172
!MESSAGE Problems encountered while deleting resources.
!SUBENTRY 2 org.eclipse.core.resources 4 273 2022-10-09 12:40:25.172
!MESSAGE Could not delete 'E:\selenium-webdriver\cermat.com\driver\chromedriver.exe'.
!STACK 1
org.eclipse.core.runtime.CoreException: Problems encountered while deleting files.
	at org.eclipse.core.internal.filesystem.local.LocalFile.delete(LocalFile.java:135)
	at org.eclipse.core.internal.resources.ResourceTree.internalDeleteFile(ResourceTree.java:310)
	at org.eclipse.core.internal.resources.ResourceTree.standardDeleteFile(ResourceTree.java:796)
	at org.eclipse.core.internal.resources.Resource.unprotectedDelete(Resource.java:1827)
	at org.eclipse.core.internal.resources.Resource.delete(Resource.java:781)
	at org.eclipse.ltk.core.refactoring.resource.DeleteResourceChange.perform(DeleteResourceChange.java:168)
	at org.eclipse.ltk.core.refactoring.CompositeChange.perform(CompositeChange.java:278)
	at org.eclipse.jdt.internal.corext.refactoring.changes.DynamicValidationStateChange.access$0(DynamicValidationStateChange.java:1)
	at org.eclipse.jdt.internal.corext.refactoring.changes.DynamicValidationStateChange$1.run(DynamicValidationStateChange.java:113)
	at org.eclipse.jdt.internal.core.BatchOperation.executeOperation(BatchOperation.java:39)
	at org.eclipse.jdt.internal.core.JavaModelOperation.run(JavaModelOperation.java:729)
	at org.eclipse.core.internal.resources.Workspace.run(Workspace.java:2241)
	at org.eclipse.jdt.core.JavaCore.run(JavaCore.java:5409)
	at org.eclipse.jdt.internal.corext.refactoring.changes.DynamicValidationStateChange.perform(DynamicValidationStateChange.java:116)
	at org.eclipse.ltk.core.refactoring.CompositeChange.perform(CompositeChange.java:278)
	at org.eclipse.jdt.internal.corext.refactoring.changes.DynamicValidationStateChange.access$0(DynamicValidationStateChange.java:1)
	at org.eclipse.jdt.internal.corext.refactoring.changes.DynamicValidationStateChange$1.run(DynamicValidationStateChange.java:113)
	at org.eclipse.jdt.internal.core.BatchOperation.executeOperation(BatchOperation.java:39)
	at org.eclipse.jdt.internal.core.JavaModelOperation.run(JavaModelOperation.java:729)
	at org.eclipse.core.internal.resources.Workspace.run(Workspace.java:2241)
	at org.eclipse.jdt.core.JavaCore.run(JavaCore.java:5409)
	at org.eclipse.jdt.internal.corext.refactoring.changes.DynamicValidationStateChange.perform(DynamicValidationStateChange.java:116)
	at org.eclipse.ltk.core.refactoring.CompositeChange.perform(CompositeChange.java:278)
	at org.eclipse.ltk.core.refactoring.PerformChangeOperation$1.run(PerformChangeOperation.java:258)
	at org.eclipse.core.internal.resources.Workspace.run(Workspace.java:2241)
	at org.eclipse.ltk.core.refactoring.PerformChangeOperation.executeChange(PerformChangeOperation.java:306)
	at org.eclipse.ltk.internal.ui.refactoring.UIPerformChangeOperation.executeChange(UIPerformChangeOperation.java:92)
	at org.eclipse.ltk.core.refactoring.PerformChangeOperation.run(PerformChangeOperation.java:218)
	at org.eclipse.core.internal.resources.Workspace.run(Workspace.java:2241)
	at org.eclipse.ltk.internal.ui.refactoring.WorkbenchRunnableAdapter.run(WorkbenchRunnableAdapter.java:87)
	at org.eclipse.jface.operation.ModalContext$ModalContextThread.run(ModalContext.java:119)
Contains: Could not delete: E:\selenium-webdriver\cermat.com\driver\chromedriver.exe.
!SUBENTRY 3 org.eclipse.core.filesystem 4 273 2022-10-09 12:40:25.173
!MESSAGE Problems encountered while deleting files.
!SUBENTRY 4 org.eclipse.core.filesystem 4 273 2022-10-09 12:40:25.173
!MESSAGE Could not delete: E:\selenium-webdriver\cermat.com\driver\chromedriver.exe.
!SESSION 2022-10-09 12:44:21.387 -----------------------------------------------
eclipse.buildId=4.5.0.I20150603-2000
java.version=1.8.0_241
java.vendor=Oracle Corporation
BootLoader constants: OS=win32, ARCH=x86_64, WS=win32, NL=en_ID
Framework arguments:  -product org.eclipse.epp.package.jee.product
Command-line arguments:  -os win32 -ws win32 -arch x86_64 -product org.eclipse.epp.package.jee.product

!ENTRY org.eclipse.osgi 2 0 2022-10-09 12:45:05.673
!MESSAGE While loading class "org.eclipse.m2e.jdt.internal.MavenClasspathContainerInitializer", thread "Thread[main,6,main]" timed out waiting (5002ms) for thread "Thread[Worker-3,5,main]" to finish starting bundle "org.eclipse.m2e.jdt_1.6.2.20150902-0002 [1009]". To avoid deadlock, thread "Thread[main,6,main]" is proceeding but "org.eclipse.m2e.jdt.internal.MavenClasspathContainerInitializer" may not be fully initialized.
!STACK 0
org.osgi.framework.BundleException: Unable to acquire the state change lock for the module: osgi.identity; osgi.identity="org.eclipse.m2e.jdt"; type="osgi.bundle"; version:Version="1.6.2.20150902-0002"; singleton:="true" [id=1009] STARTED [STARTED]
	at org.eclipse.osgi.container.Module.lockStateChange(Module.java:329)
	at org.eclipse.osgi.container.Module.start(Module.java:389)
	at org.eclipse.osgi.framework.util.SecureAction.start(SecureAction.java:454)
	at org.eclipse.osgi.internal.hooks.EclipseLazyStarter.postFindLocalClass(EclipseLazyStarter.java:107)
	at org.eclipse.osgi.internal.loader.classpath.ClasspathManager.findLocalClass(ClasspathManager.java:531)
	at org.eclipse.osgi.internal.loader.ModuleClassLoader.findLocalClass(ModuleClassLoader.java:324)
	at org.eclipse.osgi.internal.loader.BundleLoader.findLocalClass(BundleLoader.java:327)
	at org.eclipse.osgi.internal.loader.BundleLoader.findClassInternal(BundleLoader.java:402)
	at org.eclipse.osgi.internal.loader.BundleLoader.findClass(BundleLoader.java:352)
	at org.eclipse.osgi.internal.loader.BundleLoader.findClass(BundleLoader.java:344)
	at org.eclipse.osgi.internal.loader.ModuleClassLoader.loadClass(ModuleClassLoader.java:160)
	at java.lang.ClassLoader.loadClass(Unknown Source)
	at org.eclipse.osgi.internal.framework.EquinoxBundle.loadClass(EquinoxBundle.java:573)
	at org.eclipse.core.internal.registry.osgi.RegistryStrategyOSGI.createExecutableExtension(RegistryStrategyOSGI.java:174)
	at org.eclipse.core.internal.registry.ExtensionRegistry.createExecutableExtension(ExtensionRegistry.java:905)
	at org.eclipse.core.internal.registry.ConfigurationElement.createExecutableExtension(ConfigurationElement.java:243)
	at org.eclipse.core.internal.registry.ConfigurationElementHandle.createExecutableExtension(ConfigurationElementHandle.java:55)
	at org.eclipse.jdt.core.JavaCore.computeClasspathContainerInitializer(JavaCore.java:3345)
	at org.eclipse.jdt.core.JavaCore.getClasspathContainerInitializer(JavaCore.java:3321)
	at org.eclipse.jdt.internal.core.JavaModelManager.initializeContainer(JavaModelManager.java:2849)
	at org.eclipse.jdt.internal.core.JavaModelManager.getClasspathContainer(JavaModelManager.java:1900)
	at org.eclipse.jdt.core.JavaCore.getClasspathContainer(JavaCore.java:3298)
	at org.eclipse.jdt.internal.core.JavaProject.resolveClasspath(JavaProject.java:2693)
	at org.eclipse.jdt.internal.core.JavaProject.resolveClasspath(JavaProject.java:2857)
	at org.eclipse.jdt.internal.core.JavaProject.getResolvedClasspath(JavaProject.java:1962)
	at org.eclipse.jdt.internal.core.JavaProject.buildStructure(JavaProject.java:464)
	at org.eclipse.jdt.internal.core.Openable.generateInfos(Openable.java:259)
	at org.eclipse.jdt.internal.core.JavaElement.openWhenClosed(JavaElement.java:579)
	at org.eclipse.jdt.internal.core.JavaElement.getElementInfo(JavaElement.java:316)
	at org.eclipse.jdt.internal.core.JavaElement.getElementInfo(JavaElement.java:302)
	at org.eclipse.jdt.internal.core.JavaElement.getChildren(JavaElement.java:257)
	at org.eclipse.jdt.internal.core.JavaProject.getPackageFragmentRoots(JavaProject.java:1850)
	at org.eclipse.jdt.internal.ui.packageview.PackageExplorerContentProvider.getPackageFragmentRoots(PackageExplorerContentProvider.java:323)
	at org.eclipse.jdt.ui.StandardJavaElementContentProvider.getChildren(StandardJavaElementContentProvider.java:183)
	at org.eclipse.jdt.internal.ui.packageview.PackageExplorerContentProvider.getChildren(PackageExplorerContentProvider.java:307)
	at org.eclipse.jdt.internal.ui.navigator.JavaNavigatorContentProvider.getChildren(JavaNavigatorContentProvider.java:169)
	at org.eclipse.jdt.internal.ui.navigator.JavaNavigatorContentProvider.getPipelinedChildren(JavaNavigatorContentProvider.java:190)
	at org.eclipse.ui.internal.navigator.extensions.SafeDelegateTreeContentProvider.getPipelinedChildren(SafeDelegateTreeContentProvider.java:172)
	at org.eclipse.ui.internal.navigator.NavigatorContentServiceContentProvider.pipelineChildren(NavigatorContentServiceContentProvider.java:212)
	at org.eclipse.ui.internal.navigator.NavigatorContentServiceContentProvider.access$1(NavigatorContentServiceContentProvider.java:198)
	at org.eclipse.ui.internal.navigator.NavigatorContentServiceContentProvider$1.run(NavigatorContentServiceContentProvider.java:166)
	at org.eclipse.core.runtime.SafeRunner.run(SafeRunner.java:42)
	at org.eclipse.ui.internal.navigator.NavigatorContentServiceContentProvider.internalGetChildren(NavigatorContentServiceContentProvider.java:143)
	at org.eclipse.ui.internal.navigator.NavigatorContentServiceContentProvider.getChildren(NavigatorContentServiceContentProvider.java:129)
	at org.eclipse.jface.viewers.AbstractTreeViewer.getRawChildren(AbstractTreeViewer.java:1365)
	at org.eclipse.jface.viewers.TreeViewer.getRawChildren(TreeViewer.java:353)
	at org.eclipse.jface.viewers.StructuredViewer.getFilteredChildren(StructuredViewer.java:906)
	at org.eclipse.jface.viewers.AbstractTreeViewer.getSortedChildren(AbstractTreeViewer.java:617)
	at org.eclipse.jface.viewers.AbstractTreeViewer$1.run(AbstractTreeViewer.java:813)
	at org.eclipse.swt.custom.BusyIndicator.showWhile(BusyIndicator.java:70)
	at org.eclipse.jface.viewers.AbstractTreeViewer.createChildren(AbstractTreeViewer.java:791)
	at org.eclipse.jface.viewers.TreeViewer.createChildren(TreeViewer.java:611)
	at org.eclipse.jface.viewers.AbstractTreeViewer.createChildren(AbstractTreeViewer.java:762)
	at org.eclipse.jface.viewers.AbstractTreeViewer.handleTreeExpand(AbstractTreeViewer.java:1493)
	at org.eclipse.jface.viewers.TreeViewer.handleTreeExpand(TreeViewer.java:903)
	at org.eclipse.jface.viewers.AbstractTreeViewer$4.treeExpanded(AbstractTreeViewer.java:1505)
	at org.eclipse.swt.widgets.TypedListener.handleEvent(TypedListener.java:132)
	at org.eclipse.swt.widgets.EventTable.sendEvent(EventTable.java:84)
	at org.eclipse.swt.widgets.Display.sendEvent(Display.java:4362)
	at org.eclipse.swt.widgets.Widget.sendEvent(Widget.java:1113)
	at org.eclipse.swt.widgets.Widget.sendEvent(Widget.java:1137)
	at org.eclipse.swt.widgets.Widget.sendEvent(Widget.java:1122)
	at org.eclipse.swt.widgets.Tree.wmNotifyChild(Tree.java:7633)
	at org.eclipse.swt.widgets.Control.wmNotify(Control.java:5690)
	at org.eclipse.swt.widgets.Composite.wmNotify(Composite.java:1956)
	at org.eclipse.swt.widgets.Control.WM_NOTIFY(Control.java:5242)
	at org.eclipse.swt.widgets.Control.windowProc(Control.java:4718)
	at org.eclipse.swt.widgets.Display.windowProc(Display.java:5050)
	at org.eclipse.swt.internal.win32.OS.CallWindowProcW(Native Method)
	at org.eclipse.swt.internal.win32.OS.CallWindowProc(OS.java:2443)
	at org.eclipse.swt.widgets.Tree.callWindowProc(Tree.java:1553)
	at org.eclipse.swt.widgets.Tree.WM_LBUTTONDOWN(Tree.java:6501)
	at org.eclipse.swt.widgets.Control.windowProc(Control.java:4698)
	at org.eclipse.swt.widgets.Tree.windowProc(Tree.java:6024)
	at org.eclipse.swt.widgets.Display.windowProc(Display.java:5050)
	at org.eclipse.swt.internal.win32.OS.DispatchMessageW(Native Method)
	at org.eclipse.swt.internal.win32.OS.DispatchMessage(OS.java:2549)
	at org.eclipse.swt.widgets.Display.readAndDispatch(Display.java:3767)
	at org.eclipse.e4.ui.internal.workbench.swt.PartRenderingEngine$4.run(PartRenderingEngine.java:1127)
	at org.eclipse.core.databinding.observable.Realm.runWithDefault(Realm.java:337)
	at org.eclipse.e4.ui.internal.workbench.swt.PartRenderingEngine.run(PartRenderingEngine.java:1018)
	at org.eclipse.e4.ui.internal.workbench.E4Workbench.createAndRunUI(E4Workbench.java:156)
	at org.eclipse.ui.internal.Workbench$5.run(Workbench.java:654)
	at org.eclipse.core.databinding.observable.Realm.runWithDefault(Realm.java:337)
	at org.eclipse.ui.internal.Workbench.createAndRunWorkbench(Workbench.java:598)
	at org.eclipse.ui.PlatformUI.createAndRunWorkbench(PlatformUI.java:150)
	at org.eclipse.ui.internal.ide.application.IDEApplication.start(IDEApplication.java:139)
	at org.eclipse.equinox.internal.app.EclipseAppHandle.run(EclipseAppHandle.java:196)
	at org.eclipse.core.runtime.internal.adaptor.EclipseAppLauncher.runApplication(EclipseAppLauncher.java:134)
	at org.eclipse.core.runtime.internal.adaptor.EclipseAppLauncher.start(EclipseAppLauncher.java:104)
	at org.eclipse.core.runtime.adaptor.EclipseStarter.run(EclipseStarter.java:380)
	at org.eclipse.core.runtime.adaptor.EclipseStarter.run(EclipseStarter.java:235)
	at sun.reflect.NativeMethodAccessorImpl.invoke0(Native Method)
	at sun.reflect.NativeMethodAccessorImpl.invoke(Unknown Source)
	at sun.reflect.DelegatingMethodAccessorImpl.invoke(Unknown Source)
	at java.lang.reflect.Method.invoke(Unknown Source)
	at org.eclipse.equinox.launcher.Main.invokeFramework(Main.java:669)
	at org.eclipse.equinox.launcher.Main.basicRun(Main.java:608)
	at org.eclipse.equinox.launcher.Main.run(Main.java:1515)

!ENTRY org.eclipse.osgi 2 0 2022-10-09 12:45:06.890
!MESSAGE While loading class "org.eclipse.m2e.jdt.internal.MavenClasspathContainerInitializer", thread "Thread[Worker-10,5,main]" timed out waiting (5002ms) for thread "Thread[Worker-3,5,main]" to finish starting bundle "org.eclipse.m2e.jdt_1.6.2.20150902-0002 [1009]". To avoid deadlock, thread "Thread[Worker-10,5,main]" is proceeding but "org.eclipse.m2e.jdt.internal.MavenClasspathContainerInitializer" may not be fully initialized.
!STACK 0
org.osgi.framework.BundleException: Unable to acquire the state change lock for the module: osgi.identity; osgi.identity="org.eclipse.m2e.jdt"; type="osgi.bundle"; version:Version="1.6.2.20150902-0002"; singleton:="true" [id=1009] STARTED [STARTED]
	at org.eclipse.osgi.container.Module.lockStateChange(Module.java:329)
	at org.eclipse.osgi.container.Module.start(Module.java:389)
	at org.eclipse.osgi.framework.util.SecureAction.start(SecureAction.java:454)
	at org.eclipse.osgi.internal.hooks.EclipseLazyStarter.postFindLocalClass(EclipseLazyStarter.java:107)
	at org.eclipse.osgi.internal.loader.classpath.ClasspathManager.findLocalClass(ClasspathManager.java:531)
	at org.eclipse.osgi.internal.loader.ModuleClassLoader.findLocalClass(ModuleClassLoader.java:324)
	at org.eclipse.osgi.internal.loader.BundleLoader.findLocalClass(BundleLoader.java:327)
	at org.eclipse.osgi.internal.loader.BundleLoader.findClassInternal(BundleLoader.java:402)
	at org.eclipse.osgi.internal.loader.BundleLoader.findClass(BundleLoader.java:352)
	at org.eclipse.osgi.internal.loader.BundleLoader.findClass(BundleLoader.java:344)
	at org.eclipse.osgi.internal.loader.ModuleClassLoader.loadClass(ModuleClassLoader.java:160)
	at java.lang.ClassLoader.loadClass(Unknown Source)
	at org.eclipse.osgi.internal.framework.EquinoxBundle.loadClass(EquinoxBundle.java:573)
	at org.eclipse.core.internal.registry.osgi.RegistryStrategyOSGI.createExecutableExtension(RegistryStrategyOSGI.java:174)
	at org.eclipse.core.internal.registry.ExtensionRegistry.createExecutableExtension(ExtensionRegistry.java:905)
	at org.eclipse.core.internal.registry.ConfigurationElement.createExecutableExtension(ConfigurationElement.java:243)
	at org.eclipse.core.internal.registry.ConfigurationElementHandle.createExecutableExtension(ConfigurationElementHandle.java:55)
	at org.eclipse.jdt.core.JavaCore.computeClasspathContainerInitializer(JavaCore.java:3345)
	at org.eclipse.jdt.core.JavaCore.getClasspathContainerInitializer(JavaCore.java:3321)
	at org.eclipse.jdt.internal.core.JavaModelManager.initializeContainer(JavaModelManager.java:2849)
	at org.eclipse.jdt.internal.core.JavaModelManager.getClasspathContainer(JavaModelManager.java:1900)
	at org.eclipse.jdt.core.JavaCore.getClasspathContainer(JavaCore.java:3298)
	at org.eclipse.jdt.internal.core.JavaProject.resolveClasspath(JavaProject.java:2693)
	at org.eclipse.jdt.internal.core.JavaProject.resolveClasspath(JavaProject.java:2857)
	at org.eclipse.jdt.internal.core.JavaProject.getResolvedClasspath(JavaProject.java:1962)
	at org.eclipse.jdt.internal.core.DeltaProcessor.createExternalArchiveDelta(DeltaProcessor.java:933)
	at org.eclipse.jdt.internal.core.DeltaProcessor.checkExternalArchiveChanges(DeltaProcessor.java:804)
	at org.eclipse.jdt.internal.core.DeltaProcessor.resourceChanged(DeltaProcessor.java:2003)
	at org.eclipse.jdt.internal.core.DeltaProcessingState.resourceChanged(DeltaProcessingState.java:477)
	at org.eclipse.core.internal.events.NotificationManager$1.run(NotificationManager.java:299)
	at org.eclipse.core.runtime.SafeRunner.run(SafeRunner.java:42)
	at org.eclipse.core.internal.events.NotificationManager.notify(NotificationManager.java:289)
	at org.eclipse.core.internal.events.NotificationManager.handleEvent(NotificationManager.java:271)
	at org.eclipse.core.internal.resources.Workspace.broadcastEvent(Workspace.java:368)
	at org.eclipse.core.internal.resources.Resource.refreshLocal(Resource.java:1592)
	at org.eclipse.rse.internal.files.ui.resources.SystemRemoteEditManager.refreshRemoteEditProject(SystemRemoteEditManager.java:794)
	at org.eclipse.rse.internal.files.ui.Activator$InitRemoteEditJob.run(Activator.java:77)
	at org.eclipse.core.internal.jobs.Worker.run(Worker.java:55)

!ENTRY org.eclipse.core.resources 4 2 2022-10-09 12:45:09.665
!MESSAGE Problems occurred when invoking code from plug-in: "org.eclipse.core.resources".
!STACK 0
java.lang.NullPointerException
	at org.eclipse.m2e.jdt.internal.MavenClasspathContainerInitializer.initialize(MavenClasspathContainerInitializer.java:46)
	at org.eclipse.jdt.internal.core.JavaModelManager.initializeContainer(JavaModelManager.java:2868)
	at org.eclipse.jdt.internal.core.JavaModelManager.getClasspathContainer(JavaModelManager.java:1900)
	at org.eclipse.jdt.core.JavaCore.getClasspathContainer(JavaCore.java:3298)
	at org.eclipse.jdt.internal.core.JavaProject.resolveClasspath(JavaProject.java:2693)
	at org.eclipse.jdt.internal.core.JavaProject.resolveClasspath(JavaProject.java:2857)
	at org.eclipse.jdt.internal.core.JavaProject.getResolvedClasspath(JavaProject.java:1962)
	at org.eclipse.jdt.internal.core.DeltaProcessor.createExternalArchiveDelta(DeltaProcessor.java:933)
	at org.eclipse.jdt.internal.core.DeltaProcessor.checkExternalArchiveChanges(DeltaProcessor.java:804)
	at org.eclipse.jdt.internal.core.DeltaProcessor.resourceChanged(DeltaProcessor.java:2003)
	at org.eclipse.jdt.internal.core.DeltaProcessingState.resourceChanged(DeltaProcessingState.java:477)
	at org.eclipse.core.internal.events.NotificationManager$1.run(NotificationManager.java:299)
	at org.eclipse.core.runtime.SafeRunner.run(SafeRunner.java:42)
	at org.eclipse.core.internal.events.NotificationManager.notify(NotificationManager.java:289)
	at org.eclipse.core.internal.events.NotificationManager.handleEvent(NotificationManager.java:271)
	at org.eclipse.core.internal.resources.Workspace.broadcastEvent(Workspace.java:368)
	at org.eclipse.core.internal.resources.Resource.refreshLocal(Resource.java:1592)
	at org.eclipse.rse.internal.files.ui.resources.SystemRemoteEditManager.refreshRemoteEditProject(SystemRemoteEditManager.java:794)
	at org.eclipse.rse.internal.files.ui.Activator$InitRemoteEditJob.run(Activator.java:77)
	at org.eclipse.core.internal.jobs.Worker.run(Worker.java:55)

!ENTRY org.eclipse.egit.ui 2 0 2022-10-09 12:45:12.573
!MESSAGE Warning: The environment variable HOME is not set. The following directory will be used to store the Git
user global configuration and to define the default location to store repositories: 'C:\Users\Intro'. If this is
not correct please set the HOME environment variable and restart Eclipse. Otherwise Git for Windows and
EGit might behave differently since they see different configuration options.
This warning can be switched off on the Team > Git > Confirmations and Warnings preference page.

!ENTRY org.eclipse.jdt.junit.core 4 4 2022-10-09 12:45:48.114
!MESSAGE Error
!STACK 0
java.lang.Exception: Unexpected TestElement type for testId '3': TestSuite: Scenario: Adding new member : Not Started - Undefined (5)
	at org.eclipse.jdt.internal.junit.model.TestRunSession$TestSessionNotifier.logUnexpectedTest(TestRunSession.java:737)
	at org.eclipse.jdt.internal.junit.model.TestRunSession$TestSessionNotifier.testStarted(TestRunSession.java:641)
	at org.eclipse.jdt.internal.junit.model.RemoteTestRunnerClient$5.run(RemoteTestRunnerClient.java:535)
	at org.eclipse.core.runtime.SafeRunner.run(SafeRunner.java:42)
	at org.eclipse.jdt.internal.junit.model.RemoteTestRunnerClient.notifyTestStarted(RemoteTestRunnerClient.java:532)
	at org.eclipse.jdt.internal.junit.model.RemoteTestRunnerClient.access$6(RemoteTestRunnerClient.java:527)
	at org.eclipse.jdt.internal.junit.model.RemoteTestRunnerClient$DefaultProcessingState.readMessage(RemoteTestRunnerClient.java:87)
	at org.eclipse.jdt.internal.junit.model.RemoteTestRunnerClient.receiveMessage(RemoteTestRunnerClient.java:375)
	at org.eclipse.jdt.internal.junit.model.RemoteTestRunnerClient.access$27(RemoteTestRunnerClient.java:374)
	at org.eclipse.jdt.internal.junit.model.RemoteTestRunnerClient$ServerConnection.run(RemoteTestRunnerClient.java:272)

!ENTRY org.eclipse.jdt.junit.core 4 4 2022-10-09 12:45:48.747
!MESSAGE Error
!STACK 0
java.lang.Exception: Unexpected TestElement type for testId '3': TestSuite: Scenario: Adding new member : Completed - Error (5)
	at org.eclipse.jdt.internal.junit.model.TestRunSession$TestSessionNotifier.logUnexpectedTest(TestRunSession.java:737)
	at org.eclipse.jdt.internal.junit.model.TestRunSession$TestSessionNotifier.testEnded(TestRunSession.java:667)
	at org.eclipse.jdt.internal.junit.model.RemoteTestRunnerClient$4.run(RemoteTestRunnerClient.java:521)
	at org.eclipse.core.runtime.SafeRunner.run(SafeRunner.java:42)
	at org.eclipse.jdt.internal.junit.model.RemoteTestRunnerClient.notifyTestEnded(RemoteTestRunnerClient.java:518)
	at org.eclipse.jdt.internal.junit.model.RemoteTestRunnerClient.access$7(RemoteTestRunnerClient.java:513)
	at org.eclipse.jdt.internal.junit.model.RemoteTestRunnerClient$DefaultProcessingState.readMessage(RemoteTestRunnerClient.java:91)
	at org.eclipse.jdt.internal.junit.model.RemoteTestRunnerClient.receiveMessage(RemoteTestRunnerClient.java:375)
	at org.eclipse.jdt.internal.junit.model.RemoteTestRunnerClient.access$27(RemoteTestRunnerClient.java:374)
	at org.eclipse.jdt.internal.junit.model.RemoteTestRunnerClient$ServerConnection.run(RemoteTestRunnerClient.java:272)

!ENTRY org.eclipse.epp.logging.aeri.ui 2 18 2022-10-09 12:46:16.950
!MESSAGE Updating the index from remote failed. Version: 1.0.0.v20150617-0732
!STACK 0
org.apache.lucene.index.IndexNotFoundException: no segments* file found in org.apache.lucene.store.MMapDirectory@C:\Users\Intro\AppData\Local\Temp\1665294376835-0 lockFactory=org.apache.lucene.store.NativeFSLockFactory@5694c76d: files: []
	at org.apache.lucene.index.SegmentInfos$FindSegmentsFile.run(SegmentInfos.java:712)
	at org.apache.lucene.index.SegmentInfos$FindSegmentsFile.run(SegmentInfos.java:593)
	at org.apache.lucene.index.SegmentInfos.read(SegmentInfos.java:359)
	at org.apache.lucene.index.IndexWriter.addIndexes(IndexWriter.java:3132)
	at org.eclipse.epp.internal.logging.aeri.ui.log.ProblemsDatabaseService.replaceContent(ProblemsDatabaseService.java:175)
	at org.eclipse.epp.internal.logging.aeri.ui.log.ProblemsDatabaseUpdateJob.run(ProblemsDatabaseUpdateJob.java:71)
	at org.eclipse.core.internal.jobs.Worker.run(Worker.java:55)

!ENTRY org.eclipse.jdt.junit.core 4 4 2022-10-09 12:46:25.436
!MESSAGE Error
!STACK 0
java.lang.Exception: Unexpected TestElement type for testId '3': TestSuite: Scenario: Adding new member : Not Started - Undefined (5)
	at org.eclipse.jdt.internal.junit.model.TestRunSession$TestSessionNotifier.logUnexpectedTest(TestRunSession.java:737)
	at org.eclipse.jdt.internal.junit.model.TestRunSession$TestSessionNotifier.testStarted(TestRunSession.java:641)
	at org.eclipse.jdt.internal.junit.model.RemoteTestRunnerClient$5.run(RemoteTestRunnerClient.java:535)
	at org.eclipse.core.runtime.SafeRunner.run(SafeRunner.java:42)
	at org.eclipse.jdt.internal.junit.model.RemoteTestRunnerClient.notifyTestStarted(RemoteTestRunnerClient.java:532)
	at org.eclipse.jdt.internal.junit.model.RemoteTestRunnerClient.access$6(RemoteTestRunnerClient.java:527)
	at org.eclipse.jdt.internal.junit.model.RemoteTestRunnerClient$DefaultProcessingState.readMessage(RemoteTestRunnerClient.java:87)
	at org.eclipse.jdt.internal.junit.model.RemoteTestRunnerClient.receiveMessage(RemoteTestRunnerClient.java:375)
	at org.eclipse.jdt.internal.junit.model.RemoteTestRunnerClient.access$27(RemoteTestRunnerClient.java:374)
	at org.eclipse.jdt.internal.junit.model.RemoteTestRunnerClient$ServerConnection.run(RemoteTestRunnerClient.java:272)

!ENTRY org.eclipse.jdt.junit.core 4 4 2022-10-09 12:46:40.234
!MESSAGE Error
!STACK 0
java.lang.Exception: Unexpected TestElement type for testId '3': TestSuite: Scenario: Adding new member : Completed - Error (5)
	at org.eclipse.jdt.internal.junit.model.TestRunSession$TestSessionNotifier.logUnexpectedTest(TestRunSession.java:737)
	at org.eclipse.jdt.internal.junit.model.TestRunSession$TestSessionNotifier.testEnded(TestRunSession.java:667)
	at org.eclipse.jdt.internal.junit.model.RemoteTestRunnerClient$4.run(RemoteTestRunnerClient.java:521)
	at org.eclipse.core.runtime.SafeRunner.run(SafeRunner.java:42)
	at org.eclipse.jdt.internal.junit.model.RemoteTestRunnerClient.notifyTestEnded(RemoteTestRunnerClient.java:518)
	at org.eclipse.jdt.internal.junit.model.RemoteTestRunnerClient.access$7(RemoteTestRunnerClient.java:513)
	at org.eclipse.jdt.internal.junit.model.RemoteTestRunnerClient$DefaultProcessingState.readMessage(RemoteTestRunnerClient.java:91)
	at org.eclipse.jdt.internal.junit.model.RemoteTestRunnerClient.receiveMessage(RemoteTestRunnerClient.java:375)
	at org.eclipse.jdt.internal.junit.model.RemoteTestRunnerClient.access$27(RemoteTestRunnerClient.java:374)
	at org.eclipse.jdt.internal.junit.model.RemoteTestRunnerClient$ServerConnection.run(RemoteTestRunnerClient.java:272)

!ENTRY org.eclipse.jdt.junit.core 4 4 2022-10-09 12:50:54.210
!MESSAGE Error
!STACK 0
java.lang.Exception: Unexpected TestElement type for testId '3': TestSuite: Scenario: Adding new member : Not Started - Undefined (5)
	at org.eclipse.jdt.internal.junit.model.TestRunSession$TestSessionNotifier.logUnexpectedTest(TestRunSession.java:737)
	at org.eclipse.jdt.internal.junit.model.TestRunSession$TestSessionNotifier.testStarted(TestRunSession.java:641)
	at org.eclipse.jdt.internal.junit.model.RemoteTestRunnerClient$5.run(RemoteTestRunnerClient.java:535)
	at org.eclipse.core.runtime.SafeRunner.run(SafeRunner.java:42)
	at org.eclipse.jdt.internal.junit.model.RemoteTestRunnerClient.notifyTestStarted(RemoteTestRunnerClient.java:532)
	at org.eclipse.jdt.internal.junit.model.RemoteTestRunnerClient.access$6(RemoteTestRunnerClient.java:527)
	at org.eclipse.jdt.internal.junit.model.RemoteTestRunnerClient$DefaultProcessingState.readMessage(RemoteTestRunnerClient.java:87)
	at org.eclipse.jdt.internal.junit.model.RemoteTestRunnerClient.receiveMessage(RemoteTestRunnerClient.java:375)
	at org.eclipse.jdt.internal.junit.model.RemoteTestRunnerClient.access$27(RemoteTestRunnerClient.java:374)
	at org.eclipse.jdt.internal.junit.model.RemoteTestRunnerClient$ServerConnection.run(RemoteTestRunnerClient.java:272)

!ENTRY org.eclipse.jdt.junit.core 4 4 2022-10-09 12:51:04.565
!MESSAGE Error
!STACK 0
java.lang.Exception: Unexpected TestElement type for testId '3': TestSuite: Scenario: Adding new member : Completed - Error (5)
	at org.eclipse.jdt.internal.junit.model.TestRunSession$TestSessionNotifier.logUnexpectedTest(TestRunSession.java:737)
	at org.eclipse.jdt.internal.junit.model.TestRunSession$TestSessionNotifier.testEnded(TestRunSession.java:667)
	at org.eclipse.jdt.internal.junit.model.RemoteTestRunnerClient$4.run(RemoteTestRunnerClient.java:521)
	at org.eclipse.core.runtime.SafeRunner.run(SafeRunner.java:42)
	at org.eclipse.jdt.internal.junit.model.RemoteTestRunnerClient.notifyTestEnded(RemoteTestRunnerClient.java:518)
	at org.eclipse.jdt.internal.junit.model.RemoteTestRunnerClient.access$7(RemoteTestRunnerClient.java:513)
	at org.eclipse.jdt.internal.junit.model.RemoteTestRunnerClient$DefaultProcessingState.readMessage(RemoteTestRunnerClient.java:91)
	at org.eclipse.jdt.internal.junit.model.RemoteTestRunnerClient.receiveMessage(RemoteTestRunnerClient.java:375)
	at org.eclipse.jdt.internal.junit.model.RemoteTestRunnerClient.access$27(RemoteTestRunnerClient.java:374)
	at org.eclipse.jdt.internal.junit.model.RemoteTestRunnerClient$ServerConnection.run(RemoteTestRunnerClient.java:272)

!ENTRY org.eclipse.jdt.junit.core 4 4 2022-10-09 12:58:34.310
!MESSAGE Error
!STACK 0
java.lang.Exception: Unexpected TestElement type for testId '3': TestSuite: Scenario: Adding new member : Not Started - Undefined (5)
	at org.eclipse.jdt.internal.junit.model.TestRunSession$TestSessionNotifier.logUnexpectedTest(TestRunSession.java:737)
	at org.eclipse.jdt.internal.junit.model.TestRunSession$TestSessionNotifier.testStarted(TestRunSession.java:641)
	at org.eclipse.jdt.internal.junit.model.RemoteTestRunnerClient$5.run(RemoteTestRunnerClient.java:535)
	at org.eclipse.core.runtime.SafeRunner.run(SafeRunner.java:42)
	at org.eclipse.jdt.internal.junit.model.RemoteTestRunnerClient.notifyTestStarted(RemoteTestRunnerClient.java:532)
	at org.eclipse.jdt.internal.junit.model.RemoteTestRunnerClient.access$6(RemoteTestRunnerClient.java:527)
	at org.eclipse.jdt.internal.junit.model.RemoteTestRunnerClient$DefaultProcessingState.readMessage(RemoteTestRunnerClient.java:87)
	at org.eclipse.jdt.internal.junit.model.RemoteTestRunnerClient.receiveMessage(RemoteTestRunnerClient.java:375)
	at org.eclipse.jdt.internal.junit.model.RemoteTestRunnerClient.access$27(RemoteTestRunnerClient.java:374)
	at org.eclipse.jdt.internal.junit.model.RemoteTestRunnerClient$ServerConnection.run(RemoteTestRunnerClient.java:272)

!ENTRY org.eclipse.jdt.junit.core 4 4 2022-10-09 12:58:42.868
!MESSAGE Error
!STACK 0
java.lang.Exception: Unexpected TestElement type for testId '3': TestSuite: Scenario: Adding new member : Completed - Error (5)
	at org.eclipse.jdt.internal.junit.model.TestRunSession$TestSessionNotifier.logUnexpectedTest(TestRunSession.java:737)
	at org.eclipse.jdt.internal.junit.model.TestRunSession$TestSessionNotifier.testEnded(TestRunSession.java:667)
	at org.eclipse.jdt.internal.junit.model.RemoteTestRunnerClient$4.run(RemoteTestRunnerClient.java:521)
	at org.eclipse.core.runtime.SafeRunner.run(SafeRunner.java:42)
	at org.eclipse.jdt.internal.junit.model.RemoteTestRunnerClient.notifyTestEnded(RemoteTestRunnerClient.java:518)
	at org.eclipse.jdt.internal.junit.model.RemoteTestRunnerClient.access$7(RemoteTestRunnerClient.java:513)
	at org.eclipse.jdt.internal.junit.model.RemoteTestRunnerClient$DefaultProcessingState.readMessage(RemoteTestRunnerClient.java:91)
	at org.eclipse.jdt.internal.junit.model.RemoteTestRunnerClient.receiveMessage(RemoteTestRunnerClient.java:375)
	at org.eclipse.jdt.internal.junit.model.RemoteTestRunnerClient.access$27(RemoteTestRunnerClient.java:374)
	at org.eclipse.jdt.internal.junit.model.RemoteTestRunnerClient$ServerConnection.run(RemoteTestRunnerClient.java:272)

!ENTRY org.eclipse.jdt.junit.core 4 4 2022-10-09 13:59:50.393
!MESSAGE Error
!STACK 0
java.lang.Exception: Unexpected TestElement type for testId '3': TestSuite: Scenario: Adding new member : Not Started - Undefined (5)
	at org.eclipse.jdt.internal.junit.model.TestRunSession$TestSessionNotifier.logUnexpectedTest(TestRunSession.java:737)
	at org.eclipse.jdt.internal.junit.model.TestRunSession$TestSessionNotifier.testStarted(TestRunSession.java:641)
	at org.eclipse.jdt.internal.junit.model.RemoteTestRunnerClient$5.run(RemoteTestRunnerClient.java:535)
	at org.eclipse.core.runtime.SafeRunner.run(SafeRunner.java:42)
	at org.eclipse.jdt.internal.junit.model.RemoteTestRunnerClient.notifyTestStarted(RemoteTestRunnerClient.java:532)
	at org.eclipse.jdt.internal.junit.model.RemoteTestRunnerClient.access$6(RemoteTestRunnerClient.java:527)
	at org.eclipse.jdt.internal.junit.model.RemoteTestRunnerClient$DefaultProcessingState.readMessage(RemoteTestRunnerClient.java:87)
	at org.eclipse.jdt.internal.junit.model.RemoteTestRunnerClient.receiveMessage(RemoteTestRunnerClient.java:375)
	at org.eclipse.jdt.internal.junit.model.RemoteTestRunnerClient.access$27(RemoteTestRunnerClient.java:374)
	at org.eclipse.jdt.internal.junit.model.RemoteTestRunnerClient$ServerConnection.run(RemoteTestRunnerClient.java:272)

!ENTRY org.eclipse.jdt.junit.core 4 4 2022-10-09 14:00:01.765
!MESSAGE Error
!STACK 0
java.lang.Exception: Unexpected TestElement type for testId '3': TestSuite: Scenario: Adding new member : Completed - Error (5)
	at org.eclipse.jdt.internal.junit.model.TestRunSession$TestSessionNotifier.logUnexpectedTest(TestRunSession.java:737)
	at org.eclipse.jdt.internal.junit.model.TestRunSession$TestSessionNotifier.testEnded(TestRunSession.java:667)
	at org.eclipse.jdt.internal.junit.model.RemoteTestRunnerClient$4.run(RemoteTestRunnerClient.java:521)
	at org.eclipse.core.runtime.SafeRunner.run(SafeRunner.java:42)
	at org.eclipse.jdt.internal.junit.model.RemoteTestRunnerClient.notifyTestEnded(RemoteTestRunnerClient.java:518)
	at org.eclipse.jdt.internal.junit.model.RemoteTestRunnerClient.access$7(RemoteTestRunnerClient.java:513)
	at org.eclipse.jdt.internal.junit.model.RemoteTestRunnerClient$DefaultProcessingState.readMessage(RemoteTestRunnerClient.java:91)
	at org.eclipse.jdt.internal.junit.model.RemoteTestRunnerClient.receiveMessage(RemoteTestRunnerClient.java:375)
	at org.eclipse.jdt.internal.junit.model.RemoteTestRunnerClient.access$27(RemoteTestRunnerClient.java:374)
	at org.eclipse.jdt.internal.junit.model.RemoteTestRunnerClient$ServerConnection.run(RemoteTestRunnerClient.java:272)

!ENTRY org.eclipse.jdt.ui 4 10001 2022-10-09 14:09:02.026
!MESSAGE Internal Error
!STACK 1
Java Model Exception: Java Model Status [C:\Program Files\Java\jre1.8.0_241\lib\rt.jar is not on its project's build path]
	at org.eclipse.jdt.internal.core.PackageFragmentRoot.getRawClasspathEntry(PackageFragmentRoot.java:562)
	at org.eclipse.jdt.internal.core.JavaElement.getJavadocBaseLocation(JavaElement.java:728)
	at org.eclipse.jdt.internal.core.BinaryType.getJavadocContents(BinaryType.java:1011)
	at org.eclipse.jdt.internal.core.BinaryMethod.getAttachedJavadoc(BinaryMethod.java:717)
	at org.eclipse.jdt.internal.ui.text.javadoc.JavadocContentAccess2.getHTMLContent(JavadocContentAccess2.java:533)
	at org.eclipse.jdt.internal.ui.text.java.ProposalInfo.extractJavadoc(ProposalInfo.java:90)
	at org.eclipse.jdt.internal.ui.text.java.ProposalInfo.computeInfo(ProposalInfo.java:75)
	at org.eclipse.jdt.internal.ui.text.java.ProposalInfo.getInfo(ProposalInfo.java:60)
	at org.eclipse.jdt.internal.ui.text.java.AbstractJavaCompletionProposal.getAdditionalProposalInfo(AbstractJavaCompletionProposal.java:582)
	at org.eclipse.jface.text.contentassist.AdditionalInfoController$3.run(AdditionalInfoController.java:106)
	at org.eclipse.core.internal.jobs.Worker.run(Worker.java:55)
!SUBENTRY 1 org.eclipse.jdt.core 4 1006 2022-10-09 14:09:02.027
!MESSAGE C:\Program Files\Java\jre1.8.0_241\lib\rt.jar is not on its project's build path

!ENTRY org.eclipse.m2e.logback.appender 2 0 2022-10-09 14:09:02.228
!MESSAGE Failed to download org.eclipse.recommenders:index::zip:0.0.0
!STACK 0
org.eclipse.aether.resolution.ArtifactResolutionException: Could not find artifact org.eclipse.recommenders:index:zip:0.0.0-SNAPSHOT in models (http://download.eclipse.org/recommenders/models/mars/)
	at org.eclipse.aether.internal.impl.DefaultArtifactResolver.resolve(DefaultArtifactResolver.java:444)
	at org.eclipse.aether.internal.impl.DefaultArtifactResolver.resolveArtifacts(DefaultArtifactResolver.java:246)
	at org.eclipse.aether.internal.impl.DefaultArtifactResolver.resolveArtifact(DefaultArtifactResolver.java:223)
	at org.eclipse.aether.internal.impl.DefaultRepositorySystem.resolveArtifact(DefaultRepositorySystem.java:294)
	at org.eclipse.recommenders.models.ModelRepository.resolveInternal(ModelRepository.java:190)
	at org.eclipse.recommenders.models.ModelRepository.resolve(ModelRepository.java:172)
	at org.eclipse.recommenders.internal.models.rcp.EclipseModelRepository.resolve(EclipseModelRepository.java:167)
	at org.eclipse.recommenders.internal.models.rcp.DownloadModelArchiveJob.run(DownloadModelArchiveJob.java:76)
	at org.eclipse.core.internal.jobs.Worker.run(Worker.java:55)
Caused by: org.eclipse.aether.transfer.ArtifactNotFoundException: Could not find artifact org.eclipse.recommenders:index:zip:0.0.0-SNAPSHOT in models (http://download.eclipse.org/recommenders/models/mars/)
	at org.eclipse.aether.connector.basic.ArtifactTransportListener.transferFailed(ArtifactTransportListener.java:39)
	at org.eclipse.aether.connector.basic.BasicRepositoryConnector$TaskRunner.run(BasicRepositoryConnector.java:355)
	at org.eclipse.aether.util.concurrency.RunnableErrorForwarder$1.run(RunnableErrorForwarder.java:67)
	at org.eclipse.aether.connector.basic.BasicRepositoryConnector$DirectExecutor.execute(BasicRepositoryConnector.java:581)
	at org.eclipse.aether.connector.basic.BasicRepositoryConnector.get(BasicRepositoryConnector.java:249)
	at org.eclipse.aether.internal.impl.DefaultArtifactResolver.performDownloads(DefaultArtifactResolver.java:520)
	at org.eclipse.aether.internal.impl.DefaultArtifactResolver.resolve(DefaultArtifactResolver.java:421)
	... 8 more

!ENTRY org.eclipse.recommenders.models.rcp 1 0 2022-10-09 14:09:02.232
!MESSAGE org.eclipse.recommenders:index::zip:0.0.0 could not be resolved from the model repositories. Are you offline?

!ENTRY org.eclipse.jdt.ui 4 10001 2022-10-09 14:09:06.516
!MESSAGE Internal Error
!STACK 1
Java Model Exception: Java Model Status [C:\Program Files\Java\jre1.8.0_241\lib\rt.jar is not on its project's build path]
	at org.eclipse.jdt.internal.core.PackageFragmentRoot.getRawClasspathEntry(PackageFragmentRoot.java:562)
	at org.eclipse.jdt.internal.core.JavaElement.getJavadocBaseLocation(JavaElement.java:728)
	at org.eclipse.jdt.internal.core.BinaryType.getJavadocContents(BinaryType.java:1011)
	at org.eclipse.jdt.internal.core.BinaryMethod.getAttachedJavadoc(BinaryMethod.java:717)
	at org.eclipse.jdt.internal.ui.text.javadoc.JavadocContentAccess2.getHTMLContent(JavadocContentAccess2.java:533)
	at org.eclipse.jdt.internal.ui.text.java.ProposalInfo.extractJavadoc(ProposalInfo.java:90)
	at org.eclipse.jdt.internal.ui.text.java.ProposalInfo.computeInfo(ProposalInfo.java:75)
	at org.eclipse.jdt.internal.ui.text.java.ProposalInfo.getInfo(ProposalInfo.java:60)
	at org.eclipse.jdt.internal.ui.text.java.AbstractJavaCompletionProposal.getAdditionalProposalInfo(AbstractJavaCompletionProposal.java:582)
	at org.eclipse.jface.text.contentassist.AdditionalInfoController$3.run(AdditionalInfoController.java:106)
	at org.eclipse.core.internal.jobs.Worker.run(Worker.java:55)
!SUBENTRY 1 org.eclipse.jdt.core 4 1006 2022-10-09 14:09:06.516
!MESSAGE C:\Program Files\Java\jre1.8.0_241\lib\rt.jar is not on its project's build path

!ENTRY org.eclipse.jdt.ui 4 10001 2022-10-09 14:09:07.999
!MESSAGE Internal Error
!STACK 1
Java Model Exception: Java Model Status [C:\Program Files\Java\jre1.8.0_241\lib\rt.jar is not on its project's build path]
	at org.eclipse.jdt.internal.core.PackageFragmentRoot.getRawClasspathEntry(PackageFragmentRoot.java:562)
	at org.eclipse.jdt.internal.core.JavaElement.getJavadocBaseLocation(JavaElement.java:728)
	at org.eclipse.jdt.internal.core.BinaryType.getJavadocContents(BinaryType.java:1011)
	at org.eclipse.jdt.internal.core.BinaryMethod.getAttachedJavadoc(BinaryMethod.java:717)
	at org.eclipse.jdt.internal.ui.text.javadoc.JavadocContentAccess2.getHTMLContent(JavadocContentAccess2.java:533)
	at org.eclipse.jdt.internal.ui.text.java.ProposalInfo.extractJavadoc(ProposalInfo.java:90)
	at org.eclipse.jdt.internal.ui.text.java.ProposalInfo.computeInfo(ProposalInfo.java:75)
	at org.eclipse.jdt.internal.ui.text.java.ProposalInfo.getInfo(ProposalInfo.java:60)
	at org.eclipse.jdt.internal.ui.text.java.AbstractJavaCompletionProposal.getAdditionalProposalInfo(AbstractJavaCompletionProposal.java:582)
	at org.eclipse.jface.text.contentassist.AdditionalInfoController$3.run(AdditionalInfoController.java:106)
	at org.eclipse.core.internal.jobs.Worker.run(Worker.java:55)
!SUBENTRY 1 org.eclipse.jdt.core 4 1006 2022-10-09 14:09:07.999
!MESSAGE C:\Program Files\Java\jre1.8.0_241\lib\rt.jar is not on its project's build path

!ENTRY org.eclipse.jdt.junit.core 4 4 2022-10-09 14:09:31.637
!MESSAGE Error
!STACK 0
java.lang.Exception: Unexpected TestElement type for testId '3': TestSuite: Scenario: Adding new member : Not Started - Undefined (5)
	at org.eclipse.jdt.internal.junit.model.TestRunSession$TestSessionNotifier.logUnexpectedTest(TestRunSession.java:737)
	at org.eclipse.jdt.internal.junit.model.TestRunSession$TestSessionNotifier.testStarted(TestRunSession.java:641)
	at org.eclipse.jdt.internal.junit.model.RemoteTestRunnerClient$5.run(RemoteTestRunnerClient.java:535)
	at org.eclipse.core.runtime.SafeRunner.run(SafeRunner.java:42)
	at org.eclipse.jdt.internal.junit.model.RemoteTestRunnerClient.notifyTestStarted(RemoteTestRunnerClient.java:532)
	at org.eclipse.jdt.internal.junit.model.RemoteTestRunnerClient.access$6(RemoteTestRunnerClient.java:527)
	at org.eclipse.jdt.internal.junit.model.RemoteTestRunnerClient$DefaultProcessingState.readMessage(RemoteTestRunnerClient.java:87)
	at org.eclipse.jdt.internal.junit.model.RemoteTestRunnerClient.receiveMessage(RemoteTestRunnerClient.java:375)
	at org.eclipse.jdt.internal.junit.model.RemoteTestRunnerClient.access$27(RemoteTestRunnerClient.java:374)
	at org.eclipse.jdt.internal.junit.model.RemoteTestRunnerClient$ServerConnection.run(RemoteTestRunnerClient.java:272)

!ENTRY org.eclipse.jdt.junit.core 4 4 2022-10-09 14:09:42.379
!MESSAGE Error
!STACK 0
java.lang.Exception: Unexpected TestElement type for testId '3': TestSuite: Scenario: Adding new member : Completed - OK (5)
	at org.eclipse.jdt.internal.junit.model.TestRunSession$TestSessionNotifier.logUnexpectedTest(TestRunSession.java:737)
	at org.eclipse.jdt.internal.junit.model.TestRunSession$TestSessionNotifier.testEnded(TestRunSession.java:667)
	at org.eclipse.jdt.internal.junit.model.RemoteTestRunnerClient$4.run(RemoteTestRunnerClient.java:521)
	at org.eclipse.core.runtime.SafeRunner.run(SafeRunner.java:42)
	at org.eclipse.jdt.internal.junit.model.RemoteTestRunnerClient.notifyTestEnded(RemoteTestRunnerClient.java:518)
	at org.eclipse.jdt.internal.junit.model.RemoteTestRunnerClient.access$7(RemoteTestRunnerClient.java:513)
	at org.eclipse.jdt.internal.junit.model.RemoteTestRunnerClient$DefaultProcessingState.readMessage(RemoteTestRunnerClient.java:91)
	at org.eclipse.jdt.internal.junit.model.RemoteTestRunnerClient.receiveMessage(RemoteTestRunnerClient.java:375)
	at org.eclipse.jdt.internal.junit.model.RemoteTestRunnerClient.access$27(RemoteTestRunnerClient.java:374)
	at org.eclipse.jdt.internal.junit.model.RemoteTestRunnerClient$ServerConnection.run(RemoteTestRunnerClient.java:272)

!ENTRY org.eclipse.jdt.junit.core 4 4 2022-10-09 14:12:11.359
!MESSAGE Error
!STACK 0
java.lang.Exception: Unexpected TestElement type for testId '3': TestSuite: Scenario: Adding new member : Not Started - Undefined (5)
	at org.eclipse.jdt.internal.junit.model.TestRunSession$TestSessionNotifier.logUnexpectedTest(TestRunSession.java:737)
	at org.eclipse.jdt.internal.junit.model.TestRunSession$TestSessionNotifier.testStarted(TestRunSession.java:641)
	at org.eclipse.jdt.internal.junit.model.RemoteTestRunnerClient$5.run(RemoteTestRunnerClient.java:535)
	at org.eclipse.core.runtime.SafeRunner.run(SafeRunner.java:42)
	at org.eclipse.jdt.internal.junit.model.RemoteTestRunnerClient.notifyTestStarted(RemoteTestRunnerClient.java:532)
	at org.eclipse.jdt.internal.junit.model.RemoteTestRunnerClient.access$6(RemoteTestRunnerClient.java:527)
	at org.eclipse.jdt.internal.junit.model.RemoteTestRunnerClient$DefaultProcessingState.readMessage(RemoteTestRunnerClient.java:87)
	at org.eclipse.jdt.internal.junit.model.RemoteTestRunnerClient.receiveMessage(RemoteTestRunnerClient.java:375)
	at org.eclipse.jdt.internal.junit.model.RemoteTestRunnerClient.access$27(RemoteTestRunnerClient.java:374)
	at org.eclipse.jdt.internal.junit.model.RemoteTestRunnerClient$ServerConnection.run(RemoteTestRunnerClient.java:272)

!ENTRY org.eclipse.jdt.junit.core 4 4 2022-10-09 14:12:20.968
!MESSAGE Error
!STACK 0
java.lang.Exception: Unexpected TestElement type for testId '3': TestSuite: Scenario: Adding new member : Completed - OK (5)
	at org.eclipse.jdt.internal.junit.model.TestRunSession$TestSessionNotifier.logUnexpectedTest(TestRunSession.java:737)
	at org.eclipse.jdt.internal.junit.model.TestRunSession$TestSessionNotifier.testEnded(TestRunSession.java:667)
	at org.eclipse.jdt.internal.junit.model.RemoteTestRunnerClient$4.run(RemoteTestRunnerClient.java:521)
	at org.eclipse.core.runtime.SafeRunner.run(SafeRunner.java:42)
	at org.eclipse.jdt.internal.junit.model.RemoteTestRunnerClient.notifyTestEnded(RemoteTestRunnerClient.java:518)
	at org.eclipse.jdt.internal.junit.model.RemoteTestRunnerClient.access$7(RemoteTestRunnerClient.java:513)
	at org.eclipse.jdt.internal.junit.model.RemoteTestRunnerClient$DefaultProcessingState.readMessage(RemoteTestRunnerClient.java:91)
	at org.eclipse.jdt.internal.junit.model.RemoteTestRunnerClient.receiveMessage(RemoteTestRunnerClient.java:375)
	at org.eclipse.jdt.internal.junit.model.RemoteTestRunnerClient.access$27(RemoteTestRunnerClient.java:374)
	at org.eclipse.jdt.internal.junit.model.RemoteTestRunnerClient$ServerConnection.run(RemoteTestRunnerClient.java:272)

!ENTRY org.eclipse.jdt.junit.core 4 4 2022-10-09 14:15:40.684
!MESSAGE Error
!STACK 0
java.lang.Exception: Unexpected TestElement type for testId '3': TestSuite: Scenario: Adding new member : Not Started - Undefined (5)
	at org.eclipse.jdt.internal.junit.model.TestRunSession$TestSessionNotifier.logUnexpectedTest(TestRunSession.java:737)
	at org.eclipse.jdt.internal.junit.model.TestRunSession$TestSessionNotifier.testStarted(TestRunSession.java:641)
	at org.eclipse.jdt.internal.junit.model.RemoteTestRunnerClient$5.run(RemoteTestRunnerClient.java:535)
	at org.eclipse.core.runtime.SafeRunner.run(SafeRunner.java:42)
	at org.eclipse.jdt.internal.junit.model.RemoteTestRunnerClient.notifyTestStarted(RemoteTestRunnerClient.java:532)
	at org.eclipse.jdt.internal.junit.model.RemoteTestRunnerClient.access$6(RemoteTestRunnerClient.java:527)
	at org.eclipse.jdt.internal.junit.model.RemoteTestRunnerClient$DefaultProcessingState.readMessage(RemoteTestRunnerClient.java:87)
	at org.eclipse.jdt.internal.junit.model.RemoteTestRunnerClient.receiveMessage(RemoteTestRunnerClient.java:375)
	at org.eclipse.jdt.internal.junit.model.RemoteTestRunnerClient.access$27(RemoteTestRunnerClient.java:374)
	at org.eclipse.jdt.internal.junit.model.RemoteTestRunnerClient$ServerConnection.run(RemoteTestRunnerClient.java:272)

!ENTRY org.eclipse.jdt.junit.core 4 4 2022-10-09 14:15:50.888
!MESSAGE Error
!STACK 0
java.lang.Exception: Unexpected TestElement type for testId '3': TestSuite: Scenario: Adding new member : Completed - OK (5)
	at org.eclipse.jdt.internal.junit.model.TestRunSession$TestSessionNotifier.logUnexpectedTest(TestRunSession.java:737)
	at org.eclipse.jdt.internal.junit.model.TestRunSession$TestSessionNotifier.testEnded(TestRunSession.java:667)
	at org.eclipse.jdt.internal.junit.model.RemoteTestRunnerClient$4.run(RemoteTestRunnerClient.java:521)
	at org.eclipse.core.runtime.SafeRunner.run(SafeRunner.java:42)
	at org.eclipse.jdt.internal.junit.model.RemoteTestRunnerClient.notifyTestEnded(RemoteTestRunnerClient.java:518)
	at org.eclipse.jdt.internal.junit.model.RemoteTestRunnerClient.access$7(RemoteTestRunnerClient.java:513)
	at org.eclipse.jdt.internal.junit.model.RemoteTestRunnerClient$DefaultProcessingState.readMessage(RemoteTestRunnerClient.java:91)
	at org.eclipse.jdt.internal.junit.model.RemoteTestRunnerClient.receiveMessage(RemoteTestRunnerClient.java:375)
	at org.eclipse.jdt.internal.junit.model.RemoteTestRunnerClient.access$27(RemoteTestRunnerClient.java:374)
	at org.eclipse.jdt.internal.junit.model.RemoteTestRunnerClient$ServerConnection.run(RemoteTestRunnerClient.java:272)

!ENTRY org.eclipse.jdt.junit.core 4 4 2022-10-09 14:18:05.971
!MESSAGE Error
!STACK 0
java.lang.Exception: Unexpected TestElement type for testId '3': TestSuite: Scenario: Adding new member : Not Started - Undefined (5)
	at org.eclipse.jdt.internal.junit.model.TestRunSession$TestSessionNotifier.logUnexpectedTest(TestRunSession.java:737)
	at org.eclipse.jdt.internal.junit.model.TestRunSession$TestSessionNotifier.testStarted(TestRunSession.java:641)
	at org.eclipse.jdt.internal.junit.model.RemoteTestRunnerClient$5.run(RemoteTestRunnerClient.java:535)
	at org.eclipse.core.runtime.SafeRunner.run(SafeRunner.java:42)
	at org.eclipse.jdt.internal.junit.model.RemoteTestRunnerClient.notifyTestStarted(RemoteTestRunnerClient.java:532)
	at org.eclipse.jdt.internal.junit.model.RemoteTestRunnerClient.access$6(RemoteTestRunnerClient.java:527)
	at org.eclipse.jdt.internal.junit.model.RemoteTestRunnerClient$DefaultProcessingState.readMessage(RemoteTestRunnerClient.java:87)
	at org.eclipse.jdt.internal.junit.model.RemoteTestRunnerClient.receiveMessage(RemoteTestRunnerClient.java:375)
	at org.eclipse.jdt.internal.junit.model.RemoteTestRunnerClient.access$27(RemoteTestRunnerClient.java:374)
	at org.eclipse.jdt.internal.junit.model.RemoteTestRunnerClient$ServerConnection.run(RemoteTestRunnerClient.java:272)

!ENTRY org.eclipse.jdt.junit.core 4 4 2022-10-09 14:18:16.690
!MESSAGE Error
!STACK 0
java.lang.Exception: Unexpected TestElement type for testId '3': TestSuite: Scenario: Adding new member : Completed - OK (5)
	at org.eclipse.jdt.internal.junit.model.TestRunSession$TestSessionNotifier.logUnexpectedTest(TestRunSession.java:737)
	at org.eclipse.jdt.internal.junit.model.TestRunSession$TestSessionNotifier.testEnded(TestRunSession.java:667)
	at org.eclipse.jdt.internal.junit.model.RemoteTestRunnerClient$4.run(RemoteTestRunnerClient.java:521)
	at org.eclipse.core.runtime.SafeRunner.run(SafeRunner.java:42)
	at org.eclipse.jdt.internal.junit.model.RemoteTestRunnerClient.notifyTestEnded(RemoteTestRunnerClient.java:518)
	at org.eclipse.jdt.internal.junit.model.RemoteTestRunnerClient.access$7(RemoteTestRunnerClient.java:513)
	at org.eclipse.jdt.internal.junit.model.RemoteTestRunnerClient$DefaultProcessingState.readMessage(RemoteTestRunnerClient.java:91)
	at org.eclipse.jdt.internal.junit.model.RemoteTestRunnerClient.receiveMessage(RemoteTestRunnerClient.java:375)
	at org.eclipse.jdt.internal.junit.model.RemoteTestRunnerClient.access$27(RemoteTestRunnerClient.java:374)
	at org.eclipse.jdt.internal.junit.model.RemoteTestRunnerClient$ServerConnection.run(RemoteTestRunnerClient.java:272)

!ENTRY org.eclipse.jdt.junit.core 4 4 2022-10-09 14:21:21.695
!MESSAGE Error
!STACK 0
java.lang.Exception: Unexpected TestElement type for testId '3': TestSuite: Scenario: Adding new member : Not Started - Undefined (5)
	at org.eclipse.jdt.internal.junit.model.TestRunSession$TestSessionNotifier.logUnexpectedTest(TestRunSession.java:737)
	at org.eclipse.jdt.internal.junit.model.TestRunSession$TestSessionNotifier.testStarted(TestRunSession.java:641)
	at org.eclipse.jdt.internal.junit.model.RemoteTestRunnerClient$5.run(RemoteTestRunnerClient.java:535)
	at org.eclipse.core.runtime.SafeRunner.run(SafeRunner.java:42)
	at org.eclipse.jdt.internal.junit.model.RemoteTestRunnerClient.notifyTestStarted(RemoteTestRunnerClient.java:532)
	at org.eclipse.jdt.internal.junit.model.RemoteTestRunnerClient.access$6(RemoteTestRunnerClient.java:527)
	at org.eclipse.jdt.internal.junit.model.RemoteTestRunnerClient$DefaultProcessingState.readMessage(RemoteTestRunnerClient.java:87)
	at org.eclipse.jdt.internal.junit.model.RemoteTestRunnerClient.receiveMessage(RemoteTestRunnerClient.java:375)
	at org.eclipse.jdt.internal.junit.model.RemoteTestRunnerClient.access$27(RemoteTestRunnerClient.java:374)
	at org.eclipse.jdt.internal.junit.model.RemoteTestRunnerClient$ServerConnection.run(RemoteTestRunnerClient.java:272)

!ENTRY org.eclipse.jdt.junit.core 4 4 2022-10-09 14:21:31.816
!MESSAGE Error
!STACK 0
java.lang.Exception: Unexpected TestElement type for testId '3': TestSuite: Scenario: Adding new member : Completed - OK (5)
	at org.eclipse.jdt.internal.junit.model.TestRunSession$TestSessionNotifier.logUnexpectedTest(TestRunSession.java:737)
	at org.eclipse.jdt.internal.junit.model.TestRunSession$TestSessionNotifier.testEnded(TestRunSession.java:667)
	at org.eclipse.jdt.internal.junit.model.RemoteTestRunnerClient$4.run(RemoteTestRunnerClient.java:521)
	at org.eclipse.core.runtime.SafeRunner.run(SafeRunner.java:42)
	at org.eclipse.jdt.internal.junit.model.RemoteTestRunnerClient.notifyTestEnded(RemoteTestRunnerClient.java:518)
	at org.eclipse.jdt.internal.junit.model.RemoteTestRunnerClient.access$7(RemoteTestRunnerClient.java:513)
	at org.eclipse.jdt.internal.junit.model.RemoteTestRunnerClient$DefaultProcessingState.readMessage(RemoteTestRunnerClient.java:91)
	at org.eclipse.jdt.internal.junit.model.RemoteTestRunnerClient.receiveMessage(RemoteTestRunnerClient.java:375)
	at org.eclipse.jdt.internal.junit.model.RemoteTestRunnerClient.access$27(RemoteTestRunnerClient.java:374)
	at org.eclipse.jdt.internal.junit.model.RemoteTestRunnerClient$ServerConnection.run(RemoteTestRunnerClient.java:272)

!ENTRY org.eclipse.jdt.junit.core 4 4 2022-10-09 14:22:50.050
!MESSAGE Error
!STACK 0
java.lang.Exception: Unexpected TestElement type for testId '3': TestSuite: Scenario: Adding new member : Not Started - Undefined (5)
	at org.eclipse.jdt.internal.junit.model.TestRunSession$TestSessionNotifier.logUnexpectedTest(TestRunSession.java:737)
	at org.eclipse.jdt.internal.junit.model.TestRunSession$TestSessionNotifier.testStarted(TestRunSession.java:641)
	at org.eclipse.jdt.internal.junit.model.RemoteTestRunnerClient$5.run(RemoteTestRunnerClient.java:535)
	at org.eclipse.core.runtime.SafeRunner.run(SafeRunner.java:42)
	at org.eclipse.jdt.internal.junit.model.RemoteTestRunnerClient.notifyTestStarted(RemoteTestRunnerClient.java:532)
	at org.eclipse.jdt.internal.junit.model.RemoteTestRunnerClient.access$6(RemoteTestRunnerClient.java:527)
	at org.eclipse.jdt.internal.junit.model.RemoteTestRunnerClient$DefaultProcessingState.readMessage(RemoteTestRunnerClient.java:87)
	at org.eclipse.jdt.internal.junit.model.RemoteTestRunnerClient.receiveMessage(RemoteTestRunnerClient.java:375)
	at org.eclipse.jdt.internal.junit.model.RemoteTestRunnerClient.access$27(RemoteTestRunnerClient.java:374)
	at org.eclipse.jdt.internal.junit.model.RemoteTestRunnerClient$ServerConnection.run(RemoteTestRunnerClient.java:272)

!ENTRY org.eclipse.jdt.junit.core 4 4 2022-10-09 14:23:00.892
!MESSAGE Error
!STACK 0
java.lang.Exception: Unexpected TestElement type for testId '3': TestSuite: Scenario: Adding new member : Completed - OK (5)
	at org.eclipse.jdt.internal.junit.model.TestRunSession$TestSessionNotifier.logUnexpectedTest(TestRunSession.java:737)
	at org.eclipse.jdt.internal.junit.model.TestRunSession$TestSessionNotifier.testEnded(TestRunSession.java:667)
	at org.eclipse.jdt.internal.junit.model.RemoteTestRunnerClient$4.run(RemoteTestRunnerClient.java:521)
	at org.eclipse.core.runtime.SafeRunner.run(SafeRunner.java:42)
	at org.eclipse.jdt.internal.junit.model.RemoteTestRunnerClient.notifyTestEnded(RemoteTestRunnerClient.java:518)
	at org.eclipse.jdt.internal.junit.model.RemoteTestRunnerClient.access$7(RemoteTestRunnerClient.java:513)
	at org.eclipse.jdt.internal.junit.model.RemoteTestRunnerClient$DefaultProcessingState.readMessage(RemoteTestRunnerClient.java:91)
	at org.eclipse.jdt.internal.junit.model.RemoteTestRunnerClient.receiveMessage(RemoteTestRunnerClient.java:375)
	at org.eclipse.jdt.internal.junit.model.RemoteTestRunnerClient.access$27(RemoteTestRunnerClient.java:374)
	at org.eclipse.jdt.internal.junit.model.RemoteTestRunnerClient$ServerConnection.run(RemoteTestRunnerClient.java:272)

!ENTRY org.eclipse.jdt.junit.core 4 4 2022-10-09 14:23:56.081
!MESSAGE Error
!STACK 0
java.lang.Exception: Unexpected TestElement type for testId '3': TestSuite: Scenario: Adding new member : Not Started - Undefined (5)
	at org.eclipse.jdt.internal.junit.model.TestRunSession$TestSessionNotifier.logUnexpectedTest(TestRunSession.java:737)
	at org.eclipse.jdt.internal.junit.model.TestRunSession$TestSessionNotifier.testStarted(TestRunSession.java:641)
	at org.eclipse.jdt.internal.junit.model.RemoteTestRunnerClient$5.run(RemoteTestRunnerClient.java:535)
	at org.eclipse.core.runtime.SafeRunner.run(SafeRunner.java:42)
	at org.eclipse.jdt.internal.junit.model.RemoteTestRunnerClient.notifyTestStarted(RemoteTestRunnerClient.java:532)
	at org.eclipse.jdt.internal.junit.model.RemoteTestRunnerClient.access$6(RemoteTestRunnerClient.java:527)
	at org.eclipse.jdt.internal.junit.model.RemoteTestRunnerClient$DefaultProcessingState.readMessage(RemoteTestRunnerClient.java:87)
	at org.eclipse.jdt.internal.junit.model.RemoteTestRunnerClient.receiveMessage(RemoteTestRunnerClient.java:375)
	at org.eclipse.jdt.internal.junit.model.RemoteTestRunnerClient.access$27(RemoteTestRunnerClient.java:374)
	at org.eclipse.jdt.internal.junit.model.RemoteTestRunnerClient$ServerConnection.run(RemoteTestRunnerClient.java:272)

!ENTRY org.eclipse.jdt.junit.core 4 4 2022-10-09 14:24:05.524
!MESSAGE Error
!STACK 0
java.lang.Exception: Unexpected TestElement type for testId '3': TestSuite: Scenario: Adding new member : Completed - OK (5)
	at org.eclipse.jdt.internal.junit.model.TestRunSession$TestSessionNotifier.logUnexpectedTest(TestRunSession.java:737)
	at org.eclipse.jdt.internal.junit.model.TestRunSession$TestSessionNotifier.testEnded(TestRunSession.java:667)
	at org.eclipse.jdt.internal.junit.model.RemoteTestRunnerClient$4.run(RemoteTestRunnerClient.java:521)
	at org.eclipse.core.runtime.SafeRunner.run(SafeRunner.java:42)
	at org.eclipse.jdt.internal.junit.model.RemoteTestRunnerClient.notifyTestEnded(RemoteTestRunnerClient.java:518)
	at org.eclipse.jdt.internal.junit.model.RemoteTestRunnerClient.access$7(RemoteTestRunnerClient.java:513)
	at org.eclipse.jdt.internal.junit.model.RemoteTestRunnerClient$DefaultProcessingState.readMessage(RemoteTestRunnerClient.java:91)
	at org.eclipse.jdt.internal.junit.model.RemoteTestRunnerClient.receiveMessage(RemoteTestRunnerClient.java:375)
	at org.eclipse.jdt.internal.junit.model.RemoteTestRunnerClient.access$27(RemoteTestRunnerClient.java:374)
	at org.eclipse.jdt.internal.junit.model.RemoteTestRunnerClient$ServerConnection.run(RemoteTestRunnerClient.java:272)

!ENTRY org.eclipse.jdt.junit.core 4 4 2022-10-09 14:45:34.510
!MESSAGE Error
!STACK 0
java.lang.Exception: Unexpected TestElement type for testId '3': TestSuite: Scenario: Adding new member : Not Started - Undefined (5)
	at org.eclipse.jdt.internal.junit.model.TestRunSession$TestSessionNotifier.logUnexpectedTest(TestRunSession.java:737)
	at org.eclipse.jdt.internal.junit.model.TestRunSession$TestSessionNotifier.testStarted(TestRunSession.java:641)
	at org.eclipse.jdt.internal.junit.model.RemoteTestRunnerClient$5.run(RemoteTestRunnerClient.java:535)
	at org.eclipse.core.runtime.SafeRunner.run(SafeRunner.java:42)
	at org.eclipse.jdt.internal.junit.model.RemoteTestRunnerClient.notifyTestStarted(RemoteTestRunnerClient.java:532)
	at org.eclipse.jdt.internal.junit.model.RemoteTestRunnerClient.access$6(RemoteTestRunnerClient.java:527)
	at org.eclipse.jdt.internal.junit.model.RemoteTestRunnerClient$DefaultProcessingState.readMessage(RemoteTestRunnerClient.java:87)
	at org.eclipse.jdt.internal.junit.model.RemoteTestRunnerClient.receiveMessage(RemoteTestRunnerClient.java:375)
	at org.eclipse.jdt.internal.junit.model.RemoteTestRunnerClient.access$27(RemoteTestRunnerClient.java:374)
	at org.eclipse.jdt.internal.junit.model.RemoteTestRunnerClient$ServerConnection.run(RemoteTestRunnerClient.java:272)

!ENTRY org.eclipse.jdt.junit.core 4 4 2022-10-09 14:45:52.571
!MESSAGE Error
!STACK 0
java.lang.Exception: Unexpected TestElement type for testId '3': TestSuite: Scenario: Adding new member : Completed - OK (5)
	at org.eclipse.jdt.internal.junit.model.TestRunSession$TestSessionNotifier.logUnexpectedTest(TestRunSession.java:737)
	at org.eclipse.jdt.internal.junit.model.TestRunSession$TestSessionNotifier.testEnded(TestRunSession.java:667)
	at org.eclipse.jdt.internal.junit.model.RemoteTestRunnerClient$4.run(RemoteTestRunnerClient.java:521)
	at org.eclipse.core.runtime.SafeRunner.run(SafeRunner.java:42)
	at org.eclipse.jdt.internal.junit.model.RemoteTestRunnerClient.notifyTestEnded(RemoteTestRunnerClient.java:518)
	at org.eclipse.jdt.internal.junit.model.RemoteTestRunnerClient.access$7(RemoteTestRunnerClient.java:513)
	at org.eclipse.jdt.internal.junit.model.RemoteTestRunnerClient$DefaultProcessingState.readMessage(RemoteTestRunnerClient.java:91)
	at org.eclipse.jdt.internal.junit.model.RemoteTestRunnerClient.receiveMessage(RemoteTestRunnerClient.java:375)
	at org.eclipse.jdt.internal.junit.model.RemoteTestRunnerClient.access$27(RemoteTestRunnerClient.java:374)
	at org.eclipse.jdt.internal.junit.model.RemoteTestRunnerClient$ServerConnection.run(RemoteTestRunnerClient.java:272)

!ENTRY org.eclipse.jdt.junit.core 4 4 2022-10-09 15:14:53.983
!MESSAGE Error
!STACK 0
java.lang.Exception: Unexpected TestElement type for testId '3': TestSuite: Scenario: Adding new member : Not Started - Undefined (5)
	at org.eclipse.jdt.internal.junit.model.TestRunSession$TestSessionNotifier.logUnexpectedTest(TestRunSession.java:737)
	at org.eclipse.jdt.internal.junit.model.TestRunSession$TestSessionNotifier.testStarted(TestRunSession.java:641)
	at org.eclipse.jdt.internal.junit.model.RemoteTestRunnerClient$5.run(RemoteTestRunnerClient.java:535)
	at org.eclipse.core.runtime.SafeRunner.run(SafeRunner.java:42)
	at org.eclipse.jdt.internal.junit.model.RemoteTestRunnerClient.notifyTestStarted(RemoteTestRunnerClient.java:532)
	at org.eclipse.jdt.internal.junit.model.RemoteTestRunnerClient.access$6(RemoteTestRunnerClient.java:527)
	at org.eclipse.jdt.internal.junit.model.RemoteTestRunnerClient$DefaultProcessingState.readMessage(RemoteTestRunnerClient.java:87)
	at org.eclipse.jdt.internal.junit.model.RemoteTestRunnerClient.receiveMessage(RemoteTestRunnerClient.java:375)
	at org.eclipse.jdt.internal.junit.model.RemoteTestRunnerClient.access$27(RemoteTestRunnerClient.java:374)
	at org.eclipse.jdt.internal.junit.model.RemoteTestRunnerClient$ServerConnection.run(RemoteTestRunnerClient.java:272)

!ENTRY org.eclipse.jdt.junit.core 4 4 2022-10-09 15:15:07.773
!MESSAGE Error
!STACK 0
java.lang.Exception: Unexpected TestElement type for testId '3': TestSuite: Scenario: Adding new member : Completed - OK (5)
	at org.eclipse.jdt.internal.junit.model.TestRunSession$TestSessionNotifier.logUnexpectedTest(TestRunSession.java:737)
	at org.eclipse.jdt.internal.junit.model.TestRunSession$TestSessionNotifier.testEnded(TestRunSession.java:667)
	at org.eclipse.jdt.internal.junit.model.RemoteTestRunnerClient$4.run(RemoteTestRunnerClient.java:521)
	at org.eclipse.core.runtime.SafeRunner.run(SafeRunner.java:42)
	at org.eclipse.jdt.internal.junit.model.RemoteTestRunnerClient.notifyTestEnded(RemoteTestRunnerClient.java:518)
	at org.eclipse.jdt.internal.junit.model.RemoteTestRunnerClient.access$7(RemoteTestRunnerClient.java:513)
	at org.eclipse.jdt.internal.junit.model.RemoteTestRunnerClient$DefaultProcessingState.readMessage(RemoteTestRunnerClient.java:91)
	at org.eclipse.jdt.internal.junit.model.RemoteTestRunnerClient.receiveMessage(RemoteTestRunnerClient.java:375)
	at org.eclipse.jdt.internal.junit.model.RemoteTestRunnerClient.access$27(RemoteTestRunnerClient.java:374)
	at org.eclipse.jdt.internal.junit.model.RemoteTestRunnerClient$ServerConnection.run(RemoteTestRunnerClient.java:272)

!ENTRY org.eclipse.jdt.junit.core 4 4 2022-10-09 15:18:34.363
!MESSAGE Error
!STACK 0
java.lang.Exception: Unexpected TestElement type for testId '3': TestSuite: Scenario: Adding new member : Not Started - Undefined (5)
	at org.eclipse.jdt.internal.junit.model.TestRunSession$TestSessionNotifier.logUnexpectedTest(TestRunSession.java:737)
	at org.eclipse.jdt.internal.junit.model.TestRunSession$TestSessionNotifier.testStarted(TestRunSession.java:641)
	at org.eclipse.jdt.internal.junit.model.RemoteTestRunnerClient$5.run(RemoteTestRunnerClient.java:535)
	at org.eclipse.core.runtime.SafeRunner.run(SafeRunner.java:42)
	at org.eclipse.jdt.internal.junit.model.RemoteTestRunnerClient.notifyTestStarted(RemoteTestRunnerClient.java:532)
	at org.eclipse.jdt.internal.junit.model.RemoteTestRunnerClient.access$6(RemoteTestRunnerClient.java:527)
	at org.eclipse.jdt.internal.junit.model.RemoteTestRunnerClient$DefaultProcessingState.readMessage(RemoteTestRunnerClient.java:87)
	at org.eclipse.jdt.internal.junit.model.RemoteTestRunnerClient.receiveMessage(RemoteTestRunnerClient.java:375)
	at org.eclipse.jdt.internal.junit.model.RemoteTestRunnerClient.access$27(RemoteTestRunnerClient.java:374)
	at org.eclipse.jdt.internal.junit.model.RemoteTestRunnerClient$ServerConnection.run(RemoteTestRunnerClient.java:272)

!ENTRY org.eclipse.jdt.junit.core 4 4 2022-10-09 15:18:50.377
!MESSAGE Error
!STACK 0
java.lang.Exception: Unexpected TestElement type for testId '3': TestSuite: Scenario: Adding new member : Completed - Error (5)
	at org.eclipse.jdt.internal.junit.model.TestRunSession$TestSessionNotifier.logUnexpectedTest(TestRunSession.java:737)
	at org.eclipse.jdt.internal.junit.model.TestRunSession$TestSessionNotifier.testEnded(TestRunSession.java:667)
	at org.eclipse.jdt.internal.junit.model.RemoteTestRunnerClient$4.run(RemoteTestRunnerClient.java:521)
	at org.eclipse.core.runtime.SafeRunner.run(SafeRunner.java:42)
	at org.eclipse.jdt.internal.junit.model.RemoteTestRunnerClient.notifyTestEnded(RemoteTestRunnerClient.java:518)
	at org.eclipse.jdt.internal.junit.model.RemoteTestRunnerClient.access$7(RemoteTestRunnerClient.java:513)
	at org.eclipse.jdt.internal.junit.model.RemoteTestRunnerClient$DefaultProcessingState.readMessage(RemoteTestRunnerClient.java:91)
	at org.eclipse.jdt.internal.junit.model.RemoteTestRunnerClient.receiveMessage(RemoteTestRunnerClient.java:375)
	at org.eclipse.jdt.internal.junit.model.RemoteTestRunnerClient.access$27(RemoteTestRunnerClient.java:374)
	at org.eclipse.jdt.internal.junit.model.RemoteTestRunnerClient$ServerConnection.run(RemoteTestRunnerClient.java:272)

!ENTRY org.eclipse.jdt.ui 4 10001 2022-10-09 15:19:29.702
!MESSAGE Internal Error
!STACK 1
Java Model Exception: Java Model Status [C:\Program Files\Java\jre1.8.0_241\lib\rt.jar is not on its project's build path]
	at org.eclipse.jdt.internal.core.PackageFragmentRoot.getRawClasspathEntry(PackageFragmentRoot.java:562)
	at org.eclipse.jdt.internal.core.JavaElement.getJavadocBaseLocation(JavaElement.java:728)
	at org.eclipse.jdt.internal.core.BinaryType.getJavadocContents(BinaryType.java:1011)
	at org.eclipse.jdt.internal.core.BinaryMethod.getAttachedJavadoc(BinaryMethod.java:717)
	at org.eclipse.jdt.internal.ui.text.javadoc.JavadocContentAccess2.getHTMLContent(JavadocContentAccess2.java:533)
	at org.eclipse.jdt.internal.ui.text.java.ProposalInfo.extractJavadoc(ProposalInfo.java:90)
	at org.eclipse.jdt.internal.ui.text.java.ProposalInfo.computeInfo(ProposalInfo.java:75)
	at org.eclipse.jdt.internal.ui.text.java.ProposalInfo.getInfo(ProposalInfo.java:60)
	at org.eclipse.jdt.internal.ui.text.java.AbstractJavaCompletionProposal.getAdditionalProposalInfo(AbstractJavaCompletionProposal.java:582)
	at org.eclipse.jface.text.contentassist.AdditionalInfoController$3.run(AdditionalInfoController.java:106)
	at org.eclipse.core.internal.jobs.Worker.run(Worker.java:55)
!SUBENTRY 1 org.eclipse.jdt.core 4 1006 2022-10-09 15:19:29.702
!MESSAGE C:\Program Files\Java\jre1.8.0_241\lib\rt.jar is not on its project's build path

!ENTRY org.eclipse.jdt.ui 4 10001 2022-10-09 15:19:29.838
!MESSAGE Internal Error
!STACK 1
Java Model Exception: Java Model Status [C:\Program Files\Java\jre1.8.0_241\lib\rt.jar is not on its project's build path]
	at org.eclipse.jdt.internal.core.PackageFragmentRoot.getRawClasspathEntry(PackageFragmentRoot.java:562)
	at org.eclipse.jdt.internal.core.JavaElement.getJavadocBaseLocation(JavaElement.java:728)
	at org.eclipse.jdt.internal.core.BinaryType.getJavadocContents(BinaryType.java:1011)
	at org.eclipse.jdt.internal.core.BinaryMethod.getAttachedJavadoc(BinaryMethod.java:717)
	at org.eclipse.jdt.internal.ui.text.javadoc.JavadocContentAccess2.getHTMLContent(JavadocContentAccess2.java:533)
	at org.eclipse.jdt.internal.ui.text.java.ProposalInfo.extractJavadoc(ProposalInfo.java:90)
	at org.eclipse.jdt.internal.ui.text.java.ProposalInfo.computeInfo(ProposalInfo.java:75)
	at org.eclipse.jdt.internal.ui.text.java.ProposalInfo.getInfo(ProposalInfo.java:60)
	at org.eclipse.jdt.internal.ui.text.java.AbstractJavaCompletionProposal.getAdditionalProposalInfo(AbstractJavaCompletionProposal.java:582)
	at org.eclipse.jface.text.contentassist.AdditionalInfoController$3.run(AdditionalInfoController.java:106)
	at org.eclipse.core.internal.jobs.Worker.run(Worker.java:55)
!SUBENTRY 1 org.eclipse.jdt.core 4 1006 2022-10-09 15:19:29.839
!MESSAGE C:\Program Files\Java\jre1.8.0_241\lib\rt.jar is not on its project's build path

!ENTRY org.eclipse.jdt.junit.core 4 4 2022-10-09 15:19:53.432
!MESSAGE Error
!STACK 0
java.lang.Exception: Unexpected TestElement type for testId '3': TestSuite: Scenario: Adding new member : Not Started - Undefined (5)
	at org.eclipse.jdt.internal.junit.model.TestRunSession$TestSessionNotifier.logUnexpectedTest(TestRunSession.java:737)
	at org.eclipse.jdt.internal.junit.model.TestRunSession$TestSessionNotifier.testStarted(TestRunSession.java:641)
	at org.eclipse.jdt.internal.junit.model.RemoteTestRunnerClient$5.run(RemoteTestRunnerClient.java:535)
	at org.eclipse.core.runtime.SafeRunner.run(SafeRunner.java:42)
	at org.eclipse.jdt.internal.junit.model.RemoteTestRunnerClient.notifyTestStarted(RemoteTestRunnerClient.java:532)
	at org.eclipse.jdt.internal.junit.model.RemoteTestRunnerClient.access$6(RemoteTestRunnerClient.java:527)
	at org.eclipse.jdt.internal.junit.model.RemoteTestRunnerClient$DefaultProcessingState.readMessage(RemoteTestRunnerClient.java:87)
	at org.eclipse.jdt.internal.junit.model.RemoteTestRunnerClient.receiveMessage(RemoteTestRunnerClient.java:375)
	at org.eclipse.jdt.internal.junit.model.RemoteTestRunnerClient.access$27(RemoteTestRunnerClient.java:374)
	at org.eclipse.jdt.internal.junit.model.RemoteTestRunnerClient$ServerConnection.run(RemoteTestRunnerClient.java:272)

!ENTRY org.eclipse.jdt.junit.core 4 4 2022-10-09 15:20:16.915
!MESSAGE Error
!STACK 0
java.lang.Exception: Unexpected TestElement type for testId '3': TestSuite: Scenario: Adding new member : Completed - OK (5)
	at org.eclipse.jdt.internal.junit.model.TestRunSession$TestSessionNotifier.logUnexpectedTest(TestRunSession.java:737)
	at org.eclipse.jdt.internal.junit.model.TestRunSession$TestSessionNotifier.testEnded(TestRunSession.java:667)
	at org.eclipse.jdt.internal.junit.model.RemoteTestRunnerClient$4.run(RemoteTestRunnerClient.java:521)
	at org.eclipse.core.runtime.SafeRunner.run(SafeRunner.java:42)
	at org.eclipse.jdt.internal.junit.model.RemoteTestRunnerClient.notifyTestEnded(RemoteTestRunnerClient.java:518)
	at org.eclipse.jdt.internal.junit.model.RemoteTestRunnerClient.access$7(RemoteTestRunnerClient.java:513)
	at org.eclipse.jdt.internal.junit.model.RemoteTestRunnerClient$DefaultProcessingState.readMessage(RemoteTestRunnerClient.java:91)
	at org.eclipse.jdt.internal.junit.model.RemoteTestRunnerClient.receiveMessage(RemoteTestRunnerClient.java:375)
	at org.eclipse.jdt.internal.junit.model.RemoteTestRunnerClient.access$27(RemoteTestRunnerClient.java:374)
	at org.eclipse.jdt.internal.junit.model.RemoteTestRunnerClient$ServerConnection.run(RemoteTestRunnerClient.java:272)

!ENTRY org.eclipse.jdt.junit.core 4 4 2022-10-09 15:22:31.165
!MESSAGE Error
!STACK 0
java.lang.Exception: Unexpected TestElement type for testId '3': TestSuite: Scenario: Adding new member : Not Started - Undefined (5)
	at org.eclipse.jdt.internal.junit.model.TestRunSession$TestSessionNotifier.logUnexpectedTest(TestRunSession.java:737)
	at org.eclipse.jdt.internal.junit.model.TestRunSession$TestSessionNotifier.testStarted(TestRunSession.java:641)
	at org.eclipse.jdt.internal.junit.model.RemoteTestRunnerClient$5.run(RemoteTestRunnerClient.java:535)
	at org.eclipse.core.runtime.SafeRunner.run(SafeRunner.java:42)
	at org.eclipse.jdt.internal.junit.model.RemoteTestRunnerClient.notifyTestStarted(RemoteTestRunnerClient.java:532)
	at org.eclipse.jdt.internal.junit.model.RemoteTestRunnerClient.access$6(RemoteTestRunnerClient.java:527)
	at org.eclipse.jdt.internal.junit.model.RemoteTestRunnerClient$DefaultProcessingState.readMessage(RemoteTestRunnerClient.java:87)
	at org.eclipse.jdt.internal.junit.model.RemoteTestRunnerClient.receiveMessage(RemoteTestRunnerClient.java:375)
	at org.eclipse.jdt.internal.junit.model.RemoteTestRunnerClient.access$27(RemoteTestRunnerClient.java:374)
	at org.eclipse.jdt.internal.junit.model.RemoteTestRunnerClient$ServerConnection.run(RemoteTestRunnerClient.java:272)

!ENTRY org.eclipse.jdt.junit.core 4 4 2022-10-09 15:22:44.964
!MESSAGE Error
!STACK 0
java.lang.Exception: Unexpected TestElement type for testId '3': TestSuite: Scenario: Adding new member : Completed - OK (5)
	at org.eclipse.jdt.internal.junit.model.TestRunSession$TestSessionNotifier.logUnexpectedTest(TestRunSession.java:737)
	at org.eclipse.jdt.internal.junit.model.TestRunSession$TestSessionNotifier.testEnded(TestRunSession.java:667)
	at org.eclipse.jdt.internal.junit.model.RemoteTestRunnerClient$4.run(RemoteTestRunnerClient.java:521)
	at org.eclipse.core.runtime.SafeRunner.run(SafeRunner.java:42)
	at org.eclipse.jdt.internal.junit.model.RemoteTestRunnerClient.notifyTestEnded(RemoteTestRunnerClient.java:518)
	at org.eclipse.jdt.internal.junit.model.RemoteTestRunnerClient.access$7(RemoteTestRunnerClient.java:513)
	at org.eclipse.jdt.internal.junit.model.RemoteTestRunnerClient$DefaultProcessingState.readMessage(RemoteTestRunnerClient.java:91)
	at org.eclipse.jdt.internal.junit.model.RemoteTestRunnerClient.receiveMessage(RemoteTestRunnerClient.java:375)
	at org.eclipse.jdt.internal.junit.model.RemoteTestRunnerClient.access$27(RemoteTestRunnerClient.java:374)
	at org.eclipse.jdt.internal.junit.model.RemoteTestRunnerClient$ServerConnection.run(RemoteTestRunnerClient.java:272)

!ENTRY org.eclipse.jdt.junit.core 4 4 2022-10-09 15:45:16.984
!MESSAGE Error
!STACK 0
java.lang.Exception: Unexpected TestElement type for testId '3': TestSuite: Scenario: Adding new member : Not Started - Undefined (5)
	at org.eclipse.jdt.internal.junit.model.TestRunSession$TestSessionNotifier.logUnexpectedTest(TestRunSession.java:737)
	at org.eclipse.jdt.internal.junit.model.TestRunSession$TestSessionNotifier.testStarted(TestRunSession.java:641)
	at org.eclipse.jdt.internal.junit.model.RemoteTestRunnerClient$5.run(RemoteTestRunnerClient.java:535)
	at org.eclipse.core.runtime.SafeRunner.run(SafeRunner.java:42)
	at org.eclipse.jdt.internal.junit.model.RemoteTestRunnerClient.notifyTestStarted(RemoteTestRunnerClient.java:532)
	at org.eclipse.jdt.internal.junit.model.RemoteTestRunnerClient.access$6(RemoteTestRunnerClient.java:527)
	at org.eclipse.jdt.internal.junit.model.RemoteTestRunnerClient$DefaultProcessingState.readMessage(RemoteTestRunnerClient.java:87)
	at org.eclipse.jdt.internal.junit.model.RemoteTestRunnerClient.receiveMessage(RemoteTestRunnerClient.java:375)
	at org.eclipse.jdt.internal.junit.model.RemoteTestRunnerClient.access$27(RemoteTestRunnerClient.java:374)
	at org.eclipse.jdt.internal.junit.model.RemoteTestRunnerClient$ServerConnection.run(RemoteTestRunnerClient.java:272)

!ENTRY org.eclipse.jdt.junit.core 4 4 2022-10-09 15:45:30.048
!MESSAGE Error
!STACK 0
java.lang.Exception: Unexpected TestElement type for testId '3': TestSuite: Scenario: Adding new member : Completed - OK (5)
	at org.eclipse.jdt.internal.junit.model.TestRunSession$TestSessionNotifier.logUnexpectedTest(TestRunSession.java:737)
	at org.eclipse.jdt.internal.junit.model.TestRunSession$TestSessionNotifier.testEnded(TestRunSession.java:667)
	at org.eclipse.jdt.internal.junit.model.RemoteTestRunnerClient$4.run(RemoteTestRunnerClient.java:521)
	at org.eclipse.core.runtime.SafeRunner.run(SafeRunner.java:42)
	at org.eclipse.jdt.internal.junit.model.RemoteTestRunnerClient.notifyTestEnded(RemoteTestRunnerClient.java:518)
	at org.eclipse.jdt.internal.junit.model.RemoteTestRunnerClient.access$7(RemoteTestRunnerClient.java:513)
	at org.eclipse.jdt.internal.junit.model.RemoteTestRunnerClient$DefaultProcessingState.readMessage(RemoteTestRunnerClient.java:91)
	at org.eclipse.jdt.internal.junit.model.RemoteTestRunnerClient.receiveMessage(RemoteTestRunnerClient.java:375)
	at org.eclipse.jdt.internal.junit.model.RemoteTestRunnerClient.access$27(RemoteTestRunnerClient.java:374)
	at org.eclipse.jdt.internal.junit.model.RemoteTestRunnerClient$ServerConnection.run(RemoteTestRunnerClient.java:272)

!ENTRY org.eclipse.jdt.junit.core 4 4 2022-10-09 15:46:48.074
!MESSAGE Error
!STACK 0
java.lang.Exception: Unexpected TestElement type for testId '3': TestSuite: Scenario: Adding new member : Not Started - Undefined (5)
	at org.eclipse.jdt.internal.junit.model.TestRunSession$TestSessionNotifier.logUnexpectedTest(TestRunSession.java:737)
	at org.eclipse.jdt.internal.junit.model.TestRunSession$TestSessionNotifier.testStarted(TestRunSession.java:641)
	at org.eclipse.jdt.internal.junit.model.RemoteTestRunnerClient$5.run(RemoteTestRunnerClient.java:535)
	at org.eclipse.core.runtime.SafeRunner.run(SafeRunner.java:42)
	at org.eclipse.jdt.internal.junit.model.RemoteTestRunnerClient.notifyTestStarted(RemoteTestRunnerClient.java:532)
	at org.eclipse.jdt.internal.junit.model.RemoteTestRunnerClient.access$6(RemoteTestRunnerClient.java:527)
	at org.eclipse.jdt.internal.junit.model.RemoteTestRunnerClient$DefaultProcessingState.readMessage(RemoteTestRunnerClient.java:87)
	at org.eclipse.jdt.internal.junit.model.RemoteTestRunnerClient.receiveMessage(RemoteTestRunnerClient.java:375)
	at org.eclipse.jdt.internal.junit.model.RemoteTestRunnerClient.access$27(RemoteTestRunnerClient.java:374)
	at org.eclipse.jdt.internal.junit.model.RemoteTestRunnerClient$ServerConnection.run(RemoteTestRunnerClient.java:272)

!ENTRY org.eclipse.jdt.junit.core 4 4 2022-10-09 15:47:02.859
!MESSAGE Error
!STACK 0
java.lang.Exception: Unexpected TestElement type for testId '3': TestSuite: Scenario: Adding new member : Completed - OK (5)
	at org.eclipse.jdt.internal.junit.model.TestRunSession$TestSessionNotifier.logUnexpectedTest(TestRunSession.java:737)
	at org.eclipse.jdt.internal.junit.model.TestRunSession$TestSessionNotifier.testEnded(TestRunSession.java:667)
	at org.eclipse.jdt.internal.junit.model.RemoteTestRunnerClient$4.run(RemoteTestRunnerClient.java:521)
	at org.eclipse.core.runtime.SafeRunner.run(SafeRunner.java:42)
	at org.eclipse.jdt.internal.junit.model.RemoteTestRunnerClient.notifyTestEnded(RemoteTestRunnerClient.java:518)
	at org.eclipse.jdt.internal.junit.model.RemoteTestRunnerClient.access$7(RemoteTestRunnerClient.java:513)
	at org.eclipse.jdt.internal.junit.model.RemoteTestRunnerClient$DefaultProcessingState.readMessage(RemoteTestRunnerClient.java:91)
	at org.eclipse.jdt.internal.junit.model.RemoteTestRunnerClient.receiveMessage(RemoteTestRunnerClient.java:375)
	at org.eclipse.jdt.internal.junit.model.RemoteTestRunnerClient.access$27(RemoteTestRunnerClient.java:374)
	at org.eclipse.jdt.internal.junit.model.RemoteTestRunnerClient$ServerConnection.run(RemoteTestRunnerClient.java:272)

!ENTRY org.eclipse.jdt.junit.core 4 4 2022-10-09 15:51:20.624
!MESSAGE Error
!STACK 0
java.lang.Exception: Unexpected TestElement type for testId '3': TestSuite: Scenario: Adding new member : Not Started - Undefined (5)
	at org.eclipse.jdt.internal.junit.model.TestRunSession$TestSessionNotifier.logUnexpectedTest(TestRunSession.java:737)
	at org.eclipse.jdt.internal.junit.model.TestRunSession$TestSessionNotifier.testStarted(TestRunSession.java:641)
	at org.eclipse.jdt.internal.junit.model.RemoteTestRunnerClient$5.run(RemoteTestRunnerClient.java:535)
	at org.eclipse.core.runtime.SafeRunner.run(SafeRunner.java:42)
	at org.eclipse.jdt.internal.junit.model.RemoteTestRunnerClient.notifyTestStarted(RemoteTestRunnerClient.java:532)
	at org.eclipse.jdt.internal.junit.model.RemoteTestRunnerClient.access$6(RemoteTestRunnerClient.java:527)
	at org.eclipse.jdt.internal.junit.model.RemoteTestRunnerClient$DefaultProcessingState.readMessage(RemoteTestRunnerClient.java:87)
	at org.eclipse.jdt.internal.junit.model.RemoteTestRunnerClient.receiveMessage(RemoteTestRunnerClient.java:375)
	at org.eclipse.jdt.internal.junit.model.RemoteTestRunnerClient.access$27(RemoteTestRunnerClient.java:374)
	at org.eclipse.jdt.internal.junit.model.RemoteTestRunnerClient$ServerConnection.run(RemoteTestRunnerClient.java:272)

!ENTRY org.eclipse.jdt.junit.core 4 4 2022-10-09 15:51:35.016
!MESSAGE Error
!STACK 0
java.lang.Exception: Unexpected TestElement type for testId '3': TestSuite: Scenario: Adding new member : Completed - OK (5)
	at org.eclipse.jdt.internal.junit.model.TestRunSession$TestSessionNotifier.logUnexpectedTest(TestRunSession.java:737)
	at org.eclipse.jdt.internal.junit.model.TestRunSession$TestSessionNotifier.testEnded(TestRunSession.java:667)
	at org.eclipse.jdt.internal.junit.model.RemoteTestRunnerClient$4.run(RemoteTestRunnerClient.java:521)
	at org.eclipse.core.runtime.SafeRunner.run(SafeRunner.java:42)
	at org.eclipse.jdt.internal.junit.model.RemoteTestRunnerClient.notifyTestEnded(RemoteTestRunnerClient.java:518)
	at org.eclipse.jdt.internal.junit.model.RemoteTestRunnerClient.access$7(RemoteTestRunnerClient.java:513)
	at org.eclipse.jdt.internal.junit.model.RemoteTestRunnerClient$DefaultProcessingState.readMessage(RemoteTestRunnerClient.java:91)
	at org.eclipse.jdt.internal.junit.model.RemoteTestRunnerClient.receiveMessage(RemoteTestRunnerClient.java:375)
	at org.eclipse.jdt.internal.junit.model.RemoteTestRunnerClient.access$27(RemoteTestRunnerClient.java:374)
	at org.eclipse.jdt.internal.junit.model.RemoteTestRunnerClient$ServerConnection.run(RemoteTestRunnerClient.java:272)

!ENTRY org.eclipse.jdt.junit.core 4 4 2022-10-09 15:57:05.837
!MESSAGE Error
!STACK 0
java.lang.Exception: Unexpected TestElement type for testId '3': TestSuite: Scenario: Adding new member : Not Started - Undefined (5)
	at org.eclipse.jdt.internal.junit.model.TestRunSession$TestSessionNotifier.logUnexpectedTest(TestRunSession.java:737)
	at org.eclipse.jdt.internal.junit.model.TestRunSession$TestSessionNotifier.testStarted(TestRunSession.java:641)
	at org.eclipse.jdt.internal.junit.model.RemoteTestRunnerClient$5.run(RemoteTestRunnerClient.java:535)
	at org.eclipse.core.runtime.SafeRunner.run(SafeRunner.java:42)
	at org.eclipse.jdt.internal.junit.model.RemoteTestRunnerClient.notifyTestStarted(RemoteTestRunnerClient.java:532)
	at org.eclipse.jdt.internal.junit.model.RemoteTestRunnerClient.access$6(RemoteTestRunnerClient.java:527)
	at org.eclipse.jdt.internal.junit.model.RemoteTestRunnerClient$DefaultProcessingState.readMessage(RemoteTestRunnerClient.java:87)
	at org.eclipse.jdt.internal.junit.model.RemoteTestRunnerClient.receiveMessage(RemoteTestRunnerClient.java:375)
	at org.eclipse.jdt.internal.junit.model.RemoteTestRunnerClient.access$27(RemoteTestRunnerClient.java:374)
	at org.eclipse.jdt.internal.junit.model.RemoteTestRunnerClient$ServerConnection.run(RemoteTestRunnerClient.java:272)

!ENTRY org.eclipse.jdt.junit.core 4 4 2022-10-09 15:57:19.153
!MESSAGE Error
!STACK 0
java.lang.Exception: Unexpected TestElement type for testId '3': TestSuite: Scenario: Adding new member : Completed - OK (5)
	at org.eclipse.jdt.internal.junit.model.TestRunSession$TestSessionNotifier.logUnexpectedTest(TestRunSession.java:737)
	at org.eclipse.jdt.internal.junit.model.TestRunSession$TestSessionNotifier.testEnded(TestRunSession.java:667)
	at org.eclipse.jdt.internal.junit.model.RemoteTestRunnerClient$4.run(RemoteTestRunnerClient.java:521)
	at org.eclipse.core.runtime.SafeRunner.run(SafeRunner.java:42)
	at org.eclipse.jdt.internal.junit.model.RemoteTestRunnerClient.notifyTestEnded(RemoteTestRunnerClient.java:518)
	at org.eclipse.jdt.internal.junit.model.RemoteTestRunnerClient.access$7(RemoteTestRunnerClient.java:513)
	at org.eclipse.jdt.internal.junit.model.RemoteTestRunnerClient$DefaultProcessingState.readMessage(RemoteTestRunnerClient.java:91)
	at org.eclipse.jdt.internal.junit.model.RemoteTestRunnerClient.receiveMessage(RemoteTestRunnerClient.java:375)
	at org.eclipse.jdt.internal.junit.model.RemoteTestRunnerClient.access$27(RemoteTestRunnerClient.java:374)
	at org.eclipse.jdt.internal.junit.model.RemoteTestRunnerClient$ServerConnection.run(RemoteTestRunnerClient.java:272)

!ENTRY org.eclipse.jdt.junit.core 4 4 2022-10-09 15:57:57.428
!MESSAGE Error
!STACK 0
java.lang.Exception: Unexpected TestElement type for testId '3': TestSuite: Scenario: Adding new member : Not Started - Undefined (5)
	at org.eclipse.jdt.internal.junit.model.TestRunSession$TestSessionNotifier.logUnexpectedTest(TestRunSession.java:737)
	at org.eclipse.jdt.internal.junit.model.TestRunSession$TestSessionNotifier.testStarted(TestRunSession.java:641)
	at org.eclipse.jdt.internal.junit.model.RemoteTestRunnerClient$5.run(RemoteTestRunnerClient.java:535)
	at org.eclipse.core.runtime.SafeRunner.run(SafeRunner.java:42)
	at org.eclipse.jdt.internal.junit.model.RemoteTestRunnerClient.notifyTestStarted(RemoteTestRunnerClient.java:532)
	at org.eclipse.jdt.internal.junit.model.RemoteTestRunnerClient.access$6(RemoteTestRunnerClient.java:527)
	at org.eclipse.jdt.internal.junit.model.RemoteTestRunnerClient$DefaultProcessingState.readMessage(RemoteTestRunnerClient.java:87)
	at org.eclipse.jdt.internal.junit.model.RemoteTestRunnerClient.receiveMessage(RemoteTestRunnerClient.java:375)
	at org.eclipse.jdt.internal.junit.model.RemoteTestRunnerClient.access$27(RemoteTestRunnerClient.java:374)
	at org.eclipse.jdt.internal.junit.model.RemoteTestRunnerClient$ServerConnection.run(RemoteTestRunnerClient.java:272)

!ENTRY org.eclipse.jdt.junit.core 4 4 2022-10-09 15:58:11.249
!MESSAGE Error
!STACK 0
java.lang.Exception: Unexpected TestElement type for testId '3': TestSuite: Scenario: Adding new member : Completed - OK (5)
	at org.eclipse.jdt.internal.junit.model.TestRunSession$TestSessionNotifier.logUnexpectedTest(TestRunSession.java:737)
	at org.eclipse.jdt.internal.junit.model.TestRunSession$TestSessionNotifier.testEnded(TestRunSession.java:667)
	at org.eclipse.jdt.internal.junit.model.RemoteTestRunnerClient$4.run(RemoteTestRunnerClient.java:521)
	at org.eclipse.core.runtime.SafeRunner.run(SafeRunner.java:42)
	at org.eclipse.jdt.internal.junit.model.RemoteTestRunnerClient.notifyTestEnded(RemoteTestRunnerClient.java:518)
	at org.eclipse.jdt.internal.junit.model.RemoteTestRunnerClient.access$7(RemoteTestRunnerClient.java:513)
	at org.eclipse.jdt.internal.junit.model.RemoteTestRunnerClient$DefaultProcessingState.readMessage(RemoteTestRunnerClient.java:91)
	at org.eclipse.jdt.internal.junit.model.RemoteTestRunnerClient.receiveMessage(RemoteTestRunnerClient.java:375)
	at org.eclipse.jdt.internal.junit.model.RemoteTestRunnerClient.access$27(RemoteTestRunnerClient.java:374)
	at org.eclipse.jdt.internal.junit.model.RemoteTestRunnerClient$ServerConnection.run(RemoteTestRunnerClient.java:272)

!ENTRY org.eclipse.jdt.junit.core 4 4 2022-10-09 15:59:33.576
!MESSAGE Error
!STACK 0
java.lang.Exception: Unexpected TestElement type for testId '3': TestSuite: Scenario: Adding new member : Not Started - Undefined (5)
	at org.eclipse.jdt.internal.junit.model.TestRunSession$TestSessionNotifier.logUnexpectedTest(TestRunSession.java:737)
	at org.eclipse.jdt.internal.junit.model.TestRunSession$TestSessionNotifier.testStarted(TestRunSession.java:641)
	at org.eclipse.jdt.internal.junit.model.RemoteTestRunnerClient$5.run(RemoteTestRunnerClient.java:535)
	at org.eclipse.core.runtime.SafeRunner.run(SafeRunner.java:42)
	at org.eclipse.jdt.internal.junit.model.RemoteTestRunnerClient.notifyTestStarted(RemoteTestRunnerClient.java:532)
	at org.eclipse.jdt.internal.junit.model.RemoteTestRunnerClient.access$6(RemoteTestRunnerClient.java:527)
	at org.eclipse.jdt.internal.junit.model.RemoteTestRunnerClient$DefaultProcessingState.readMessage(RemoteTestRunnerClient.java:87)
	at org.eclipse.jdt.internal.junit.model.RemoteTestRunnerClient.receiveMessage(RemoteTestRunnerClient.java:375)
	at org.eclipse.jdt.internal.junit.model.RemoteTestRunnerClient.access$27(RemoteTestRunnerClient.java:374)
	at org.eclipse.jdt.internal.junit.model.RemoteTestRunnerClient$ServerConnection.run(RemoteTestRunnerClient.java:272)

!ENTRY org.eclipse.jdt.junit.core 4 4 2022-10-09 15:59:52.344
!MESSAGE Error
!STACK 0
java.lang.Exception: Unexpected TestElement type for testId '3': TestSuite: Scenario: Adding new member : Completed - OK (5)
	at org.eclipse.jdt.internal.junit.model.TestRunSession$TestSessionNotifier.logUnexpectedTest(TestRunSession.java:737)
	at org.eclipse.jdt.internal.junit.model.TestRunSession$TestSessionNotifier.testEnded(TestRunSession.java:667)
	at org.eclipse.jdt.internal.junit.model.RemoteTestRunnerClient$4.run(RemoteTestRunnerClient.java:521)
	at org.eclipse.core.runtime.SafeRunner.run(SafeRunner.java:42)
	at org.eclipse.jdt.internal.junit.model.RemoteTestRunnerClient.notifyTestEnded(RemoteTestRunnerClient.java:518)
	at org.eclipse.jdt.internal.junit.model.RemoteTestRunnerClient.access$7(RemoteTestRunnerClient.java:513)
	at org.eclipse.jdt.internal.junit.model.RemoteTestRunnerClient$DefaultProcessingState.readMessage(RemoteTestRunnerClient.java:91)
	at org.eclipse.jdt.internal.junit.model.RemoteTestRunnerClient.receiveMessage(RemoteTestRunnerClient.java:375)
	at org.eclipse.jdt.internal.junit.model.RemoteTestRunnerClient.access$27(RemoteTestRunnerClient.java:374)
	at org.eclipse.jdt.internal.junit.model.RemoteTestRunnerClient$ServerConnection.run(RemoteTestRunnerClient.java:272)

!ENTRY org.eclipse.jdt.junit.core 4 4 2022-10-09 16:29:38.181
!MESSAGE Error
!STACK 0
java.lang.Exception: Unexpected TestElement type for testId '3': TestSuite: Scenario: Adding new member : Not Started - Undefined (6)
	at org.eclipse.jdt.internal.junit.model.TestRunSession$TestSessionNotifier.logUnexpectedTest(TestRunSession.java:737)
	at org.eclipse.jdt.internal.junit.model.TestRunSession$TestSessionNotifier.testStarted(TestRunSession.java:641)
	at org.eclipse.jdt.internal.junit.model.RemoteTestRunnerClient$5.run(RemoteTestRunnerClient.java:535)
	at org.eclipse.core.runtime.SafeRunner.run(SafeRunner.java:42)
	at org.eclipse.jdt.internal.junit.model.RemoteTestRunnerClient.notifyTestStarted(RemoteTestRunnerClient.java:532)
	at org.eclipse.jdt.internal.junit.model.RemoteTestRunnerClient.access$6(RemoteTestRunnerClient.java:527)
	at org.eclipse.jdt.internal.junit.model.RemoteTestRunnerClient$DefaultProcessingState.readMessage(RemoteTestRunnerClient.java:87)
	at org.eclipse.jdt.internal.junit.model.RemoteTestRunnerClient.receiveMessage(RemoteTestRunnerClient.java:375)
	at org.eclipse.jdt.internal.junit.model.RemoteTestRunnerClient.access$27(RemoteTestRunnerClient.java:374)
	at org.eclipse.jdt.internal.junit.model.RemoteTestRunnerClient$ServerConnection.run(RemoteTestRunnerClient.java:272)

!ENTRY org.eclipse.jdt.junit.core 4 4 2022-10-09 16:29:38.303
!MESSAGE Error
!STACK 0
java.lang.Exception: Unexpected TestElement type for testId '3': TestSuite: Scenario: Adding new member : Completed - OK (6)
	at org.eclipse.jdt.internal.junit.model.TestRunSession$TestSessionNotifier.logUnexpectedTest(TestRunSession.java:737)
	at org.eclipse.jdt.internal.junit.model.TestRunSession$TestSessionNotifier.testStarted(TestRunSession.java:641)
	at org.eclipse.jdt.internal.junit.model.RemoteTestRunnerClient$5.run(RemoteTestRunnerClient.java:535)
	at org.eclipse.core.runtime.SafeRunner.run(SafeRunner.java:42)
	at org.eclipse.jdt.internal.junit.model.RemoteTestRunnerClient.notifyTestStarted(RemoteTestRunnerClient.java:532)
	at org.eclipse.jdt.internal.junit.model.RemoteTestRunnerClient.access$6(RemoteTestRunnerClient.java:527)
	at org.eclipse.jdt.internal.junit.model.RemoteTestRunnerClient$DefaultProcessingState.readMessage(RemoteTestRunnerClient.java:87)
	at org.eclipse.jdt.internal.junit.model.RemoteTestRunnerClient.receiveMessage(RemoteTestRunnerClient.java:375)
	at org.eclipse.jdt.internal.junit.model.RemoteTestRunnerClient.access$27(RemoteTestRunnerClient.java:374)
	at org.eclipse.jdt.internal.junit.model.RemoteTestRunnerClient$ServerConnection.run(RemoteTestRunnerClient.java:272)

!ENTRY org.eclipse.jdt.junit.core 4 4 2022-10-09 16:29:38.316
!MESSAGE Error
!STACK 0
java.lang.Exception: Unexpected TestElement type for testId '3': TestSuite: Scenario: Adding new member : Completed - OK (6)
	at org.eclipse.jdt.internal.junit.model.TestRunSession$TestSessionNotifier.logUnexpectedTest(TestRunSession.java:737)
	at org.eclipse.jdt.internal.junit.model.TestRunSession$TestSessionNotifier.testEnded(TestRunSession.java:667)
	at org.eclipse.jdt.internal.junit.model.RemoteTestRunnerClient$4.run(RemoteTestRunnerClient.java:521)
	at org.eclipse.core.runtime.SafeRunner.run(SafeRunner.java:42)
	at org.eclipse.jdt.internal.junit.model.RemoteTestRunnerClient.notifyTestEnded(RemoteTestRunnerClient.java:518)
	at org.eclipse.jdt.internal.junit.model.RemoteTestRunnerClient.access$7(RemoteTestRunnerClient.java:513)
	at org.eclipse.jdt.internal.junit.model.RemoteTestRunnerClient$DefaultProcessingState.readMessage(RemoteTestRunnerClient.java:91)
	at org.eclipse.jdt.internal.junit.model.RemoteTestRunnerClient.receiveMessage(RemoteTestRunnerClient.java:375)
	at org.eclipse.jdt.internal.junit.model.RemoteTestRunnerClient.access$27(RemoteTestRunnerClient.java:374)
	at org.eclipse.jdt.internal.junit.model.RemoteTestRunnerClient$ServerConnection.run(RemoteTestRunnerClient.java:272)

!ENTRY org.eclipse.jdt.junit.core 4 4 2022-10-09 16:41:19.135
!MESSAGE Error
!STACK 0
java.lang.Exception: Unexpected TestElement type for testId '3': TestSuite: Scenario: Adding new member : Not Started - Undefined (6)
	at org.eclipse.jdt.internal.junit.model.TestRunSession$TestSessionNotifier.logUnexpectedTest(TestRunSession.java:737)
	at org.eclipse.jdt.internal.junit.model.TestRunSession$TestSessionNotifier.testStarted(TestRunSession.java:641)
	at org.eclipse.jdt.internal.junit.model.RemoteTestRunnerClient$5.run(RemoteTestRunnerClient.java:535)
	at org.eclipse.core.runtime.SafeRunner.run(SafeRunner.java:42)
	at org.eclipse.jdt.internal.junit.model.RemoteTestRunnerClient.notifyTestStarted(RemoteTestRunnerClient.java:532)
	at org.eclipse.jdt.internal.junit.model.RemoteTestRunnerClient.access$6(RemoteTestRunnerClient.java:527)
	at org.eclipse.jdt.internal.junit.model.RemoteTestRunnerClient$DefaultProcessingState.readMessage(RemoteTestRunnerClient.java:87)
	at org.eclipse.jdt.internal.junit.model.RemoteTestRunnerClient.receiveMessage(RemoteTestRunnerClient.java:375)
	at org.eclipse.jdt.internal.junit.model.RemoteTestRunnerClient.access$27(RemoteTestRunnerClient.java:374)
	at org.eclipse.jdt.internal.junit.model.RemoteTestRunnerClient$ServerConnection.run(RemoteTestRunnerClient.java:272)

!ENTRY org.eclipse.jdt.junit.core 4 4 2022-10-09 16:41:19.182
!MESSAGE Error
!STACK 0
java.lang.Exception: Unexpected TestElement type for testId '3': TestSuite: Scenario: Adding new member : Completed - OK (6)
	at org.eclipse.jdt.internal.junit.model.TestRunSession$TestSessionNotifier.logUnexpectedTest(TestRunSession.java:737)
	at org.eclipse.jdt.internal.junit.model.TestRunSession$TestSessionNotifier.testEnded(TestRunSession.java:667)
	at org.eclipse.jdt.internal.junit.model.RemoteTestRunnerClient$4.run(RemoteTestRunnerClient.java:521)
	at org.eclipse.core.runtime.SafeRunner.run(SafeRunner.java:42)
	at org.eclipse.jdt.internal.junit.model.RemoteTestRunnerClient.notifyTestEnded(RemoteTestRunnerClient.java:518)
	at org.eclipse.jdt.internal.junit.model.RemoteTestRunnerClient.access$7(RemoteTestRunnerClient.java:513)
	at org.eclipse.jdt.internal.junit.model.RemoteTestRunnerClient$DefaultProcessingState.readMessage(RemoteTestRunnerClient.java:91)
	at org.eclipse.jdt.internal.junit.model.RemoteTestRunnerClient.receiveMessage(RemoteTestRunnerClient.java:375)
	at org.eclipse.jdt.internal.junit.model.RemoteTestRunnerClient.access$27(RemoteTestRunnerClient.java:374)
	at org.eclipse.jdt.internal.junit.model.RemoteTestRunnerClient$ServerConnection.run(RemoteTestRunnerClient.java:272)

!ENTRY org.eclipse.jdt.junit.core 4 4 2022-10-09 16:41:36.192
!MESSAGE Error
!STACK 0
java.lang.Exception: Unexpected TestElement type for testId '3': TestSuite: Scenario: Adding new member : Not Started - Undefined (6)
	at org.eclipse.jdt.internal.junit.model.TestRunSession$TestSessionNotifier.logUnexpectedTest(TestRunSession.java:737)
	at org.eclipse.jdt.internal.junit.model.TestRunSession$TestSessionNotifier.testStarted(TestRunSession.java:641)
	at org.eclipse.jdt.internal.junit.model.RemoteTestRunnerClient$5.run(RemoteTestRunnerClient.java:535)
	at org.eclipse.core.runtime.SafeRunner.run(SafeRunner.java:42)
	at org.eclipse.jdt.internal.junit.model.RemoteTestRunnerClient.notifyTestStarted(RemoteTestRunnerClient.java:532)
	at org.eclipse.jdt.internal.junit.model.RemoteTestRunnerClient.access$6(RemoteTestRunnerClient.java:527)
	at org.eclipse.jdt.internal.junit.model.RemoteTestRunnerClient$DefaultProcessingState.readMessage(RemoteTestRunnerClient.java:87)
	at org.eclipse.jdt.internal.junit.model.RemoteTestRunnerClient.receiveMessage(RemoteTestRunnerClient.java:375)
	at org.eclipse.jdt.internal.junit.model.RemoteTestRunnerClient.access$27(RemoteTestRunnerClient.java:374)
	at org.eclipse.jdt.internal.junit.model.RemoteTestRunnerClient$ServerConnection.run(RemoteTestRunnerClient.java:272)

!ENTRY org.eclipse.jdt.junit.core 4 4 2022-10-09 16:41:56.657
!MESSAGE Error
!STACK 0
java.lang.Exception: Unexpected TestElement type for testId '3': TestSuite: Scenario: Adding new member : Completed - Failure (6)
	at org.eclipse.jdt.internal.junit.model.TestRunSession$TestSessionNotifier.logUnexpectedTest(TestRunSession.java:737)
	at org.eclipse.jdt.internal.junit.model.TestRunSession$TestSessionNotifier.testEnded(TestRunSession.java:667)
	at org.eclipse.jdt.internal.junit.model.RemoteTestRunnerClient$4.run(RemoteTestRunnerClient.java:521)
	at org.eclipse.core.runtime.SafeRunner.run(SafeRunner.java:42)
	at org.eclipse.jdt.internal.junit.model.RemoteTestRunnerClient.notifyTestEnded(RemoteTestRunnerClient.java:518)
	at org.eclipse.jdt.internal.junit.model.RemoteTestRunnerClient.access$7(RemoteTestRunnerClient.java:513)
	at org.eclipse.jdt.internal.junit.model.RemoteTestRunnerClient$DefaultProcessingState.readMessage(RemoteTestRunnerClient.java:91)
	at org.eclipse.jdt.internal.junit.model.RemoteTestRunnerClient.receiveMessage(RemoteTestRunnerClient.java:375)
	at org.eclipse.jdt.internal.junit.model.RemoteTestRunnerClient.access$27(RemoteTestRunnerClient.java:374)
	at org.eclipse.jdt.internal.junit.model.RemoteTestRunnerClient$ServerConnection.run(RemoteTestRunnerClient.java:272)

!ENTRY org.eclipse.jdt.junit.core 4 4 2022-10-09 16:45:15.302
!MESSAGE Error
!STACK 0
java.lang.Exception: Unexpected TestElement type for testId '3': TestSuite: Scenario: Adding new member : Not Started - Undefined (6)
	at org.eclipse.jdt.internal.junit.model.TestRunSession$TestSessionNotifier.logUnexpectedTest(TestRunSession.java:737)
	at org.eclipse.jdt.internal.junit.model.TestRunSession$TestSessionNotifier.testStarted(TestRunSession.java:641)
	at org.eclipse.jdt.internal.junit.model.RemoteTestRunnerClient$5.run(RemoteTestRunnerClient.java:535)
	at org.eclipse.core.runtime.SafeRunner.run(SafeRunner.java:42)
	at org.eclipse.jdt.internal.junit.model.RemoteTestRunnerClient.notifyTestStarted(RemoteTestRunnerClient.java:532)
	at org.eclipse.jdt.internal.junit.model.RemoteTestRunnerClient.access$6(RemoteTestRunnerClient.java:527)
	at org.eclipse.jdt.internal.junit.model.RemoteTestRunnerClient$DefaultProcessingState.readMessage(RemoteTestRunnerClient.java:87)
	at org.eclipse.jdt.internal.junit.model.RemoteTestRunnerClient.receiveMessage(RemoteTestRunnerClient.java:375)
	at org.eclipse.jdt.internal.junit.model.RemoteTestRunnerClient.access$27(RemoteTestRunnerClient.java:374)
	at org.eclipse.jdt.internal.junit.model.RemoteTestRunnerClient$ServerConnection.run(RemoteTestRunnerClient.java:272)

!ENTRY org.eclipse.jdt.junit.core 4 4 2022-10-09 16:45:37.061
!MESSAGE Error
!STACK 0
java.lang.Exception: Unexpected TestElement type for testId '3': TestSuite: Scenario: Adding new member : Completed - OK (6)
	at org.eclipse.jdt.internal.junit.model.TestRunSession$TestSessionNotifier.logUnexpectedTest(TestRunSession.java:737)
	at org.eclipse.jdt.internal.junit.model.TestRunSession$TestSessionNotifier.testEnded(TestRunSession.java:667)
	at org.eclipse.jdt.internal.junit.model.RemoteTestRunnerClient$4.run(RemoteTestRunnerClient.java:521)
	at org.eclipse.core.runtime.SafeRunner.run(SafeRunner.java:42)
	at org.eclipse.jdt.internal.junit.model.RemoteTestRunnerClient.notifyTestEnded(RemoteTestRunnerClient.java:518)
	at org.eclipse.jdt.internal.junit.model.RemoteTestRunnerClient.access$7(RemoteTestRunnerClient.java:513)
	at org.eclipse.jdt.internal.junit.model.RemoteTestRunnerClient$DefaultProcessingState.readMessage(RemoteTestRunnerClient.java:91)
	at org.eclipse.jdt.internal.junit.model.RemoteTestRunnerClient.receiveMessage(RemoteTestRunnerClient.java:375)
	at org.eclipse.jdt.internal.junit.model.RemoteTestRunnerClient.access$27(RemoteTestRunnerClient.java:374)
	at org.eclipse.jdt.internal.junit.model.RemoteTestRunnerClient$ServerConnection.run(RemoteTestRunnerClient.java:272)

!ENTRY org.eclipse.jdt.junit.core 4 4 2022-10-09 16:52:55.297
!MESSAGE Error
!STACK 0
java.lang.Exception: Unexpected TestElement type for testId '3': TestSuite: Scenario: Adding new member : Not Started - Undefined (6)
	at org.eclipse.jdt.internal.junit.model.TestRunSession$TestSessionNotifier.logUnexpectedTest(TestRunSession.java:737)
	at org.eclipse.jdt.internal.junit.model.TestRunSession$TestSessionNotifier.testStarted(TestRunSession.java:641)
	at org.eclipse.jdt.internal.junit.model.RemoteTestRunnerClient$5.run(RemoteTestRunnerClient.java:535)
	at org.eclipse.core.runtime.SafeRunner.run(SafeRunner.java:42)
	at org.eclipse.jdt.internal.junit.model.RemoteTestRunnerClient.notifyTestStarted(RemoteTestRunnerClient.java:532)
	at org.eclipse.jdt.internal.junit.model.RemoteTestRunnerClient.access$6(RemoteTestRunnerClient.java:527)
	at org.eclipse.jdt.internal.junit.model.RemoteTestRunnerClient$DefaultProcessingState.readMessage(RemoteTestRunnerClient.java:87)
	at org.eclipse.jdt.internal.junit.model.RemoteTestRunnerClient.receiveMessage(RemoteTestRunnerClient.java:375)
	at org.eclipse.jdt.internal.junit.model.RemoteTestRunnerClient.access$27(RemoteTestRunnerClient.java:374)
	at org.eclipse.jdt.internal.junit.model.RemoteTestRunnerClient$ServerConnection.run(RemoteTestRunnerClient.java:272)

!ENTRY org.eclipse.jdt.junit.core 4 4 2022-10-09 16:53:19.441
!MESSAGE Error
!STACK 0
java.lang.Exception: Unexpected TestElement type for testId '3': TestSuite: Scenario: Adding new member : Completed - OK (6)
	at org.eclipse.jdt.internal.junit.model.TestRunSession$TestSessionNotifier.logUnexpectedTest(TestRunSession.java:737)
	at org.eclipse.jdt.internal.junit.model.TestRunSession$TestSessionNotifier.testEnded(TestRunSession.java:667)
	at org.eclipse.jdt.internal.junit.model.RemoteTestRunnerClient$4.run(RemoteTestRunnerClient.java:521)
	at org.eclipse.core.runtime.SafeRunner.run(SafeRunner.java:42)
	at org.eclipse.jdt.internal.junit.model.RemoteTestRunnerClient.notifyTestEnded(RemoteTestRunnerClient.java:518)
	at org.eclipse.jdt.internal.junit.model.RemoteTestRunnerClient.access$7(RemoteTestRunnerClient.java:513)
	at org.eclipse.jdt.internal.junit.model.RemoteTestRunnerClient$DefaultProcessingState.readMessage(RemoteTestRunnerClient.java:91)
	at org.eclipse.jdt.internal.junit.model.RemoteTestRunnerClient.receiveMessage(RemoteTestRunnerClient.java:375)
	at org.eclipse.jdt.internal.junit.model.RemoteTestRunnerClient.access$27(RemoteTestRunnerClient.java:374)
	at org.eclipse.jdt.internal.junit.model.RemoteTestRunnerClient$ServerConnection.run(RemoteTestRunnerClient.java:272)

!ENTRY org.eclipse.jdt.ui 4 10001 2022-10-09 16:54:27.373
!MESSAGE Internal Error
!STACK 1
Java Model Exception: Java Model Status [C:\Program Files\Java\jre1.8.0_241\lib\rt.jar is not on its project's build path]
	at org.eclipse.jdt.internal.core.PackageFragmentRoot.getRawClasspathEntry(PackageFragmentRoot.java:562)
	at org.eclipse.jdt.internal.core.JavaElement.getJavadocBaseLocation(JavaElement.java:728)
	at org.eclipse.jdt.internal.core.BinaryType.getJavadocContents(BinaryType.java:1011)
	at org.eclipse.jdt.internal.core.BinaryMethod.getAttachedJavadoc(BinaryMethod.java:717)
	at org.eclipse.jdt.internal.ui.text.javadoc.JavadocContentAccess2.getHTMLContent(JavadocContentAccess2.java:533)
	at org.eclipse.jdt.internal.ui.text.java.ProposalInfo.extractJavadoc(ProposalInfo.java:90)
	at org.eclipse.jdt.internal.ui.text.java.ProposalInfo.computeInfo(ProposalInfo.java:75)
	at org.eclipse.jdt.internal.ui.text.java.ProposalInfo.getInfo(ProposalInfo.java:60)
	at org.eclipse.jdt.internal.ui.text.java.AbstractJavaCompletionProposal.getAdditionalProposalInfo(AbstractJavaCompletionProposal.java:582)
	at org.eclipse.jface.text.contentassist.AdditionalInfoController$3.run(AdditionalInfoController.java:106)
	at org.eclipse.core.internal.jobs.Worker.run(Worker.java:55)
!SUBENTRY 1 org.eclipse.jdt.core 4 1006 2022-10-09 16:54:27.374
!MESSAGE C:\Program Files\Java\jre1.8.0_241\lib\rt.jar is not on its project's build path

!ENTRY org.eclipse.jdt.ui 4 10001 2022-10-09 16:54:27.524
!MESSAGE Internal Error
!STACK 1
Java Model Exception: Java Model Status [C:\Program Files\Java\jre1.8.0_241\lib\rt.jar is not on its project's build path]
	at org.eclipse.jdt.internal.core.PackageFragmentRoot.getRawClasspathEntry(PackageFragmentRoot.java:562)
	at org.eclipse.jdt.internal.core.JavaElement.getJavadocBaseLocation(JavaElement.java:728)
	at org.eclipse.jdt.internal.core.BinaryType.getJavadocContents(BinaryType.java:1011)
	at org.eclipse.jdt.internal.core.BinaryMethod.getAttachedJavadoc(BinaryMethod.java:717)
	at org.eclipse.jdt.internal.ui.text.javadoc.JavadocContentAccess2.getHTMLContent(JavadocContentAccess2.java:533)
	at org.eclipse.jdt.internal.ui.text.java.ProposalInfo.extractJavadoc(ProposalInfo.java:90)
	at org.eclipse.jdt.internal.ui.text.java.ProposalInfo.computeInfo(ProposalInfo.java:75)
	at org.eclipse.jdt.internal.ui.text.java.ProposalInfo.getInfo(ProposalInfo.java:60)
	at org.eclipse.jdt.internal.ui.text.java.AbstractJavaCompletionProposal.getAdditionalProposalInfo(AbstractJavaCompletionProposal.java:582)
	at org.eclipse.jface.text.contentassist.AdditionalInfoController$3.run(AdditionalInfoController.java:106)
	at org.eclipse.core.internal.jobs.Worker.run(Worker.java:55)
!SUBENTRY 1 org.eclipse.jdt.core 4 1006 2022-10-09 16:54:27.524
!MESSAGE C:\Program Files\Java\jre1.8.0_241\lib\rt.jar is not on its project's build path

!ENTRY org.eclipse.jdt.junit.core 4 4 2022-10-09 16:57:15.237
!MESSAGE Error
!STACK 0
java.lang.Exception: Unexpected TestElement type for testId '3': TestSuite: Scenario: Adding new member : Not Started - Undefined (6)
	at org.eclipse.jdt.internal.junit.model.TestRunSession$TestSessionNotifier.logUnexpectedTest(TestRunSession.java:737)
	at org.eclipse.jdt.internal.junit.model.TestRunSession$TestSessionNotifier.testStarted(TestRunSession.java:641)
	at org.eclipse.jdt.internal.junit.model.RemoteTestRunnerClient$5.run(RemoteTestRunnerClient.java:535)
	at org.eclipse.core.runtime.SafeRunner.run(SafeRunner.java:42)
	at org.eclipse.jdt.internal.junit.model.RemoteTestRunnerClient.notifyTestStarted(RemoteTestRunnerClient.java:532)
	at org.eclipse.jdt.internal.junit.model.RemoteTestRunnerClient.access$6(RemoteTestRunnerClient.java:527)
	at org.eclipse.jdt.internal.junit.model.RemoteTestRunnerClient$DefaultProcessingState.readMessage(RemoteTestRunnerClient.java:87)
	at org.eclipse.jdt.internal.junit.model.RemoteTestRunnerClient.receiveMessage(RemoteTestRunnerClient.java:375)
	at org.eclipse.jdt.internal.junit.model.RemoteTestRunnerClient.access$27(RemoteTestRunnerClient.java:374)
	at org.eclipse.jdt.internal.junit.model.RemoteTestRunnerClient$ServerConnection.run(RemoteTestRunnerClient.java:272)

!ENTRY org.eclipse.jdt.junit.core 4 4 2022-10-09 16:57:37.481
!MESSAGE Error
!STACK 0
java.lang.Exception: Unexpected TestElement type for testId '3': TestSuite: Scenario: Adding new member : Completed - OK (6)
	at org.eclipse.jdt.internal.junit.model.TestRunSession$TestSessionNotifier.logUnexpectedTest(TestRunSession.java:737)
	at org.eclipse.jdt.internal.junit.model.TestRunSession$TestSessionNotifier.testEnded(TestRunSession.java:667)
	at org.eclipse.jdt.internal.junit.model.RemoteTestRunnerClient$4.run(RemoteTestRunnerClient.java:521)
	at org.eclipse.core.runtime.SafeRunner.run(SafeRunner.java:42)
	at org.eclipse.jdt.internal.junit.model.RemoteTestRunnerClient.notifyTestEnded(RemoteTestRunnerClient.java:518)
	at org.eclipse.jdt.internal.junit.model.RemoteTestRunnerClient.access$7(RemoteTestRunnerClient.java:513)
	at org.eclipse.jdt.internal.junit.model.RemoteTestRunnerClient$DefaultProcessingState.readMessage(RemoteTestRunnerClient.java:91)
	at org.eclipse.jdt.internal.junit.model.RemoteTestRunnerClient.receiveMessage(RemoteTestRunnerClient.java:375)
	at org.eclipse.jdt.internal.junit.model.RemoteTestRunnerClient.access$27(RemoteTestRunnerClient.java:374)
	at org.eclipse.jdt.internal.junit.model.RemoteTestRunnerClient$ServerConnection.run(RemoteTestRunnerClient.java:272)

!ENTRY org.eclipse.jdt.junit.core 4 4 2022-10-09 17:02:03.660
!MESSAGE Error
!STACK 0
java.lang.Exception: Unexpected TestElement type for testId '3': TestSuite: Scenario: Adding new member : Not Started - Undefined (6)
	at org.eclipse.jdt.internal.junit.model.TestRunSession$TestSessionNotifier.logUnexpectedTest(TestRunSession.java:737)
	at org.eclipse.jdt.internal.junit.model.TestRunSession$TestSessionNotifier.testStarted(TestRunSession.java:641)
	at org.eclipse.jdt.internal.junit.model.RemoteTestRunnerClient$5.run(RemoteTestRunnerClient.java:535)
	at org.eclipse.core.runtime.SafeRunner.run(SafeRunner.java:42)
	at org.eclipse.jdt.internal.junit.model.RemoteTestRunnerClient.notifyTestStarted(RemoteTestRunnerClient.java:532)
	at org.eclipse.jdt.internal.junit.model.RemoteTestRunnerClient.access$6(RemoteTestRunnerClient.java:527)
	at org.eclipse.jdt.internal.junit.model.RemoteTestRunnerClient$DefaultProcessingState.readMessage(RemoteTestRunnerClient.java:87)
	at org.eclipse.jdt.internal.junit.model.RemoteTestRunnerClient.receiveMessage(RemoteTestRunnerClient.java:375)
	at org.eclipse.jdt.internal.junit.model.RemoteTestRunnerClient.access$27(RemoteTestRunnerClient.java:374)
	at org.eclipse.jdt.internal.junit.model.RemoteTestRunnerClient$ServerConnection.run(RemoteTestRunnerClient.java:272)

!ENTRY org.eclipse.jdt.junit.core 4 4 2022-10-09 17:02:26.625
!MESSAGE Error
!STACK 0
java.lang.Exception: Unexpected TestElement type for testId '3': TestSuite: Scenario: Adding new member : Completed - OK (6)
	at org.eclipse.jdt.internal.junit.model.TestRunSession$TestSessionNotifier.logUnexpectedTest(TestRunSession.java:737)
	at org.eclipse.jdt.internal.junit.model.TestRunSession$TestSessionNotifier.testEnded(TestRunSession.java:667)
	at org.eclipse.jdt.internal.junit.model.RemoteTestRunnerClient$4.run(RemoteTestRunnerClient.java:521)
	at org.eclipse.core.runtime.SafeRunner.run(SafeRunner.java:42)
	at org.eclipse.jdt.internal.junit.model.RemoteTestRunnerClient.notifyTestEnded(RemoteTestRunnerClient.java:518)
	at org.eclipse.jdt.internal.junit.model.RemoteTestRunnerClient.access$7(RemoteTestRunnerClient.java:513)
	at org.eclipse.jdt.internal.junit.model.RemoteTestRunnerClient$DefaultProcessingState.readMessage(RemoteTestRunnerClient.java:91)
	at org.eclipse.jdt.internal.junit.model.RemoteTestRunnerClient.receiveMessage(RemoteTestRunnerClient.java:375)
	at org.eclipse.jdt.internal.junit.model.RemoteTestRunnerClient.access$27(RemoteTestRunnerClient.java:374)
	at org.eclipse.jdt.internal.junit.model.RemoteTestRunnerClient$ServerConnection.run(RemoteTestRunnerClient.java:272)

!ENTRY org.eclipse.jdt.ui 4 10001 2022-10-09 17:03:17.278
!MESSAGE Internal Error
!STACK 1
Java Model Exception: Java Model Status [C:\Program Files\Java\jre1.8.0_241\lib\rt.jar is not on its project's build path]
	at org.eclipse.jdt.internal.core.PackageFragmentRoot.getRawClasspathEntry(PackageFragmentRoot.java:562)
	at org.eclipse.jdt.internal.core.JavaElement.getJavadocBaseLocation(JavaElement.java:728)
	at org.eclipse.jdt.internal.core.BinaryType.getJavadocContents(BinaryType.java:1011)
	at org.eclipse.jdt.internal.core.BinaryMethod.getAttachedJavadoc(BinaryMethod.java:717)
	at org.eclipse.jdt.internal.ui.text.javadoc.JavadocContentAccess2.getHTMLContent(JavadocContentAccess2.java:533)
	at org.eclipse.jdt.internal.ui.text.java.ProposalInfo.extractJavadoc(ProposalInfo.java:90)
	at org.eclipse.jdt.internal.ui.text.java.ProposalInfo.computeInfo(ProposalInfo.java:75)
	at org.eclipse.jdt.internal.ui.text.java.ProposalInfo.getInfo(ProposalInfo.java:60)
	at org.eclipse.jdt.internal.ui.text.java.AbstractJavaCompletionProposal.getAdditionalProposalInfo(AbstractJavaCompletionProposal.java:582)
	at org.eclipse.jface.text.contentassist.AdditionalInfoController$3.run(AdditionalInfoController.java:106)
	at org.eclipse.core.internal.jobs.Worker.run(Worker.java:55)
!SUBENTRY 1 org.eclipse.jdt.core 4 1006 2022-10-09 17:03:17.278
!MESSAGE C:\Program Files\Java\jre1.8.0_241\lib\rt.jar is not on its project's build path

!ENTRY org.eclipse.jdt.ui 4 10001 2022-10-09 17:03:17.423
!MESSAGE Internal Error
!STACK 1
Java Model Exception: Java Model Status [C:\Program Files\Java\jre1.8.0_241\lib\rt.jar is not on its project's build path]
	at org.eclipse.jdt.internal.core.PackageFragmentRoot.getRawClasspathEntry(PackageFragmentRoot.java:562)
	at org.eclipse.jdt.internal.core.JavaElement.getJavadocBaseLocation(JavaElement.java:728)
	at org.eclipse.jdt.internal.core.BinaryType.getJavadocContents(BinaryType.java:1011)
	at org.eclipse.jdt.internal.core.BinaryMethod.getAttachedJavadoc(BinaryMethod.java:717)
	at org.eclipse.jdt.internal.ui.text.javadoc.JavadocContentAccess2.getHTMLContent(JavadocContentAccess2.java:533)
	at org.eclipse.jdt.internal.ui.text.java.ProposalInfo.extractJavadoc(ProposalInfo.java:90)
	at org.eclipse.jdt.internal.ui.text.java.ProposalInfo.computeInfo(ProposalInfo.java:75)
	at org.eclipse.jdt.internal.ui.text.java.ProposalInfo.getInfo(ProposalInfo.java:60)
	at org.eclipse.jdt.internal.ui.text.java.AbstractJavaCompletionProposal.getAdditionalProposalInfo(AbstractJavaCompletionProposal.java:582)
	at org.eclipse.jface.text.contentassist.AdditionalInfoController$3.run(AdditionalInfoController.java:106)
	at org.eclipse.core.internal.jobs.Worker.run(Worker.java:55)
!SUBENTRY 1 org.eclipse.jdt.core 4 1006 2022-10-09 17:03:17.424
!MESSAGE C:\Program Files\Java\jre1.8.0_241\lib\rt.jar is not on its project's build path

!ENTRY org.eclipse.jdt.junit.core 4 4 2022-10-09 17:03:35.022
!MESSAGE Error
!STACK 0
java.lang.Exception: Unexpected TestElement type for testId '3': TestSuite: Scenario: Adding new member : Not Started - Undefined (6)
	at org.eclipse.jdt.internal.junit.model.TestRunSession$TestSessionNotifier.logUnexpectedTest(TestRunSession.java:737)
	at org.eclipse.jdt.internal.junit.model.TestRunSession$TestSessionNotifier.testStarted(TestRunSession.java:641)
	at org.eclipse.jdt.internal.junit.model.RemoteTestRunnerClient$5.run(RemoteTestRunnerClient.java:535)
	at org.eclipse.core.runtime.SafeRunner.run(SafeRunner.java:42)
	at org.eclipse.jdt.internal.junit.model.RemoteTestRunnerClient.notifyTestStarted(RemoteTestRunnerClient.java:532)
	at org.eclipse.jdt.internal.junit.model.RemoteTestRunnerClient.access$6(RemoteTestRunnerClient.java:527)
	at org.eclipse.jdt.internal.junit.model.RemoteTestRunnerClient$DefaultProcessingState.readMessage(RemoteTestRunnerClient.java:87)
	at org.eclipse.jdt.internal.junit.model.RemoteTestRunnerClient.receiveMessage(RemoteTestRunnerClient.java:375)
	at org.eclipse.jdt.internal.junit.model.RemoteTestRunnerClient.access$27(RemoteTestRunnerClient.java:374)
	at org.eclipse.jdt.internal.junit.model.RemoteTestRunnerClient$ServerConnection.run(RemoteTestRunnerClient.java:272)

!ENTRY org.eclipse.jdt.junit.core 4 4 2022-10-09 17:03:59.389
!MESSAGE Error
!STACK 0
java.lang.Exception: Unexpected TestElement type for testId '3': TestSuite: Scenario: Adding new member : Completed - OK (6)
	at org.eclipse.jdt.internal.junit.model.TestRunSession$TestSessionNotifier.logUnexpectedTest(TestRunSession.java:737)
	at org.eclipse.jdt.internal.junit.model.TestRunSession$TestSessionNotifier.testEnded(TestRunSession.java:667)
	at org.eclipse.jdt.internal.junit.model.RemoteTestRunnerClient$4.run(RemoteTestRunnerClient.java:521)
	at org.eclipse.core.runtime.SafeRunner.run(SafeRunner.java:42)
	at org.eclipse.jdt.internal.junit.model.RemoteTestRunnerClient.notifyTestEnded(RemoteTestRunnerClient.java:518)
	at org.eclipse.jdt.internal.junit.model.RemoteTestRunnerClient.access$7(RemoteTestRunnerClient.java:513)
	at org.eclipse.jdt.internal.junit.model.RemoteTestRunnerClient$DefaultProcessingState.readMessage(RemoteTestRunnerClient.java:91)
	at org.eclipse.jdt.internal.junit.model.RemoteTestRunnerClient.receiveMessage(RemoteTestRunnerClient.java:375)
	at org.eclipse.jdt.internal.junit.model.RemoteTestRunnerClient.access$27(RemoteTestRunnerClient.java:374)
	at org.eclipse.jdt.internal.junit.model.RemoteTestRunnerClient$ServerConnection.run(RemoteTestRunnerClient.java:272)
